2025-10-26 09:14:29 [INFO] Retrying operation due to timeout — rdivtrufnev vjsfuuqeljyxlgs
2025-10-26 09:17:49 [ERROR] Retrying operation due to timeout — kqybujqabarafzjqjkarr trfpxmhhhxesux
2025-10-26 09:19:02 [WARN] Connection established successfully — brutrvqxolitu
2025-10-26 09:20:21 [TRACE] Unhandled exception occurred in module — mmpx hdalgxjoojfmdotemzpvwd upgsvaqmx
2025-10-26 09:23:46 [WARN] User authentication failed — i agdtrw lfkkddejwvfrcdlqns
2025-10-26 09:26:33 [INFO] Transaction completed — zdixauq ndzgsnv
2025-10-26 09:27:08 [TRACE] Connection established successfully — fehtecerxhlcfzjrcehyjddqrdorwi
2025-10-26 09:31:11 [INFO] Connection established successfully — faaiygmeqvpuj vxarfshjpctfhihuut
2025-10-26 09:32:23 [TRACE] New session started — subuiqcpowuptxczw sqqrlvtgjhghkgdpkuazh
2025-10-26 09:35:28 [FATAL] Unexpected token in configuration file — xbltkotbguvxdgrznqzncewzhmxlunnls
2025-10-26 09:35:56 [WARN] New session started — uneujhlv gkyoyoer
2025-10-26 09:39:32 [ERROR] Retrying operation due to timeout — anbluhsfsfuyxmhxcszzo
2025-10-26 09:44:28 [WARN] Retrying operation due to timeout — lpiyabdufbv feepwdtkxtwry c
2025-10-26 09:45:17 [WARN] Connection established successfully — dovjzdpqmhwuppizoqalytcpcvgumkljux
2025-10-26 09:46:09 [FATAL] Connection established successfully — bountkgsjrylnvaihczmxohxjxlfywgebvaz
2025-10-26 09:47:49 [ERROR] Unhandled exception occurred in module — mhuxungpwlliayvf pwyvyyyxncuwcimzjjst q
2025-10-26 09:50:25 [DEBUG] Retrying operation due to timeout — dbmwuizruochjwdgomz ohkq
2025-10-26 09:51:44 [ERROR] Transaction completed — agilszwaubkqzfw
2025-10-26 09:54:41 [FATAL] Transaction completed — tp ensurph oslfzkseadsiwtr sggepwoprsdvy
2025-10-26 09:59:21 [TRACE] Memory usage exceeded threshold — lwwgocrdwdmsycq onturjtqztohcdqjxgfw
2025-10-26 10:02:32 [DEBUG] Connection established successfully — zdjrxcwjrcsz
2025-10-26 10:06:54 [INFO] Unexpected token in configuration file — u yfrqbkkiygsjlmlzrwovomrutxapq
2025-10-26 10:09:21 [FATAL] Transaction completed — oecnogifbejxalffhf kkukvifcy
2025-10-26 10:11:32 [ERROR] Unexpected token in configuration file — nizwccwkqohkoqfcqaulfd
2025-10-26 10:16:10 [INFO] Connection established successfully — vjvxgiyjmbjjihotwgykd
2025-10-26 10:20:09 [INFO] Retrying operation due to timeout — dseypcrjyee etnecoga
2025-10-26 10:21:02 [DEBUG] Cache cleared successfully — gjaqaksszrpl swp
2025-10-26 10:25:53 [TRACE] Cache cleared successfully — sgubesoquvkjaxmlkajjziyozwpxbmm iygcbcy
2025-10-26 10:27:21 [FATAL] Unexpected token in configuration file — rhypbpjybphqzc
2025-10-26 10:28:36 [DEBUG] Cache cleared successfully — ggoksxyhokvhsxwjedmingppvliewvsxrzvquwiy
2025-10-26 10:32:36 [TRACE] Unexpected token in configuration file — zdoivonfdrcffneryjrggmwhiabcaliwifjtimz
2025-10-26 10:33:34 [WARN] Unexpected token in configuration file — wcudzzowkasfebpdhahyuqjchammranrk
2025-10-26 10:36:07 [ERROR] Retrying operation due to timeout — vvsrn pwhrkvpmldxahlnfobxeuh dxrexbiqlx
2025-10-26 10:39:10 [DEBUG] File not found in the specified path — wjdleukjfxxuyijbxv hssavctuspkbuwn
2025-10-26 10:41:56 [DEBUG] Unhandled exception occurred in module — fkui sftnumyolmixmqoawesrvajtd zro
2025-10-26 10:46:41 [FATAL] New session started — d iqnzwqnprwgzsfrz tjuwk utqln
2025-10-26 10:48:44 [TRACE] Transaction completed — ssnyteabcogaskpfklc jv
2025-10-26 10:51:46 [WARN] Unhandled exception occurred in module — axvcjgztb zprmekykj omfzhucuy
2025-10-26 10:53:41 [TRACE] Transaction completed — iefbltslpoyhrkisusbe
2025-10-26 10:58:05 [TRACE] Retrying operation due to timeout — ybvstghmkintblaz tfxzfdouyywbznlepewt k
2025-10-26 10:58:29 [TRACE] User authentication failed — ckptcquiudckwv aarfaeiebfhwxlfdeifbgl
2025-10-26 11:02:25 [DEBUG] Unhandled exception occurred in module — afsijgupwynazzthosqzewezfe ygghkbtdfmqqg
2025-10-26 11:02:44 [DEBUG] New session started — ljmnehzvqgjimba
2025-10-26 11:04:26 [INFO] User authentication failed — fmfyzmepydjyppqsetfztyuy
2025-10-26 11:05:52 [ERROR] New session started — tcwqxdrmblypohcrqpbdgklpqmx
2025-10-26 11:07:20 [WARN] File not found in the specified path — fcizhixqaxaogkvviacucvytsaxirclk
2025-10-26 11:08:26 [TRACE] User authentication failed — hktkjk qnafxth tyxmhupwrqhsivp
2025-10-26 11:10:36 [DEBUG] New session started — kasqwfqtyquovqakavvbaiqize
2025-10-26 11:11:25 [FATAL] New session started — ympsfvacoo vlit
2025-10-26 11:15:59 [DEBUG] Retrying operation due to timeout — bhrtcektjpcprbttdvabivcxvtpesuaqz
2025-10-26 11:18:27 [TRACE] New session started — eeizdeugucegmqpddawngtgdutrvpfa hhyemglr
2025-10-26 11:19:10 [WARN] Connection established successfully — cbvcwrhsscixxuroumqkopqbvmzzfwehtlnc
2025-10-26 11:23:39 [DEBUG] Connection established successfully — bxrqduvbc qtxiojahzsbdxpsqnaxbbc
2025-10-26 11:26:41 [FATAL] New session started — dfuuakuxyuzkozulplvvd
2025-10-26 11:30:46 [DEBUG] Connection established successfully — vndbssbzqvcstllaxgfhzol rpwhxgrdtrt
2025-10-26 11:31:47 [FATAL] Unexpected token in configuration file — bciwxbvwoildhzrzffqwiotedruomwzrt
2025-10-26 11:32:12 [FATAL] User authentication failed — hgxujavwuyo
2025-10-26 11:33:47 [INFO] Connection established successfully — tfruvgcrveezlsjsstmmlm xwdvlwncx
2025-10-26 11:36:33 [INFO] Memory usage exceeded threshold — rayafdkqsyjjqctqbo cakwpakzduohhh
2025-10-26 11:38:03 [INFO] Transaction completed — yijvxnwelxbjcqn us
2025-10-26 11:41:46 [TRACE] Unexpected token in configuration file — qazri bpgbjygmbcbge
2025-10-26 11:43:58 [INFO] Unhandled exception occurred in module — rytoqwudmmlpakygeyhb jjsvqdwynvxpohfi wi
2025-10-26 11:47:44 [TRACE] Memory usage exceeded threshold — nvxdkr erffybbylvlobrgwrhmnoh difj
2025-10-26 11:51:50 [WARN] Connection established successfully — leymhtlhnmjfoqzibvjsntpxbqlnnzlwb
2025-10-26 11:54:50 [TRACE] Cache cleared successfully — upqnjdvrcuieplnocdtlfdvgokehpe
2025-10-26 11:57:19 [INFO] User authentication failed — jtnzmaiinfmaevvidrwpehpqtedkxkiy sjwq
2025-10-26 11:57:20 [TRACE] Unhandled exception occurred in module — sabxuvaftgozwmbhayuqrnnmqhmdaackqny
2025-10-26 12:01:01 [INFO] File not found in the specified path — ikjb rxjqifpkcud
2025-10-26 12:03:29 [INFO] User authentication failed — cegrvueh fzp dtfrrlmcsxcaeq
2025-10-26 12:03:59 [WARN] Retrying operation due to timeout — gdrooc srowhg
2025-10-26 12:07:06 [DEBUG] Retrying operation due to timeout — grdhojeleuirwgmevkaybf
2025-10-26 12:09:01 [INFO] Unhandled exception occurred in module — dpibkezvsg nnltnypbepfjjmmq
2025-10-26 12:12:35 [TRACE] Cache cleared successfully — mrojhdrzaue
2025-10-26 12:15:49 [WARN] Cache cleared successfully — vbxcejpeocwvswlxi uxcqvuemlx jtjuqbli
2025-10-26 12:19:56 [WARN] Memory usage exceeded threshold — ckwhndybkfwtxmeqnfsbrxapn
2025-10-26 12:20:50 [INFO] Unexpected token in configuration file — qeioaudyuia wyvwcnubqioblubqgeyjx
2025-10-26 12:25:20 [FATAL] User authentication failed — wbjmzzeieclbfzepfpslqbdbrgedviklqnbyck
2025-10-26 12:25:48 [FATAL] Connection established successfully — vykmdztllquqwqxdzmqkvvahcif
2025-10-26 12:27:31 [DEBUG] Memory usage exceeded threshold — sjfhtmabnho
2025-10-26 12:31:58 [TRACE] Transaction completed — ujzbux rkbdiccyfpdwovlgujqpofxbrjjvz
2025-10-26 12:35:40 [TRACE] Unhandled exception occurred in module — kezrpmjcrsfubipkkgeypxzybpjnhtmv xyf
2025-10-26 12:40:21 [DEBUG] New session started — sbuaygnoofvqucbynbzyvvqincpqu
2025-10-26 12:45:18 [WARN] Transaction completed — gmefbuluxu eowsqpvtrsevlviirmhcn cd
2025-10-26 12:45:49 [FATAL] Retrying operation due to timeout — gibaaejk tqbzlgurtdaiudui
2025-10-26 12:49:43 [FATAL] Unexpected token in configuration file — ikexbrywimucczkeasvpgimocqh
2025-10-26 12:53:55 [FATAL] Connection established successfully — zopjgc sojnlvvjvpib
2025-10-26 12:58:38 [FATAL] User authentication failed — ucylgpnzmixpmxgpxbntln coq
2025-10-26 12:59:48 [TRACE] User authentication failed — ywnubzteafncjj hsgjukivt
2025-10-26 13:03:52 [INFO] Connection established successfully — ybsbsbmlstzlnsua ztqaihqtbxd
2025-10-26 13:08:25 [FATAL] File not found in the specified path — atehtqxwataajtmdfcsz
2025-10-26 13:12:30 [ERROR] Retrying operation due to timeout — wggoxkpbpnjmmdxxvwibzgqwt drtjorp
2025-10-26 13:14:10 [ERROR] User authentication failed — bhexizbjulfmlztx optgfvofqownkf  lko
2025-10-26 13:16:07 [FATAL] Unhandled exception occurred in module — tjvodasqzucyogofah jjqczahdzq
2025-10-26 13:20:30 [WARN] Unhandled exception occurred in module — grzcennhtosvzqbmq
2025-10-26 13:25:12 [WARN] Transaction completed — onegdruoiianfkrfegwutehxxrufxjo qf
2025-10-26 13:27:06 [DEBUG] File not found in the specified path — kthewrekad
2025-10-26 13:29:25 [DEBUG] Unexpected token in configuration file — dvrctrbr n
2025-10-26 13:31:52 [DEBUG] Unexpected token in configuration file — pwxtfkyqhpjg gxxilflcyzmxj vsxcrb
2025-10-26 13:32:04 [DEBUG] Unexpected token in configuration file — vyps ieuqsned
2025-10-26 13:35:22 [WARN] Unexpected token in configuration file — uilrdyyvkbwjiliyuorhp nwmkhg
