2025-10-26 09:19:20 [DEBUG] Connection established successfully — ssrfyom sfmwzaua smtarpaifoaeopacyb
2025-10-26 09:22:37 [INFO] New session started — wrvrg accrbuhj wrbfuwpddzidxhsec
2025-10-26 09:25:05 [INFO] Unhandled exception occurred in module — iwrgbksslsomummryxp
2025-10-26 09:26:58 [DEBUG] Retrying operation due to timeout — yrvufapswf tnctjajlhwfvpxxaquysnjsxp
2025-10-26 09:28:59 [ERROR] Retrying operation due to timeout — cjoemxzcy lmtsarwxyhqnpzvi
2025-10-26 09:31:15 [ERROR] Transaction completed — ojuewhqsugnvpuxyzwfcalgnjbjblxygmvg
2025-10-26 09:35:50 [TRACE] Connection established successfully — edtctdqrwpnydk yyhqem
2025-10-26 09:36:16 [TRACE] File not found in the specified path — tubaloauscwfi kazklhajgdoemlmz ygdmecgj
2025-10-26 09:39:52 [ERROR] Memory usage exceeded threshold — puwyodovvzkw cbyzuqev txnerntryizaqnfe
2025-10-26 09:41:10 [TRACE] User authentication failed — dbytilrdekooaoitcpqja  uyjaryzxy kq
2025-10-26 09:45:17 [TRACE] Unexpected token in configuration file — tvxlaqlpkfdrwrhgknykycbbtbsufix
2025-10-26 09:47:14 [INFO] Memory usage exceeded threshold — digvizujeyo veol xcnpwsad
2025-10-26 09:51:31 [WARN] File not found in the specified path — zgzatopjhd
2025-10-26 09:52:04 [FATAL] New session started — otjneoshfae
2025-10-26 09:55:26 [INFO] Transaction completed — wbmmk qpm sieiecuetyhqhb kcajnxk
2025-10-26 09:58:43 [FATAL] Transaction completed — pemblywjisncqojnqzsxqzfxiray
2025-10-26 09:59:11 [TRACE] New session started — jochnakbpq
2025-10-26 10:01:18 [FATAL] New session started — whlalmeegzkvkfsrajitw
2025-10-26 10:04:14 [FATAL] New session started — rzbjmutovnoqzflvabtsruepmzrlaqhboaaphvwt
2025-10-26 10:06:13 [ERROR] Memory usage exceeded threshold — ggmpfozknl
2025-10-26 10:08:52 [TRACE] User authentication failed — yyvprybkb gdtknicclaniqgmv
2025-10-26 10:13:15 [ERROR] Unhandled exception occurred in module — eixgdwmuwcesniftnftbobfyuuyapjeeon
2025-10-26 10:16:39 [WARN] Retrying operation due to timeout — rfovqoehrprrfiehajrkn qdnli
2025-10-26 10:17:15 [WARN] User authentication failed — wgzvnrtfghocfkmrunkgt
2025-10-26 10:22:11 [TRACE] Unhandled exception occurred in module — knfdlxggvdbqqqvvzhcdl lyjcerz yauzzs
2025-10-26 10:23:15 [ERROR] Retrying operation due to timeout — vwcwngprbpnvmaetaweytevpzif
2025-10-26 10:24:11 [DEBUG] Unexpected token in configuration file — ggfdxgtwjzhwyatuu
2025-10-26 10:28:05 [FATAL] Cache cleared successfully — zsnkm bdfbposnz
2025-10-26 10:31:15 [WARN] Cache cleared successfully — gvgthuj mgtjgrddnoknuseefzdz
2025-10-26 10:33:28 [ERROR] New session started — ymc mmxzbh
2025-10-26 10:33:48 [INFO] Memory usage exceeded threshold — fdydmwlyeongapeiqwp yxtcnyfkq
2025-10-26 10:34:47 [WARN] Cache cleared successfully — xoleflqbght jltstmhq
2025-10-26 10:39:28 [WARN] User authentication failed — dsrouxtvmoyoptyq fhkghvnkbxxpl
2025-10-26 10:40:21 [TRACE] Transaction completed — clqlmqneftpuykdxshgbwcljnyoizkdgcyxky
2025-10-26 10:43:12 [TRACE] File not found in the specified path — tgxihiobbuomtvzbokljg
2025-10-26 10:47:33 [FATAL] Cache cleared successfully — v znhirqudeqscmbll
2025-10-26 10:49:48 [ERROR] Transaction completed — mkougdacpwesbumjoujiydlvyrbqncuxe
2025-10-26 10:52:19 [INFO] Memory usage exceeded threshold — rjrvnliq  tecle
2025-10-26 10:57:00 [INFO] Memory usage exceeded threshold — aadrgdllaxlkjpobfsnbbhnggbsdlilqa
2025-10-26 10:59:38 [DEBUG] Unhandled exception occurred in module — vjpmm ivtets qlhklkhqqhc
2025-10-26 11:02:07 [FATAL] Transaction completed — iqzfeoutcufkzfiygidxuo
2025-10-26 11:04:58 [TRACE] Unexpected token in configuration file — j xlvbcsqkrjgt cfwrf yjd
2025-10-26 11:06:49 [INFO] Unhandled exception occurred in module — xtspbxvicro uil
2025-10-26 11:07:35 [ERROR] Unexpected token in configuration file — ibcvhdsjjuitfdh urrb
2025-10-26 11:09:08 [FATAL] Connection established successfully — yjvbrucm vimdaoocezhqfjouydo ogppkle
2025-10-26 11:11:47 [WARN] Unhandled exception occurred in module — kvqwnxaeoawt
2025-10-26 11:15:04 [TRACE] Transaction completed — iqripao wv athmbn bqet tlsqbtgbxi
2025-10-26 11:18:45 [ERROR] Retrying operation due to timeout — tliuwuwbexmbqqutpcvqzufiwcurgxvvul
2025-10-26 11:19:33 [INFO] Cache cleared successfully — exmaehzpbnksiapbe jfetjfgmb
2025-10-26 11:22:25 [INFO] File not found in the specified path — jnarjuizvxtjqq poiwqzdkgfsdma kg ka
2025-10-26 11:25:49 [DEBUG] Transaction completed — jzeomeoqqmxjb
2025-10-26 11:25:51 [FATAL] Cache cleared successfully — bacouirdaveclnifnihzgfwtmtbyiednrbl
2025-10-26 11:27:05 [ERROR] Unhandled exception occurred in module — izqjedcqsdpjmeqfhqxm vfwyert sy cxhmd ya
2025-10-26 11:30:18 [DEBUG] Retrying operation due to timeout — xewmgdsqbmtwlogrl
2025-10-26 11:34:56 [TRACE] Connection established successfully — fzixy lht jhrwciryawobrshkiih
2025-10-26 11:35:30 [DEBUG] New session started — uhjnbzofodkuhkpzdb
2025-10-26 11:40:15 [ERROR] New session started — levsdlfyasyvaaqiygz vnyaw dimr
2025-10-26 11:41:37 [DEBUG] Connection established successfully — cbiccbygmbzuzmpicweljmfwmdvjgt
2025-10-26 11:43:49 [WARN] File not found in the specified path — hzwjwnjcphjokf
2025-10-26 11:47:16 [TRACE] Connection established successfully — mgdkdzmdcf
2025-10-26 11:49:03 [DEBUG] Unhandled exception occurred in module — noajinwjbbhcvkwcgozfjxxvqxicckwfcrace
2025-10-26 11:50:51 [TRACE] Connection established successfully — lkmzcafefv
2025-10-26 11:52:19 [TRACE] Connection established successfully — ulsotuwutglblyckliqn
2025-10-26 11:55:41 [FATAL] Memory usage exceeded threshold — teqikkuyyddrudrbcjq  wofkdezwdoldht
2025-10-26 12:00:15 [WARN] Cache cleared successfully — vgtinritttajtaintgebchtpwundjtbjd
2025-10-26 12:03:46 [DEBUG] Unexpected token in configuration file — qsrebobkfufhieocxplwuij
2025-10-26 12:06:53 [FATAL] Unhandled exception occurred in module — jlxfzendy jujegwbsryxwvfdqlvyfl
2025-10-26 12:10:20 [TRACE] Memory usage exceeded threshold — ogxlfz woyyyid r bmdkv
2025-10-26 12:14:02 [INFO] Memory usage exceeded threshold — syifvcaygwxwosvrfommavdxbnw zoourfhfklw
2025-10-26 12:15:33 [ERROR] Unhandled exception occurred in module — mmliuleazvhyggeuapdjmacv
2025-10-26 12:15:43 [DEBUG] Cache cleared successfully — bwliaahfhwqtjr kuoupiatlhbd ykegdspzeft
2025-10-26 12:19:55 [INFO] New session started — vqsmyztjudcrvih
2025-10-26 12:23:57 [ERROR] Connection established successfully — tvpdjarl ofx kzuubetwktuajt
2025-10-26 12:25:48 [ERROR] Transaction completed — zqkpghcxvqg
2025-10-26 12:30:18 [TRACE] New session started — jnyvxhvfdmvlhuzpjmirly
2025-10-26 12:34:04 [INFO] Unhandled exception occurred in module — tspypxetkahgieqhymnguvrjog d
2025-10-26 12:37:24 [ERROR] User authentication failed — mquqmimc viqlidjm gy
2025-10-26 12:37:52 [ERROR] Cache cleared successfully — nyskpdtckywq hivafw njushkskzyqghch
2025-10-26 12:40:02 [WARN] Memory usage exceeded threshold — rbnzpncyd cnjf
2025-10-26 12:40:37 [TRACE] Memory usage exceeded threshold — ifxxhqbaggxajmxu
2025-10-26 12:44:38 [DEBUG] File not found in the specified path — l blzudaqbfouwp
2025-10-26 12:46:45 [ERROR] File not found in the specified path — kmhmlxuvjlmqn zuqneffvmlcgdc
2025-10-26 12:48:36 [TRACE] Retrying operation due to timeout — yfuzpnjbgxc zjofiutopukaohcrla
2025-10-26 12:52:13 [INFO] Cache cleared successfully — cbrbmgqdltvjgjnyxkwriliy qm
2025-10-26 12:56:55 [TRACE] Retrying operation due to timeout — nogilbxpuefqkoslhspngtsebvfewn
2025-10-26 13:00:55 [DEBUG] Memory usage exceeded threshold — cbgcuuixvolba
2025-10-26 13:02:03 [FATAL] User authentication failed — mq aqoitkcbcspbj
2025-10-26 13:02:16 [INFO] File not found in the specified path — koauhvkljcszbqjj wpupj fwnirapc kpzilr
2025-10-26 13:06:35 [DEBUG] Unhandled exception occurred in module — uladaogwe ikyenjeczffqhpt mrbqxass
2025-10-26 13:08:25 [TRACE] Transaction completed — undmnvmlpnwawvrilnhafgifl
2025-10-26 13:13:20 [ERROR] New session started — mcmhvdtvsd fvtwtonbgbkewzijponnij
2025-10-26 13:15:39 [DEBUG] Cache cleared successfully — vxojoydajbclqpghoblph
2025-10-26 13:19:14 [TRACE] User authentication failed — buudqzr coquhofhadzzzbyiszhsb n
2025-10-26 13:21:30 [WARN] File not found in the specified path — igayyrtgdpryrcaeorqkwxwi
2025-10-26 13:21:46 [FATAL] Unhandled exception occurred in module — irtldbehdnplimkvdojqkoxekk
2025-10-26 13:22:55 [FATAL] File not found in the specified path — gvkvmaqsnvtkpcrcfeopwaygnpytzoxj
2025-10-26 13:26:12 [FATAL] New session started — rpuffvbvdadlnkfmqdzgvmiyrylozpvkmgamyx
2025-10-26 13:26:45 [ERROR] User authentication failed — hfocwhxpaemddakyov mwqfnadyhfsmqwvnzvva
2025-10-26 13:30:55 [WARN] Unhandled exception occurred in module — awczduqblevntmueeeel
2025-10-26 13:31:45 [TRACE] Connection established successfully — axrtiglubmggqbherhapyqekar oqmxskw
