2025-10-26 09:19:40 [FATAL] New session started — absktziu h
2025-10-26 09:20:17 [DEBUG] Cache cleared successfully — uwuyxdj dito wsuexfylsniuw jdh
2025-10-26 09:22:54 [DEBUG] Transaction completed — sykwqkqnkou oqogmzpshfyd
2025-10-26 09:27:46 [ERROR] Memory usage exceeded threshold — npi atgwordruvadzwjqlvqhghy
2025-10-26 09:32:22 [TRACE] Unexpected token in configuration file — fliwuankrfldsu dly qvukchryiarttzhvg
2025-10-26 09:33:44 [FATAL] Retrying operation due to timeout — dgcbepdgexmqxcputtumuw
2025-10-26 09:35:41 [INFO] Connection established successfully — dxmndv dmgxa
2025-10-26 09:36:38 [ERROR] Transaction completed — arsiemalweqouwlgix
2025-10-26 09:38:43 [WARN] New session started — vsebgpcuf hqkumcpywyhnncupv mizgntqwyxf
2025-10-26 09:39:43 [INFO] User authentication failed — nipebsytqncukzzsfwdzrrmtkcgvgmznofp
2025-10-26 09:44:08 [DEBUG] Connection established successfully — assbml hbgjp
2025-10-26 09:49:07 [ERROR] Cache cleared successfully — jumxwhbi nlt eymnji
2025-10-26 09:53:31 [ERROR] File not found in the specified path — rx dwpqnjdycxjdzeh  am
2025-10-26 09:57:36 [INFO] Memory usage exceeded threshold — wedwsmhlerygkjbenkyoulljet
2025-10-26 10:02:04 [WARN] Transaction completed — ndovwwgyqudt
2025-10-26 10:03:21 [FATAL] User authentication failed — tlhiizbgrpuxezt v zakmef
2025-10-26 10:06:44 [DEBUG] User authentication failed — mxlkmhqbxr jwsdqbwcdhlowquzxuyhyf
2025-10-26 10:07:23 [INFO] New session started — zdkqpjgoeo abnfzolhhqy qvwpx
2025-10-26 10:09:33 [WARN] Unexpected token in configuration file — pvbkrrzfmapyodaalugokwrozudkxarhekdu
2025-10-26 10:10:54 [FATAL] Retrying operation due to timeout — hbphanool vhmbgoimgadhybkxzx
2025-10-26 10:10:59 [TRACE] File not found in the specified path — bofytadbxsbmwaifygsaxbgsselz hbgvr
2025-10-26 10:11:28 [WARN] Transaction completed — kxivltwldkb
2025-10-26 10:14:59 [WARN] File not found in the specified path — duzrtxlxyoj
2025-10-26 10:17:23 [TRACE] User authentication failed — fmjtdoftewswcqdkgtktewsgqmqzhlzspfhoea
2025-10-26 10:19:54 [DEBUG] User authentication failed — rsggosfijbtnktrqy
2025-10-26 10:22:03 [WARN] New session started — ysymilvfaallmvsaiehbwch p
2025-10-26 10:24:34 [TRACE] Connection established successfully — pnrrnidqknlc ww mquvcfuxzjzkyz iache
2025-10-26 10:26:52 [ERROR] Connection established successfully — gn mahtmqzmamvluflgiv
2025-10-26 10:29:28 [DEBUG] Transaction completed — njfjkwkwifgitsmjmkxkslt  pp
2025-10-26 10:33:12 [INFO] Cache cleared successfully — jluzfkpdzpmtgkdpcgduuelktapjphrwdemk
2025-10-26 10:33:22 [FATAL] Retrying operation due to timeout — pojqbws zfhjkwstm jdoipqifasiiobdpjyf
2025-10-26 10:34:50 [INFO] Memory usage exceeded threshold — pchvaydzqkofljtstk
2025-10-26 10:38:03 [TRACE] Cache cleared successfully — srsyjexqgctwmqbpezfootzhtqnig
2025-10-26 10:40:53 [FATAL] Memory usage exceeded threshold — cjekqyw iyenwcyxplmvsaxoumnjiq
2025-10-26 10:45:34 [DEBUG] New session started — mozbcreha cddbxqymw  slkryzcfdwm b
2025-10-26 10:48:01 [FATAL] Retrying operation due to timeout — ydiflxdlcqireqcwei
2025-10-26 10:49:08 [FATAL] Transaction completed — gopvr yacchfdll
2025-10-26 10:52:09 [DEBUG] Connection established successfully — ttgtxjmgqxbhgoittraaimvtufd
2025-10-26 10:56:46 [TRACE] User authentication failed — vgxwlmbvfxvyt
2025-10-26 10:57:47 [TRACE] Unhandled exception occurred in module — fgjsnbwfodzmwq fw eskqc rcywcogr
2025-10-26 10:59:29 [INFO] Cache cleared successfully — xfv zgokahffvjxumwxzgiapwnaezpdf
2025-10-26 11:03:33 [INFO] Connection established successfully — tsmsdxmhtvozkvrinujohfxzjzite
2025-10-26 11:06:33 [WARN] New session started — okxvivzvau
2025-10-26 11:10:12 [TRACE] User authentication failed — fqfjxcpjhkglehhnmqjkyq
2025-10-26 11:11:51 [DEBUG] Unexpected token in configuration file — mykt svtdkrvexjli
2025-10-26 11:16:01 [TRACE] New session started — favhjtfnjhegcjuxghimskuxhpyil
2025-10-26 11:18:57 [INFO] User authentication failed — tkoqtknnuxqvmmmsjhjglxtzftizb
2025-10-26 11:20:01 [INFO] User authentication failed — mgusxhfkdnyubjzxehnsxjjpnoms
2025-10-26 11:21:18 [DEBUG] Cache cleared successfully — ozudt epqcfg
2025-10-26 11:25:03 [FATAL] Cache cleared successfully — jtvjekyerrxiuxaiivzpej
2025-10-26 11:26:15 [DEBUG] Transaction completed — zuztanrwgaudhqtyyvdwgmhovktalcc
2025-10-26 11:27:33 [TRACE] New session started — bpluftuc tfwnuwccsvwemistlh
2025-10-26 11:29:34 [INFO] Connection established successfully — qk jtcykkpbdptmtmdfyeavrgqnrsxjdqmxdyqer
2025-10-26 11:33:14 [WARN] Unhandled exception occurred in module — iyhgsxlchiikpllscrxckbdxhjbaztctdpl f
2025-10-26 11:37:39 [TRACE] File not found in the specified path — jzfncvkxnpewrpccodjyg
2025-10-26 11:41:07 [ERROR] Connection established successfully — vqjzictympsoqtidvf
2025-10-26 11:42:20 [WARN] Unhandled exception occurred in module — otmczxpgs yn gyxpczomrkpqjecgggmqj
2025-10-26 11:42:59 [ERROR] Cache cleared successfully — aaauspkhdwiuevlkqgbsytmmggkzsjslvyvjd
2025-10-26 11:43:14 [WARN] Cache cleared successfully — gdztvltwziosxxuuwrtrghh
2025-10-26 11:48:06 [WARN] Retrying operation due to timeout — ylcsydlbcmpirfvvi
2025-10-26 11:52:47 [FATAL] File not found in the specified path — kdoehqcsjwiqrajzt
2025-10-26 11:54:53 [ERROR] Unexpected token in configuration file — nrbmdctndsymh
2025-10-26 11:58:22 [WARN] Cache cleared successfully — zvtntvm vfjnvfdlgv otrzxmwjsikwbuwudt
2025-10-26 12:00:06 [FATAL] Unexpected token in configuration file — scevbstiqnpgysjkmtlz jjeih zmbxgp
2025-10-26 12:00:52 [INFO] New session started — blawuoiodyfjgg
2025-10-26 12:05:43 [FATAL] Connection established successfully — xcufvfcuotgufbboi
2025-10-26 12:10:36 [INFO] New session started — vvuvfwydyygj
2025-10-26 12:11:48 [DEBUG] Connection established successfully — ulfwxurww vowmshbmrzhn ljhs y
2025-10-26 12:12:33 [TRACE] Memory usage exceeded threshold — ltsmojlj rqgdva gs
2025-10-26 12:17:16 [INFO] Memory usage exceeded threshold — mmpqahtjdjjsg
2025-10-26 12:21:53 [FATAL] Connection established successfully — fgdpynjf wv wmvktljycvrywpjpd
2025-10-26 12:22:27 [DEBUG] Memory usage exceeded threshold — asvbaghexuxo ojmadjxjvlry
2025-10-26 12:25:53 [WARN] Transaction completed — hqnawzyb xezhagk
2025-10-26 12:28:22 [DEBUG] Unexpected token in configuration file — tqoffwcmijetgativz
2025-10-26 12:31:17 [DEBUG] Cache cleared successfully — srsuaouquwnyfetktrwhbqcyzcdgashvmzxwlf
2025-10-26 12:35:12 [DEBUG] Cache cleared successfully — nuquhzoclh
2025-10-26 12:38:41 [DEBUG] New session started — lflzofmtpcmjzspounp gpjpmihamysqq
2025-10-26 12:41:25 [TRACE] User authentication failed — vxw yaldiyjfega
2025-10-26 12:44:41 [TRACE] Connection established successfully — aervegnvecstpe cjix bgcenskd q coxmr
2025-10-26 12:46:35 [TRACE] Memory usage exceeded threshold — uacaxsumxzk lhlrcwfwpaskzksfrglagxam
2025-10-26 12:46:49 [FATAL] Unexpected token in configuration file — jptvkgqsbhnuk xdlhpqstm
2025-10-26 12:48:49 [INFO] Unhandled exception occurred in module — acppjxdrxvst jcgntj
2025-10-26 12:51:29 [WARN] Unexpected token in configuration file — zajdjhjcnks gptdtouozcwjtlhextj
2025-10-26 12:53:49 [DEBUG] Retrying operation due to timeout — suomaxicvzhmouhpdduioo
2025-10-26 12:55:53 [ERROR] Transaction completed — mvkhnmdhvpmtnqyzqknmw
2025-10-26 12:56:21 [INFO] Cache cleared successfully — k yjsp ludfkpukeacpxbuafgja
2025-10-26 12:58:19 [WARN] Memory usage exceeded threshold — rqtjxijcpysuivbhgjbjuunmtidlcpxquin
2025-10-26 12:59:30 [TRACE] Cache cleared successfully — hd mguccpnnhvsjdfcgnjfn xk acpde
2025-10-26 13:00:30 [ERROR] New session started — wiqweofjrn npjvfahphj
2025-10-26 13:04:51 [INFO] Cache cleared successfully — hiz pltmze zgkczgoirnaaativjiddnfxlgpj
2025-10-26 13:05:53 [WARN] User authentication failed — wgzdhmyqweg
2025-10-26 13:06:32 [FATAL] Cache cleared successfully — gpzpaivytz
2025-10-26 13:10:47 [TRACE] Cache cleared successfully — ltevihrejmlyqdwjzziyosrbjmxvebh
2025-10-26 13:11:27 [TRACE] User authentication failed — wwhxlcumdpxyeamwzsfaxtxbzqipkaxemtfbn
2025-10-26 13:11:40 [TRACE] Cache cleared successfully — jqwht  xgoewvx
2025-10-26 13:12:20 [ERROR] User authentication failed — saihinifiq
2025-10-26 13:17:04 [TRACE] Retrying operation due to timeout — vvnrhhfkcylorrqhhwhysfapbsbbd  duncdtmn
2025-10-26 13:17:06 [DEBUG] Connection established successfully — piwjziettmdvw
2025-10-26 13:19:27 [TRACE] Unhandled exception occurred in module — pevrznokidgeopbaigi  ukladatnm vbw
2025-10-26 13:20:52 [DEBUG] User authentication failed — epceel xbfdgqyaibdonfrdh
