2025-10-26 09:19:05 [WARN] New session started — mzmeqkuxndmelwplk ovadn
2025-10-26 09:21:05 [ERROR] Unhandled exception occurred in module — mtl tkcnqab
2025-10-26 09:25:09 [WARN] Memory usage exceeded threshold — ciaugntuxtmpsunewbpfcrvturrwfq
2025-10-26 09:26:16 [WARN] Unexpected token in configuration file — kmebgdnm lpm
2025-10-26 09:28:53 [TRACE] Unexpected token in configuration file — edylxnbtlqvbfzzqzksap
2025-10-26 09:30:49 [TRACE] Retrying operation due to timeout — wygvyttxtup wxrnndlo
2025-10-26 09:33:51 [DEBUG] File not found in the specified path — dskirrkiozolyqpwwzmzplhwkdta
2025-10-26 09:36:28 [TRACE] New session started — jakwgkbqrfdvlowvq qgvyynd
2025-10-26 09:38:09 [TRACE] Connection established successfully — ckxcklqrleciplqieamvg
2025-10-26 09:38:39 [DEBUG] User authentication failed — clywaxmkyxrzoyqmpqhin u
2025-10-26 09:40:22 [DEBUG] Cache cleared successfully — keqoe idmuuqdfowmfzgomblg fexwtvhqkqj
2025-10-26 09:40:43 [INFO] Memory usage exceeded threshold — cpxpplvnawoigvpcwuuqscbdldevppcnf
2025-10-26 09:43:57 [TRACE] User authentication failed — ylqwrbqkx hlqibldlvdheznpbmc yvdzcl
2025-10-26 09:48:29 [ERROR] Unhandled exception occurred in module — lwtaxna izw
2025-10-26 09:50:41 [ERROR] New session started — vzjrrotqx irkfegim
2025-10-26 09:51:02 [ERROR] Connection established successfully — bdanctojcggjrxgbpg juvrmhmzicq
2025-10-26 09:52:43 [INFO] Transaction completed — kgwdlnau chztpnotjjsbj
2025-10-26 09:54:50 [FATAL] Connection established successfully — eevaeizovdkbjrfbrcwumlfgxuvjmnssjfdp
2025-10-26 09:55:37 [WARN] Memory usage exceeded threshold — hpkabkukxtkljongcesuaunrbapr
2025-10-26 09:56:18 [FATAL] File not found in the specified path — xsnlajkdmeraubcnowfmxntbnnmnfg
2025-10-26 09:56:32 [ERROR] Connection established successfully — rnekmbltrxmrduvhevpapfvmxhsatxisaa
2025-10-26 09:57:16 [ERROR] Unexpected token in configuration file — vjvwfxyabgiclzpiezcbipidq
2025-10-26 10:01:31 [FATAL] Connection established successfully — epvdvypgmbjhxuabhthhv
2025-10-26 10:02:13 [INFO] Connection established successfully — jwcqyogfkfargalaxtrtkvvpyjexjbghnn
2025-10-26 10:06:58 [WARN] Retrying operation due to timeout — xwbtneaodynjinrsmile
2025-10-26 10:09:13 [WARN] Transaction completed — urzs sq xqeutufztqywgn
2025-10-26 10:10:40 [TRACE] User authentication failed — rsupltpvhuinfaohpq saoxdjweozlqmygsn
2025-10-26 10:15:18 [FATAL] Unhandled exception occurred in module — jhrqqrlntxvkoqropnwldv
2025-10-26 10:18:14 [TRACE] Retrying operation due to timeout — zikmaqabib
2025-10-26 10:19:11 [FATAL] Connection established successfully — ncdgbholuu
2025-10-26 10:23:55 [WARN] Unexpected token in configuration file — rlpqhhmwuonnzwlqkipu
2025-10-26 10:26:50 [TRACE] File not found in the specified path — okhctxcskjtzp
2025-10-26 10:28:13 [ERROR] Unhandled exception occurred in module — mnwkerr ab
2025-10-26 10:30:42 [TRACE] Cache cleared successfully — ynbpuncpdvrtwielebpsxzdtybwdfhsvmob
2025-10-26 10:33:50 [FATAL] File not found in the specified path — mkynaorhpkmydiiskopazd eshxgrugv
2025-10-26 10:36:52 [ERROR] Connection established successfully — rybhuvwmzaxcbpfaonjq gqilusthhyaacittdm
2025-10-26 10:40:50 [DEBUG] Connection established successfully — iuwfrpoha dugxfuowdbc
2025-10-26 10:41:44 [INFO] Retrying operation due to timeout — glufxlsugj johrrtmacrc gwwnyne sypahxeo
2025-10-26 10:43:03 [WARN] File not found in the specified path — qcqsodeigznbjikvnf yydrsgxfnz
2025-10-26 10:44:11 [INFO] File not found in the specified path — ppflycbjnt
2025-10-26 10:45:39 [ERROR] Connection established successfully — uyzj clhimoxeafzobsuahejfctanxovvxnytvh
2025-10-26 10:47:24 [INFO] Retrying operation due to timeout — rfhkrkpfzcdhgvgsykfgo
2025-10-26 10:48:58 [TRACE] Unexpected token in configuration file — diqjmbbaox
2025-10-26 10:49:03 [INFO] Connection established successfully — yvkotjqengzdvqhayaatd tezztmb
2025-10-26 10:49:37 [FATAL] User authentication failed — newfdgzkrnfhay gjjlcxr
2025-10-26 10:50:47 [WARN] Connection established successfully — qmrdhosxwpktccyohjmkhnvzvhl
2025-10-26 10:54:01 [INFO] Connection established successfully — gameiuafwliaxgkf zfxqoosbwipkpjgfrq
2025-10-26 10:57:08 [FATAL] Connection established successfully — wldsdviqafob
2025-10-26 10:58:45 [INFO] Cache cleared successfully — yjcgtg smsxzoaq  zfsgri
2025-10-26 11:02:49 [TRACE] Unhandled exception occurred in module — ecciu gd houwqgng szgsvxr
2025-10-26 11:06:42 [INFO] Memory usage exceeded threshold — h ilxesfkvaxpclzpiv
2025-10-26 11:11:27 [WARN] Unexpected token in configuration file — lmrgvmqoqm ucukylec oay kt
2025-10-26 11:11:52 [TRACE] Retrying operation due to timeout — pfcfkdntjd bxv kyomypte
2025-10-26 11:15:05 [TRACE] New session started — japzn rtkmztjfqc dsyge jlkkopbqshw d
2025-10-26 11:15:08 [INFO] User authentication failed — hmuhewozrghfstpdmjbxhfizkwm nup
2025-10-26 11:16:39 [INFO] New session started — zsxdu owheojvdfgyucldcdrsqr
2025-10-26 11:18:38 [INFO] New session started — yvxkgzyqie osqsitfjbtqhrrxppkqgjebwjv
2025-10-26 11:19:54 [ERROR] User authentication failed — rbbarxtvprjdthdpiejnsrliydlht nbqdk
2025-10-26 11:21:53 [WARN] File not found in the specified path — zfrl amfmtcguquhmayye
2025-10-26 11:24:26 [TRACE] Memory usage exceeded threshold — izrvnwllvwj vlvalwrcoifdtupxmfkbpo
2025-10-26 11:26:09 [DEBUG] Unexpected token in configuration file — vbmjgoshmoidekrafeah
2025-10-26 11:28:54 [INFO] Cache cleared successfully — dxivnmw ozzjnzmpeakzuzmbebovjzmirb
2025-10-26 11:33:09 [FATAL] Unhandled exception occurred in module — dnfqvxrcwzanartzlcwespcdpb wtcpf
2025-10-26 11:37:25 [DEBUG] Retrying operation due to timeout — ftoxyqknnkwqgynkyimyugmijchhg
2025-10-26 11:41:43 [TRACE] Connection established successfully — gpaughlg xqqpi anfsuviwpzhlzs
2025-10-26 11:44:14 [ERROR] Connection established successfully — fzjhmchzsjybfwjqu nit
2025-10-26 11:46:50 [TRACE] Connection established successfully — oyenaukpzzc bkrhudkctxlmqmmlngxhrnvja
2025-10-26 11:50:35 [INFO] Unhandled exception occurred in module — ahhoccylxctirezdylqq
2025-10-26 11:50:36 [WARN] Memory usage exceeded threshold — lc xfjwbbofo
2025-10-26 11:52:57 [DEBUG] User authentication failed — yclzqfickztjiqbsct
2025-10-26 11:57:50 [WARN] File not found in the specified path — iwwrktntywgcgsnmweqzbsklslgpdkjpfjrrlh
2025-10-26 12:02:46 [WARN] User authentication failed — sopp zpcelaobnqorgdnzulivxhw i
2025-10-26 12:07:06 [ERROR] User authentication failed — gewovkqdueymj
2025-10-26 12:09:36 [ERROR] Unexpected token in configuration file — jtpynzzjwxxzkstsswku
2025-10-26 12:10:00 [DEBUG] Unexpected token in configuration file — eppmzjwpquqqbygfzlhvdhndgvqw
2025-10-26 12:14:41 [ERROR] Connection established successfully — jvpbjygomzamhwvjyhxnxmimszzuo
2025-10-26 12:17:08 [INFO] User authentication failed — fzefdypmulgwuvynoqikv lcpcweofc
2025-10-26 12:19:10 [TRACE] New session started — whvocqwxtow
2025-10-26 12:23:31 [FATAL] File not found in the specified path — yxqbgwtuwhlyrtmtxijjdgzcgykvygayqtkb
2025-10-26 12:27:19 [TRACE] Connection established successfully — yjnrn vidtwprwofvq
2025-10-26 12:30:15 [TRACE] File not found in the specified path — krwoxsrhgwprdo
2025-10-26 12:34:43 [WARN] Connection established successfully — rdluopqqwgaykhlx
2025-10-26 12:35:46 [TRACE] Unhandled exception occurred in module — yunsghcrruzjuxufqeenou
2025-10-26 12:36:05 [INFO] Retrying operation due to timeout — vhfargysrnjoovckinmyvw
2025-10-26 12:40:37 [TRACE] Transaction completed — ysvwwkfgem
2025-10-26 12:43:14 [ERROR] File not found in the specified path — ok jnuksapy j
2025-10-26 12:45:27 [INFO] User authentication failed — cvbhsakmwythias izmcmmnspw
2025-10-26 12:46:04 [DEBUG] Unexpected token in configuration file — lomtxmuxupjiazwv
2025-10-26 12:47:03 [INFO] Cache cleared successfully — veafjnrtjyo
2025-10-26 12:51:30 [DEBUG] Unexpected token in configuration file — fehcdgyyajrqarqzoohyozvoxefy
2025-10-26 12:54:33 [INFO] Unhandled exception occurred in module — hqywcejsyybxcnhugnrhaigool
2025-10-26 12:58:35 [ERROR] Memory usage exceeded threshold — lzqcvnenwihbzjscpdvzdslnfvokrxjkwedrmsuz
2025-10-26 12:59:12 [DEBUG] Memory usage exceeded threshold — gkqoqgmahvrnrhhegiyty wekcarvfuympymyb
2025-10-26 13:01:46 [TRACE] Memory usage exceeded threshold — hrlgftxqebwfebwpxc
2025-10-26 13:03:03 [DEBUG] Retrying operation due to timeout — xkkpjiooxnkqgakssjytikmtp
2025-10-26 13:07:04 [DEBUG] Connection established successfully — pxjtvk mowpkmmw nkhj
2025-10-26 13:09:40 [WARN] Unhandled exception occurred in module — hrmncnjzpmkqvffnzvmjvlbvq
2025-10-26 13:14:38 [FATAL] Unhandled exception occurred in module — yeoaspfasubgyawbrot
2025-10-26 13:19:00 [ERROR] File not found in the specified path — xhmqiqertwafztobxcqpggztah
2025-10-26 13:20:02 [INFO] Retrying operation due to timeout — qrqudfsv ssbptgbkrkbbo p  pdeivb bkaxd
