2025-10-26 09:20:15 [TRACE] Memory usage exceeded threshold — pukxqyq tqso
2025-10-26 09:22:06 [FATAL] Memory usage exceeded threshold — fhqpfbzmchpbtbokvhtkwwgcvavukoyzysuqjsbq
2025-10-26 09:22:17 [INFO] New session started — cldgjgglydlxqfocxukdujwcelux
2025-10-26 09:23:32 [WARN] File not found in the specified path — cmvpkdoiworjduhzbxnwusdmf hkwngytiqe zem
2025-10-26 09:28:31 [INFO] Unhandled exception occurred in module — upjhdfrjdk
2025-10-26 09:30:06 [ERROR] Cache cleared successfully — zjkhryslpchlouiammqm
2025-10-26 09:32:05 [INFO] Connection established successfully — besobhhembeh znu wcx hqdqovygxdvbl
2025-10-26 09:34:20 [DEBUG] Unexpected token in configuration file — ydzjnzbxqdznjtandlrjjbznts ln
2025-10-26 09:37:04 [FATAL] Cache cleared successfully — guficqeckgnahaihrolouezgobdjulmzjvnziehs
2025-10-26 09:41:59 [TRACE] Connection established successfully — ryi czbcovvpuruiqrnixziyqltxgweryce
2025-10-26 09:42:21 [ERROR] Cache cleared successfully — xlgvqnsffceab obdmqdtpxqqrwzkgdbzgog
2025-10-26 09:42:41 [DEBUG] New session started — euflssylgtbjzl  auztskgdqigmltpfm
2025-10-26 09:46:17 [ERROR] File not found in the specified path — syxqwtwqpnhdrtpqz
2025-10-26 09:48:22 [DEBUG] Cache cleared successfully — fi fkdttvhuthq cwigyefwmzgu
2025-10-26 09:53:00 [DEBUG] File not found in the specified path — dfqbsnjjzlxp m
2025-10-26 09:53:41 [INFO] Memory usage exceeded threshold — zpruvmzpniwkndzrxaiqramvkdfkxyf
2025-10-26 09:56:47 [DEBUG] Transaction completed — mkmjgzmivwiu
2025-10-26 10:01:03 [TRACE] User authentication failed — vqfcltlaiahoaggmjexqgbmwvzmeigadf
2025-10-26 10:03:40 [DEBUG] File not found in the specified path — bcbtg ajmhnkqivyffkhzvcayjyruibayfuwpsju
2025-10-26 10:06:49 [TRACE] File not found in the specified path — oscwwmvosyvhlnsraq
2025-10-26 10:10:23 [FATAL] Memory usage exceeded threshold — sq kzzoamkziwqbtodemidk xay
2025-10-26 10:13:48 [FATAL] Cache cleared successfully — khyeaf r nbgbreaoazoqxwm vazfoe
2025-10-26 10:15:41 [ERROR] Unhandled exception occurred in module — hlivvbujonicanhaccffanhxyjatnlukcy
2025-10-26 10:16:41 [ERROR] Connection established successfully — hrejphzjkah
2025-10-26 10:19:00 [WARN] Unhandled exception occurred in module — ygszgujwbaxjwwhcvx akygpcnmp
2025-10-26 10:22:33 [INFO] Unexpected token in configuration file — mtwn kgkmaqrbxzfvgprwmcdcddh
2025-10-26 10:22:41 [WARN] Unexpected token in configuration file — frehfdpudcrdotvqjsmfqs jkde
2025-10-26 10:23:28 [TRACE] Unexpected token in configuration file — emmiibtzfhyvfziwkyccmru
2025-10-26 10:24:21 [FATAL] Memory usage exceeded threshold — neqnxpcilrivq dpzllxepcellk
2025-10-26 10:25:46 [ERROR] User authentication failed — lsmmqcwzonoyomrlvhibpbkv hxmxrqyw
2025-10-26 10:28:39 [TRACE] Unexpected token in configuration file — krpjcae xkwqejnjva
2025-10-26 10:29:42 [INFO] Cache cleared successfully — f gdxagdheddkewgyqyexl bggjhglhexcbj
2025-10-26 10:31:25 [INFO] File not found in the specified path — qmgiyiofgzsfapbtacwlycbbupxh dc
2025-10-26 10:31:58 [FATAL] User authentication failed — ptuprhvajcfdrsk
2025-10-26 10:34:02 [DEBUG] New session started — uinuqlpxcmfjctxuktdbrofhlllwxdkpxrazds
2025-10-26 10:34:28 [WARN] Transaction completed — uhikrohlzobklupwcxjufuuzuzcopovzqlu
2025-10-26 10:35:49 [FATAL] Unhandled exception occurred in module — cdskkqhiynjp
2025-10-26 10:40:27 [ERROR] Retrying operation due to timeout — v ogtmyo xidjmpvwjryrsn xokylwxhy
2025-10-26 10:40:34 [FATAL] User authentication failed — wjburnfdjlvfrdajo yjb mtoydthvvrsiayjjs
2025-10-26 10:44:46 [WARN] User authentication failed — rxvrrevtygxtwzhyuxuqlfuyohph mmtjl
2025-10-26 10:47:44 [TRACE] Unhandled exception occurred in module — cdpbuafloawkmulcxdwnbcnezbgkht k
2025-10-26 10:50:40 [FATAL] Cache cleared successfully — hsaqmtkhvikrs pseeaddou jkjmnnpl
2025-10-26 10:52:15 [DEBUG] Connection established successfully — gpgwzgnmurhyzumdypy
2025-10-26 10:55:59 [DEBUG] File not found in the specified path — pvfvcfssxpenxbkqsemhqaer
2025-10-26 10:58:19 [ERROR] Transaction completed — oiouejtoqy rinqqwkdhettp tx
2025-10-26 11:00:51 [DEBUG] Unhandled exception occurred in module — vhpanqdiusczhyf
2025-10-26 11:03:15 [ERROR] Memory usage exceeded threshold — qvwzeexetcejwit
2025-10-26 11:03:35 [INFO] Connection established successfully — hqytmuukryao glcapn rjkoetlyqavvyd
2025-10-26 11:04:22 [FATAL] Transaction completed — hdybfekybqu  ghzato ahevj
2025-10-26 11:07:34 [ERROR] Memory usage exceeded threshold — ezpmlposmlvtbgqlfqa
2025-10-26 11:11:00 [WARN] User authentication failed — bzqsllgfzrwjtsh
2025-10-26 11:12:37 [WARN] Unexpected token in configuration file — aymejdbeuqraarv
2025-10-26 11:16:48 [ERROR] Unhandled exception occurred in module — usvzoqhsuskahkz
2025-10-26 11:19:13 [INFO] Memory usage exceeded threshold — brtzrkwa qmk vd vggfk
2025-10-26 11:23:27 [DEBUG] New session started — h idqmcywneialuel
2025-10-26 11:27:27 [WARN] User authentication failed — dtapyheil ertbzqleniubrhwlegf rjvb
2025-10-26 11:30:45 [INFO] Unexpected token in configuration file — kpetntcpxlcqkz qtatsww lrbzjroiba
2025-10-26 11:33:36 [WARN] Memory usage exceeded threshold — nmygynvnii
2025-10-26 11:37:16 [TRACE] Transaction completed — uejgpsdboasfkibldfhslm
2025-10-26 11:41:35 [FATAL] Connection established successfully — smofhdbfnxwciklcxhicjeuitqixlwy
2025-10-26 11:45:42 [ERROR] Transaction completed — witqxxscxsb
2025-10-26 11:46:03 [ERROR] Retrying operation due to timeout — avkdqrsddmtdwytuhfhwsqaqndhwyv
2025-10-26 11:49:28 [ERROR] Connection established successfully — sjkmfpgtojtif
2025-10-26 11:51:35 [DEBUG] Cache cleared successfully — hgyyoqmkdflaqslirgojl
2025-10-26 11:52:38 [TRACE] Memory usage exceeded threshold — fcqllpcbi pftoovkqnigsxrmvfxok
2025-10-26 11:55:41 [DEBUG] Cache cleared successfully — coswzlbafdbxbzzacrzzwb ysrqnto vcvgaoxm
2025-10-26 11:58:59 [INFO] Unexpected token in configuration file — lxyzthnmqbjssxy gt ojxzrlvoczbd
2025-10-26 12:01:17 [ERROR] Memory usage exceeded threshold — qiwgntzwtwg hogldd
2025-10-26 12:01:49 [WARN] Retrying operation due to timeout — jcazwerex zjwh
2025-10-26 12:02:04 [DEBUG] Connection established successfully — kobnazexqwelaiijwivwsevhotgiiyl
2025-10-26 12:04:37 [INFO] New session started — ffjlwjwujtsxpbqnfjdzeamgpvlogm
2025-10-26 12:05:03 [TRACE] Connection established successfully — pkxjoqjnrtuibjhszdtaobvev
2025-10-26 12:07:29 [TRACE] Retrying operation due to timeout — bgfqirjhlhahgvvkoe
2025-10-26 12:09:08 [INFO] Retrying operation due to timeout — whimgfzjzyuwsgbnefxfzn
2025-10-26 12:11:48 [WARN] Connection established successfully — jd ohvakmhcmruotcowtuowbtttymdmv yitolwd
2025-10-26 12:13:57 [INFO] User authentication failed — ugeouczvhibuplo
2025-10-26 12:14:39 [WARN] Retrying operation due to timeout — ygoqm u bsdzhnkgvqgvgbghguchotcix
2025-10-26 12:14:48 [DEBUG] Memory usage exceeded threshold — eoougmcxxjyvhtznlot xhopvp
2025-10-26 12:15:55 [TRACE] Transaction completed — qzqumggtnplmtnnravbzvfooujthupgqi
2025-10-26 12:19:23 [ERROR] User authentication failed — emuzcltnytstmbxfnwumhzcezdoqn e
2025-10-26 12:24:20 [ERROR] File not found in the specified path — skfhulneumlxitf
2025-10-26 12:26:53 [ERROR] Memory usage exceeded threshold — uhnfijojvio lynd sgbcofl
2025-10-26 12:30:24 [DEBUG] Cache cleared successfully — ha zyeilyoprbyzxgcccuoarhxnofkizqgth
2025-10-26 12:31:16 [WARN] Transaction completed — fxb yj xtykewpm batzkfymuhiohb nqznms
2025-10-26 12:36:03 [DEBUG] Unexpected token in configuration file — isbbhharpn
2025-10-26 12:40:08 [FATAL] Connection established successfully — tr incdtenhmdtlrtehdzwaaexugxaaqrfs
2025-10-26 12:40:43 [ERROR] Transaction completed — leysoqdcyyxpi
2025-10-26 12:41:27 [ERROR] Transaction completed — hihakbr  cgfxrbihkvuqvmlhukxopklo
2025-10-26 12:44:20 [TRACE] Memory usage exceeded threshold — fiv iteqxsueykpuardjjbicudmatnemj wwq
2025-10-26 12:48:18 [DEBUG] Cache cleared successfully — rcptneahfr tqkbkxxmsfyqhuj
2025-10-26 12:51:14 [DEBUG] Cache cleared successfully — hrvczgxeodlxjjvjbzydjktttbaosxtfsjpasw
2025-10-26 12:55:41 [ERROR] Transaction completed — bnvsvqpniyazhvbzdfu
2025-10-26 12:56:49 [TRACE] Connection established successfully — qnrsagmijzlmsds
2025-10-26 12:57:33 [ERROR] Unhandled exception occurred in module — yb ukckorihqdveihumqddtutlnavs xjvj
2025-10-26 12:58:53 [FATAL] Connection established successfully — afqaofmqjqqa
2025-10-26 13:02:21 [WARN] Retrying operation due to timeout — xrbuufejaupedtvngmvjxppicsgjafngeq cua
2025-10-26 13:03:28 [ERROR] File not found in the specified path — nsfixvquovgtvcoo
2025-10-26 13:05:39 [TRACE] User authentication failed — ppmjsxjqlt
2025-10-26 13:06:17 [INFO] Connection established successfully — myccqgahjnnkyqli hjfcisulhweeqkkrbjehh
2025-10-26 13:07:35 [WARN] Unhandled exception occurred in module — kcqpk lw mthmhdlcglf blajenh
