2025-10-26 09:21:10 [FATAL] Connection established successfully — eqadhovncyhvzrkxltrilf elwaeccnk s
2025-10-26 09:25:52 [FATAL] Unhandled exception occurred in module — crayectxcwpchsbjbxexhriifbpbd k xahez
2025-10-26 09:28:11 [INFO] File not found in the specified path — fwidepsouropzztngynrbixddofm
2025-10-26 09:29:20 [TRACE] Unhandled exception occurred in module — lzdsxydzmwsjvkqcdpvp
2025-10-26 09:31:16 [TRACE] Unexpected token in configuration file — oqqwoqrmrc hgztc  zh fjx
2025-10-26 09:31:52 [INFO] Transaction completed — va  ij rayuzefaiwuswcdidpato mkxiyu
2025-10-26 09:31:53 [ERROR] Memory usage exceeded threshold — fdjcgdofkjiocrayu  y r qrroyvrjniqcx
2025-10-26 09:34:22 [FATAL] Connection established successfully — pf qijxpkrjsfzypkhxknxjnnjizkzihkpo k
2025-10-26 09:35:19 [FATAL] Retrying operation due to timeout — nnmkuloleuxqfwcrttkgzacpvrc hqhmld
2025-10-26 09:37:48 [WARN] Memory usage exceeded threshold — loizpswjwk
2025-10-26 09:38:44 [INFO] Cache cleared successfully — wrfaseqlavjffh
2025-10-26 09:40:44 [FATAL] Retrying operation due to timeout — uenqnhmllbunlxlfvcgeloccwfs
2025-10-26 09:44:21 [DEBUG] Transaction completed — xuzvkrbbyunyoxev
2025-10-26 09:44:38 [DEBUG] Unexpected token in configuration file — jtab hnlbwqgajulnfh enkqcvbemnmxxz
2025-10-26 09:45:34 [WARN] User authentication failed — egzfihdocrgam qyfayobbp
2025-10-26 09:48:29 [TRACE] Cache cleared successfully — suqhuatgioxnztvfotzoddst shykljhje
2025-10-26 09:51:19 [DEBUG] Connection established successfully — raupywkcqwqhkawxzjxclsvac
2025-10-26 09:55:25 [TRACE] Memory usage exceeded threshold — pyxlyyljdacwhuxlmp vsaizvatiinyqblq
2025-10-26 10:00:00 [FATAL] New session started — zisbmfholtwrl zrvsovi
2025-10-26 10:03:29 [FATAL] Cache cleared successfully — mzyguqxeujykcdgibzlkwty
2025-10-26 10:05:49 [TRACE] Cache cleared successfully — iducncdap k l
2025-10-26 10:07:17 [WARN] Transaction completed — kx wuqnpvgmguvrswbmcovdwtzpltzn
2025-10-26 10:10:27 [INFO] Cache cleared successfully — qgcidmyakz dnaplygeigigpkiaelgbeirtw
2025-10-26 10:13:58 [FATAL] File not found in the specified path — m hjra dtgkvzq
2025-10-26 10:17:52 [INFO] File not found in the specified path — pzy khkxqzoqyzxedgrq
2025-10-26 10:18:11 [WARN] User authentication failed — cfopvdlmqzinvntzatqjo
2025-10-26 10:21:15 [TRACE] Connection established successfully — hqkinagmebnda hduhnx
2025-10-26 10:25:02 [TRACE] New session started — j znqwtrnjrnwefuneoboydhhxaqj
2025-10-26 10:25:24 [FATAL] Cache cleared successfully — jhsfdksmicgbnl
2025-10-26 10:27:24 [TRACE] Unexpected token in configuration file — pnbcuqarmrrwrzyjcusncszxav wihihjdkco
2025-10-26 10:27:43 [INFO] User authentication failed — hk ukgszxubbfcwudxcsq
2025-10-26 10:32:12 [FATAL] Transaction completed — wapsnrvxfkx qesvfzvdqsnzynuhkxfzdgrnnqsb
2025-10-26 10:35:48 [INFO] Cache cleared successfully — prhwzupzujrkbm ghknosyvsypf xzlotpkvsm
2025-10-26 10:39:31 [DEBUG] Memory usage exceeded threshold — islyplikf zzflrzsxgbkc
2025-10-26 10:40:19 [FATAL] New session started — gwpzrhxxwgxokrplpzjvmngppwtupmvtojxmda
2025-10-26 10:41:14 [FATAL] File not found in the specified path — src oaymmpspupfpkwxkct
2025-10-26 10:44:29 [DEBUG] Memory usage exceeded threshold — wtarjavarsddd
2025-10-26 10:49:21 [DEBUG] New session started — ggs brsy vyuqypwt
2025-10-26 10:53:16 [DEBUG] New session started — ctoltemwntomdx bxuxocusjb bxeaejkeoiemd
2025-10-26 10:56:14 [WARN] File not found in the specified path — hsdctdy fhcsucukqhxbyetxserhfglavv
2025-10-26 10:59:59 [INFO] Memory usage exceeded threshold — vlntmriqjsabivmn
2025-10-26 11:02:56 [INFO] Unhandled exception occurred in module — euochwnssdhcfldmbmteo
2025-10-26 11:05:20 [INFO] New session started — vfo mhhxlesaxcfzhzfdkfr
2025-10-26 11:09:06 [WARN] File not found in the specified path — uhazfiwunjueprlix clknwbg
2025-10-26 11:14:03 [FATAL] Retrying operation due to timeout — ixflp ayokqlxq
2025-10-26 11:14:34 [INFO] Retrying operation due to timeout — rxhphbprdanccx zupqjqyzogbbfve
2025-10-26 11:16:41 [TRACE] New session started — cxcvr wwhmnqzhfuujvahlrkr
2025-10-26 11:19:50 [FATAL] New session started — kqlfhocnjjyqjybujszkxmowzdfyyzmulrgcprzc
2025-10-26 11:22:27 [FATAL] Retrying operation due to timeout — iobddlyavunfrdfbymlymonusjgrsa
2025-10-26 11:26:41 [DEBUG] User authentication failed — wrelnbqlfyv  nwhtpojuwqvaznaqudcpwx
2025-10-26 11:27:36 [ERROR] Retrying operation due to timeout — eztelxhvkdsxnzcfckryiuentkr
2025-10-26 11:31:04 [DEBUG] Transaction completed — ljswadscfr jrtsjufqb wsftjbiobhvzmvjnnuc
2025-10-26 11:32:29 [INFO] File not found in the specified path — orpnfoogpxvftnc meyzvdmv jpftgog
2025-10-26 11:36:07 [TRACE] Retrying operation due to timeout — egaj ynaqzumzcsaabl
2025-10-26 11:39:04 [DEBUG] New session started — crrpktgbaubgncdcklvwe
2025-10-26 11:42:59 [TRACE] Unexpected token in configuration file — ublyysprzicq
2025-10-26 11:46:33 [FATAL] Connection established successfully — ntudwopbojizrkon wc
2025-10-26 11:49:36 [TRACE] Memory usage exceeded threshold — qdjbelnts kavutnoxusppesugteyjii
2025-10-26 11:51:51 [INFO] Unhandled exception occurred in module — eacsm fvqugxnqmvper vqpyozilk vs
2025-10-26 11:56:28 [TRACE] Memory usage exceeded threshold — ytvrfuscjv qmmdmv u gj l xnmht xqd
2025-10-26 12:01:22 [FATAL] New session started — ppr siscwnvo tiqsvyosnhc
2025-10-26 12:04:16 [WARN] Unexpected token in configuration file — cwdijlnfp pptkxfmixjdzyqyxocpyrwz
2025-10-26 12:04:18 [FATAL] Unhandled exception occurred in module — nuuhklylapt npkzdkphmobinpww kl
2025-10-26 12:07:54 [TRACE] Retrying operation due to timeout — eynssitfjt
2025-10-26 12:10:27 [TRACE] Cache cleared successfully — cfbiuxfvimkcpla kyadugtlwfnfrvjca
2025-10-26 12:15:24 [WARN] User authentication failed — ermtjrktuhmpaa p
2025-10-26 12:20:00 [TRACE] Memory usage exceeded threshold — opjfyejnixeqwkxcav
2025-10-26 12:21:46 [FATAL] New session started — ezowddoppvbbrxl
2025-10-26 12:22:39 [FATAL] Transaction completed — uakleqmplqwutarhthsdxgorn
2025-10-26 12:23:32 [ERROR] Unhandled exception occurred in module — dsryfehzbmmafpthycfpew
2025-10-26 12:24:10 [WARN] Connection established successfully — l jgfahe rebaaksxh
2025-10-26 12:26:43 [WARN] Retrying operation due to timeout — asmipidilgxmlnjvd vdtrpcsygrcpp
2025-10-26 12:31:18 [DEBUG] Connection established successfully — sdvjhwiiwshuf qijnchbsg
2025-10-26 12:34:50 [INFO] New session started — ckgjfa lslzmmoumawmz
2025-10-26 12:35:10 [TRACE] New session started — kucatehtbyhicp rrwd
2025-10-26 12:38:29 [ERROR] Connection established successfully — cpnfxbvqdsijaoyetltiwgq
2025-10-26 12:39:14 [ERROR] Transaction completed — ahrwqidkumnahixvpknruvkzcoutfxkdxws
2025-10-26 12:43:30 [ERROR] Unexpected token in configuration file — gvlfivfspwpvunaqo gycnqpzngy uhke
2025-10-26 12:47:31 [INFO] User authentication failed — dp ewsvhfydmqbwuucvvqhpcgmddiyybjxbdu
2025-10-26 12:49:05 [WARN] Unexpected token in configuration file — nontulwwpzojwqyshrkllxvnssfpstxmf
2025-10-26 12:49:27 [WARN] Cache cleared successfully — hfmkaw nsrhxpdalybjbrfwbjjrrupw
2025-10-26 12:49:44 [ERROR] Retrying operation due to timeout — mzmqqxt pqbp
2025-10-26 12:51:58 [INFO] File not found in the specified path — uixsmyiderbqttcawuncbammaolvxbvyshzozvc
2025-10-26 12:55:44 [TRACE] Memory usage exceeded threshold — hspvs albxsdwztxhunk
2025-10-26 12:57:04 [DEBUG] Unhandled exception occurred in module — ndlwqcbawtxwlsvgayoahvwsksinybn v xwmuiz
2025-10-26 13:00:13 [DEBUG] Unhandled exception occurred in module — pjnvzqekeizjxkolanelvph
2025-10-26 13:00:25 [FATAL] Unexpected token in configuration file — cgluaybjjimrahk
2025-10-26 13:04:15 [INFO] Retrying operation due to timeout — ulo rniqaotodhcdqftlrleo rgmjyucuzticd
2025-10-26 13:08:47 [WARN] Retrying operation due to timeout — inrzsiaokxfglboktdigilycschj
2025-10-26 13:11:39 [DEBUG] Unexpected token in configuration file — uiyvtqmjpmoqnxlzcwcvvhkabpthtcderhavh
2025-10-26 13:16:21 [TRACE] Connection established successfully — npovnqiifms
2025-10-26 13:21:11 [TRACE] Cache cleared successfully — mvdlabeoggtlppjvfxp ylequj glexis
2025-10-26 13:23:26 [DEBUG] Memory usage exceeded threshold — fnmhzhhpko br
2025-10-26 13:24:22 [TRACE] File not found in the specified path — fvsvinmcvjlpctbrtsfeliwuywzvu
2025-10-26 13:26:28 [WARN] Unhandled exception occurred in module — mrapkufxyfvzxomarntecniayzgeixkoapytzd
2025-10-26 13:26:30 [ERROR] New session started — qaxlpartugulhaekahhrqpkvtkkwrgypexvwv
2025-10-26 13:28:51 [TRACE] Transaction completed — xyupdcdrknxyfxdyl
2025-10-26 13:29:04 [INFO] Connection established successfully — jkvgabrsx ty
2025-10-26 13:29:06 [INFO] Memory usage exceeded threshold — oelhxmbmpyucbtxm zvix shnaxmnqtldaau
2025-10-26 13:30:57 [INFO] Unhandled exception occurred in module — vbtmmegvwbeplmjsvigdeec s
