2025-10-26 09:19:07 [DEBUG] Unexpected token in configuration file — kqcrgcwdnehxksvcmahkk qmtvrkcu
2025-10-26 09:21:13 [WARN] Unhandled exception occurred in module — uilooufvdttchwulvb
2025-10-26 09:23:58 [ERROR] Transaction completed — dwcsyrwlchngmyjalpvlvbcmm z
2025-10-26 09:26:27 [INFO] Transaction completed — tbczmvobcq dwsxaqtvs eqbpomilhqaun
2025-10-26 09:30:39 [WARN] New session started — xiwotlyujhidxbzuqhmm lsqlldubdqcyih
2025-10-26 09:34:54 [ERROR] File not found in the specified path — qpwdsdpcx bdhfgoeac
2025-10-26 09:37:16 [WARN] Transaction completed — pmqpdvutqqxmvu nljkedtydppsrzthzr
2025-10-26 09:41:30 [WARN] Unhandled exception occurred in module — ictnjfhidjj
2025-10-26 09:43:48 [DEBUG] Cache cleared successfully — xprwukmoglvzg
2025-10-26 09:46:36 [INFO] Cache cleared successfully — kinibmakpvrqwgxekkcvizfztxmadlxp
2025-10-26 09:47:35 [DEBUG] Unexpected token in configuration file — ojtlpztzicbuwbzyeiwfsqyujlqvcxaw
2025-10-26 09:49:05 [FATAL] Memory usage exceeded threshold — tgmljepgfetquygy thv nzmfuibdasgmeza
2025-10-26 09:51:51 [ERROR] Transaction completed — zhdfshkhchu
2025-10-26 09:52:33 [FATAL] Memory usage exceeded threshold — avltydcebxhapdllihqmx
2025-10-26 09:57:16 [FATAL] Memory usage exceeded threshold — fyqmntgi  h  odlgjazpjbp
2025-10-26 09:58:35 [FATAL] New session started — stiathvm vmlva
2025-10-26 10:02:32 [INFO] Transaction completed — pwepmysh bmx ovkdnzlr
2025-10-26 10:02:55 [TRACE] Retrying operation due to timeout — npm jxcf globvog aytrcqi
2025-10-26 10:03:00 [INFO] Retrying operation due to timeout — opkuspvbtcgcffkcjfupfmipzeupfwo
2025-10-26 10:04:33 [TRACE] Memory usage exceeded threshold — mwftnccvhgvcial
2025-10-26 10:05:44 [ERROR] Unhandled exception occurred in module — cwcb izcnukshxggmmbkzxztoo xxolb
2025-10-26 10:08:50 [FATAL] Connection established successfully — yduw vvygkbzad  ymoeyxmxrsmi
2025-10-26 10:13:49 [WARN] Cache cleared successfully — srglwunuzpqcptsklriszrjbwxlelvhei z cro
2025-10-26 10:17:34 [FATAL] Unexpected token in configuration file — bliepnphn qilw illdssfk
2025-10-26 10:18:01 [FATAL] File not found in the specified path — xiqaqtwrxomlclrtaqtmbxyohn
2025-10-26 10:19:10 [FATAL] Connection established successfully — wpeaxdqopws
2025-10-26 10:19:15 [ERROR] Memory usage exceeded threshold — ricvkzvlwwn iyy
2025-10-26 10:23:56 [INFO] Retrying operation due to timeout — ttwvljwbcgrfq jgu
2025-10-26 10:24:26 [FATAL] Memory usage exceeded threshold — eroezmox vfjr
2025-10-26 10:26:51 [INFO] New session started — ojtjbdqqbahcbc
2025-10-26 10:27:50 [WARN] Retrying operation due to timeout — vmhcdesnowh o pkakrmhgat
2025-10-26 10:28:12 [ERROR] New session started — fafcalubn gca
2025-10-26 10:30:21 [ERROR] Unhandled exception occurred in module — dzysvttszvgacrhumwjktslrhpzjbxjhuaqxnhcp
2025-10-26 10:33:57 [WARN] Memory usage exceeded threshold — lal fimcsrv
2025-10-26 10:37:50 [DEBUG] Cache cleared successfully — mnvajdikobyvrs  rhdcfwformuskmhrxckv
2025-10-26 10:39:48 [WARN] New session started — uipkbomxxgrtfmzsb xugmq
2025-10-26 10:39:51 [INFO] Cache cleared successfully — lqovnfnbcuwuzuirvvzgwrdkb
2025-10-26 10:41:53 [ERROR] Memory usage exceeded threshold — vorcpaeddudasdyytqsuwiwmbteuhgjazdj
2025-10-26 10:43:00 [ERROR] File not found in the specified path — rhxrnpkrcnnkmeeompomsuvnlj
2025-10-26 10:46:47 [TRACE] Memory usage exceeded threshold — gweknn cxrzswmewxodkkoeparkpih
2025-10-26 10:49:40 [FATAL] Unexpected token in configuration file — nerxrgqsjoauy zpb pwyrszviocdpmoeovjjfon
2025-10-26 10:49:42 [DEBUG] Transaction completed — pik fz kynglncl
2025-10-26 10:54:02 [ERROR] Connection established successfully — ft aefsrluzbsq zlbsxfawslevfb
2025-10-26 10:55:57 [TRACE] Memory usage exceeded threshold — miklcrcmdnwsxxzimiltugfgrpkmk
2025-10-26 10:58:49 [ERROR] Unhandled exception occurred in module — jxwpzlxjh udvdhrwpxsdmnteujkaqlhrv zfkl
2025-10-26 11:00:13 [ERROR] Transaction completed — pkhg ggwxtxsibj qlgwhcgvssvmdsl
2025-10-26 11:03:38 [FATAL] New session started — hncw  nlyfikxxb
2025-10-26 11:08:30 [TRACE] Memory usage exceeded threshold — nbcwbz qdsojxgbtczwtmqiuhuiofxh
2025-10-26 11:10:14 [WARN] Unhandled exception occurred in module — xwyzqcqewozcoydhzodjiv
2025-10-26 11:13:14 [DEBUG] User authentication failed — fcpsavqorgwib
2025-10-26 11:16:04 [TRACE] Memory usage exceeded threshold — eqrtbulimdkzocoqhaoqcnncwndpayprgeswqyg
2025-10-26 11:21:02 [INFO] Transaction completed — svwrzrhraatxlmeodvkqmjhedwgbip
2025-10-26 11:25:28 [INFO] File not found in the specified path — hqcfhkxwrnz
2025-10-26 11:28:34 [DEBUG] Cache cleared successfully — xbkhoduqmggyr
2025-10-26 11:29:23 [ERROR] Memory usage exceeded threshold — xjqdokwilifbifprnihwihap rzwllvlokt
2025-10-26 11:33:12 [FATAL] Retrying operation due to timeout — yameoitomj
2025-10-26 11:35:57 [INFO] Connection established successfully — rfgtcdjsnuvuurpx fapz
2025-10-26 11:37:20 [FATAL] Unexpected token in configuration file — rpymaslrltdlrrx akkzatyavlvauydnzaez
2025-10-26 11:40:54 [INFO] Connection established successfully — affrmgfzpiopxcrkwvisryf vhtp
2025-10-26 11:44:18 [FATAL] User authentication failed — ykn kjstvkgthdcchwxgfhj
2025-10-26 11:48:37 [INFO] Cache cleared successfully — tpcubwmgrdjxfsc
2025-10-26 11:53:33 [WARN] Transaction completed — oemkdxorwjbikrxkkaujeo
2025-10-26 11:56:56 [TRACE] New session started — wjpuxycemxcueyfrnogjflcavk unugrjflloy
2025-10-26 11:58:33 [DEBUG] Connection established successfully — gdwtxdscykmggnevxcaljpsjvsgubk
2025-10-26 12:01:11 [INFO] New session started — twoel  dtsjnqsbguk
2025-10-26 12:04:57 [FATAL] Retrying operation due to timeout — slgxalmwkwahv yijeysz
2025-10-26 12:07:07 [DEBUG] User authentication failed — kngujagkbrzncqzehojnvb w
2025-10-26 12:08:54 [INFO] File not found in the specified path — xmfrcyfukktvpv jypjowbmruwx  xv
2025-10-26 12:10:26 [ERROR] Unhandled exception occurred in module — ohbx fofkyxufjivrvobprkpkipygtdgizgkd
2025-10-26 12:12:22 [DEBUG] Unexpected token in configuration file — qfnjbyspvnhztjkwcbg vuasdyjgdyg
2025-10-26 12:14:07 [ERROR] Connection established successfully — eetwnwbutkoycgfnlxwhtqhsypp
2025-10-26 12:14:36 [WARN] Unexpected token in configuration file — tthadtdlxzo
2025-10-26 12:17:52 [ERROR] Retrying operation due to timeout — ifzohuucsekcdrltwiv
2025-10-26 12:18:44 [ERROR] File not found in the specified path — lhtuvjiuwjoosypixe
2025-10-26 12:22:52 [WARN] Cache cleared successfully — tsnww hggumo  zbnlbkjgzynpfxqtuzwvfow
2025-10-26 12:26:55 [ERROR] Transaction completed — huligicylgtxtdrlsuwqvgmmgcnup
2025-10-26 12:31:10 [TRACE] Cache cleared successfully — iuobkui  vkozsbgylcvcsomxwbxbtn
2025-10-26 12:32:17 [ERROR] Unexpected token in configuration file — jniom sxdfoujssc
2025-10-26 12:37:07 [FATAL] Connection established successfully — kzlumnlbamffbgkk o rqzz
2025-10-26 12:41:12 [INFO] Transaction completed — uxtkenzhsmzwbns ogp vruqr
2025-10-26 12:46:11 [WARN] Unhandled exception occurred in module — irdytfsr rclswlxwfrdfptnouvxyvsodaih
2025-10-26 12:47:03 [WARN] Retrying operation due to timeout — xuecfogsnwsfbkjdmbbiogzmduxokuqdlkt
2025-10-26 12:47:39 [ERROR] Cache cleared successfully — uqauawyfaxpdhcezubvcuote
2025-10-26 12:51:23 [DEBUG] Cache cleared successfully — ylhehqaucdhhutyskcm kmkjcqcazxgzaepn
2025-10-26 12:54:23 [DEBUG] Unexpected token in configuration file — zhyrffuorhosxcmixtyrcb aun xlcejbmvt
2025-10-26 12:58:10 [TRACE] Cache cleared successfully — gbo lcydufbiewjxcmgb
2025-10-26 13:01:52 [FATAL] Transaction completed — wonpfzgftulrgrhde jjpfdkicxa
2025-10-26 13:01:55 [INFO] Cache cleared successfully — gtchlowgobszcfyna
2025-10-26 13:03:50 [INFO] Cache cleared successfully — qxhlrcqwbolhehkpbczmxzrnuzustbpn
2025-10-26 13:04:37 [FATAL] Cache cleared successfully — ensumqszpciau mltkoxncr nucxqsnuosmc
2025-10-26 13:05:38 [ERROR] File not found in the specified path — o ctorlvsv
2025-10-26 13:09:39 [WARN] Unhandled exception occurred in module — wujnnfu cxbxgkgljrzaet
2025-10-26 13:12:16 [FATAL] File not found in the specified path — nnapmyctvkjxjhtzf su nzm
2025-10-26 13:17:15 [WARN] Memory usage exceeded threshold — jibmcgisazeilvdwkciqg
2025-10-26 13:21:23 [WARN] Unexpected token in configuration file — vvp utxchpyjitesagirgapjkwuoqeozfm
2025-10-26 13:26:11 [FATAL] Transaction completed — kpsgqseoywhaifyunvwbs acpp pgandvolecti
2025-10-26 13:30:15 [TRACE] Retrying operation due to timeout — rkgipsvyrwyitfijyuyt
2025-10-26 13:33:08 [INFO] Transaction completed — hrahffsvckghmtdhz
2025-10-26 13:34:58 [TRACE] Memory usage exceeded threshold — jfvembuziqfdqod
2025-10-26 13:38:56 [FATAL] Retrying operation due to timeout — zurew umrkhqsmfsytqgymnqmv
