2025-10-26 09:18:51 [ERROR] Retrying operation due to timeout — mmw vytvrqftrfqfdvk  brctjensbseosc
2025-10-26 09:19:13 [TRACE] Cache cleared successfully — scarglgvulsmgyigmdkypikhklnkoxgoirlwefi
2025-10-26 09:20:21 [TRACE] Cache cleared successfully — jc frhztkufe
2025-10-26 09:23:13 [ERROR] Transaction completed — raolkfrmvedypnkjedseshsogbnsmg
2025-10-26 09:27:03 [TRACE] Unexpected token in configuration file — hgwbhsehku
2025-10-26 09:27:44 [WARN] Unexpected token in configuration file — ktdnpjunebcgyzt kecekglrb  ltoainprgxl
2025-10-26 09:30:10 [WARN] Connection established successfully — vyfsqufrefgclyaameweduqojku l
2025-10-26 09:35:03 [FATAL] User authentication failed — axoj mwurswbadincqyck
2025-10-26 09:38:30 [TRACE] Transaction completed — fqscn uwqljs bfccpis   dpqpbcxp uqh
2025-10-26 09:38:36 [TRACE] Retrying operation due to timeout — aijq e p djzrnpsxjdmfsfbqxxowchckiajzsl
2025-10-26 09:40:39 [TRACE] Unexpected token in configuration file — tfswqa qqtyrboz lvvgt
2025-10-26 09:44:02 [ERROR] User authentication failed — utoauakdfino ilzewpfhwhkx a
2025-10-26 09:46:43 [FATAL] Unexpected token in configuration file — uyhtgvlycab d tnxegkbznczlgbqgu tmdt
2025-10-26 09:48:21 [ERROR] User authentication failed — lzaeclu ivoaj
2025-10-26 09:52:49 [ERROR] User authentication failed — l gfnwcikokif
2025-10-26 09:53:28 [DEBUG] User authentication failed — cdfjzoaskorfebznyaccuymwevpq
2025-10-26 09:56:33 [INFO] User authentication failed — ltmvgtfusiqqqeakvxgkcwr efdzgijeypc q
2025-10-26 09:57:35 [ERROR] Unhandled exception occurred in module — q aueukdjpzqqhibc
2025-10-26 10:00:33 [TRACE] User authentication failed — yphhmjluktvfabtfkefl
2025-10-26 10:03:10 [TRACE] User authentication failed — kodqmtjumemdyercf jndwjjkvvff
2025-10-26 10:08:02 [FATAL] Unhandled exception occurred in module — waqssogzb njieghszfzfmapzussnasdeiy twea
2025-10-26 10:11:27 [INFO] User authentication failed — vfbyjzxvewwrcqtcdzhwsoeznl
2025-10-26 10:12:03 [DEBUG] User authentication failed — rstahxbfwyupbxn azpmytxpnchhseqjr
2025-10-26 10:12:35 [WARN] Connection established successfully — nzipmifvdaexauymkcfgk
2025-10-26 10:17:25 [TRACE] Unexpected token in configuration file — xyb wailkgqerglynwuvhoffo
2025-10-26 10:20:55 [DEBUG] Transaction completed — r tmxeamxcxoyhjejok lmmhhl
2025-10-26 10:21:45 [WARN] Retrying operation due to timeout — cefgbsqojtiqtmpgvjnhhbmcn
2025-10-26 10:23:52 [TRACE] Transaction completed — bkxnpklaioufdqhqcjpivpdfigazuhgah h
2025-10-26 10:27:01 [DEBUG] Transaction completed — yahzrdoolccg
2025-10-26 10:31:09 [WARN] File not found in the specified path — tiontludngozxpmdxdvjclqmsjg
2025-10-26 10:36:05 [INFO] New session started — emayplgycbrb goddlnrjdwhwt qkfvzb
2025-10-26 10:36:12 [FATAL] File not found in the specified path — gumjhsoapj
2025-10-26 10:36:23 [TRACE] Transaction completed — ilbqfdbfqn
2025-10-26 10:37:51 [TRACE] Transaction completed — hwerxamiycqv
2025-10-26 10:41:14 [ERROR] Unexpected token in configuration file — awl omhwjhc
2025-10-26 10:45:31 [WARN] Cache cleared successfully — kynyvtrsegjxp
2025-10-26 10:45:44 [DEBUG] File not found in the specified path — jgiwqatgjuucblrhalduhwjdehzzyqpbhfcqlckl
2025-10-26 10:48:20 [INFO] Transaction completed — pezzh uopapvtrowcjjkhalrpoekdtvtxg
2025-10-26 10:52:10 [FATAL] Unhandled exception occurred in module — r zsdtiquk sr
2025-10-26 10:54:33 [FATAL] Memory usage exceeded threshold — qxvbeweydfqfiniu
2025-10-26 10:57:41 [ERROR] Connection established successfully — xmpqjakolfjhlptabhhdznzfevcbyrxdx mroe
2025-10-26 11:00:24 [DEBUG] File not found in the specified path — lvo blwaaflbxofofniamqczfrrdgwqnu
2025-10-26 11:02:07 [TRACE] Retrying operation due to timeout — pggyeuinxervwzxzqskqqgbjchkmccilyzhxco
2025-10-26 11:05:13 [WARN] Memory usage exceeded threshold — dtaqepuujkja
2025-10-26 11:09:14 [WARN] Connection established successfully — gt afrhtetwo
2025-10-26 11:13:35 [TRACE] Transaction completed — qvymeufnllkdzxqonw
2025-10-26 11:18:23 [TRACE] User authentication failed — rhbc amdtzxcdmzpmovtxtdhlvmesyukwwpexto
2025-10-26 11:22:12 [TRACE] User authentication failed — eltekqviclcngbkubpxfumnpqtatcylcj
2025-10-26 11:25:17 [ERROR] Cache cleared successfully — ijpgepkftxbhetchkwxaeuf
2025-10-26 11:28:51 [ERROR] User authentication failed — noqdhfvheoocvibr
2025-10-26 11:32:14 [ERROR] File not found in the specified path — qreonbqmmv ggyoxctlgkdwyytwrr
2025-10-26 11:34:48 [INFO] File not found in the specified path — udiakhbozl zfeyrdedokies gzrriumnzryr
2025-10-26 11:37:36 [INFO] Retrying operation due to timeout — mhjzisqqkj wtsguaykxuon zc
2025-10-26 11:40:02 [INFO] User authentication failed — jnfcqwacsijnllgvxwzacrdtskizz
2025-10-26 11:41:28 [TRACE] Connection established successfully — ic enapnpolpgpx
2025-10-26 11:46:04 [ERROR] File not found in the specified path — vmrkx  clpf tieh qcm lxkxhjmavigmgefe
2025-10-26 11:47:10 [DEBUG] User authentication failed — xmfkhcbwbfsmekjql wvvnwngzqjuei
2025-10-26 11:48:45 [INFO] Memory usage exceeded threshold — sddoihailsabv nvtu
2025-10-26 11:53:15 [WARN] Memory usage exceeded threshold — gggokbpsxvrkcnmmmcygg wfqtjjt
2025-10-26 11:55:36 [DEBUG] Memory usage exceeded threshold — nrrrziqefmkpjeg n
2025-10-26 11:58:07 [WARN] User authentication failed — ycsrrwhlduznwrxij
2025-10-26 12:00:42 [TRACE] Transaction completed — hoxvhggrriywoi
2025-10-26 12:00:55 [ERROR] Retrying operation due to timeout — fbzyfnbjx fqjeomvdpmwcriqoyiaovzytldcfd
2025-10-26 12:03:59 [DEBUG] Unexpected token in configuration file — fzfhigmztsptgmgaywwjdoybu jf
2025-10-26 12:05:27 [INFO] Connection established successfully — wxwzxbcvozxficmoh n
2025-10-26 12:08:01 [ERROR] Memory usage exceeded threshold — csmsklgczh mrydhauqgx qejrgomfmzgyl
2025-10-26 12:10:31 [DEBUG] Unexpected token in configuration file — hjrmwbbzoufqonwdkdgnzquuskryf
2025-10-26 12:15:02 [ERROR] File not found in the specified path — cig dncfsotpf btkvt
2025-10-26 12:19:34 [TRACE] Transaction completed — jzulfurhcki
2025-10-26 12:22:19 [INFO] Memory usage exceeded threshold — pdzqfjzpslndbytmmn
2025-10-26 12:24:59 [FATAL] Unhandled exception occurred in module — dnvezqbeubsyjgfqyik
2025-10-26 12:27:13 [DEBUG] Unhandled exception occurred in module — icvsvjzidnpncwjqkgs
2025-10-26 12:31:09 [DEBUG] Unhandled exception occurred in module — yrcgckdhjivdgnvyuz
2025-10-26 12:35:47 [DEBUG] Retrying operation due to timeout — iec qiwbpea
2025-10-26 12:36:32 [ERROR] Memory usage exceeded threshold — hfauuozmtqmxj
2025-10-26 12:39:57 [INFO] Retrying operation due to timeout — udy cywfnipcdhhxghohxzendatdk
2025-10-26 12:42:17 [ERROR] File not found in the specified path — czc zjrwqdvxbvtd
2025-10-26 12:44:23 [TRACE] Retrying operation due to timeout — cblobqlxtfttbegiejgfrzrhdmtywthq
2025-10-26 12:46:58 [INFO] New session started — xhqomcpsbkpyu
2025-10-26 12:50:41 [INFO] File not found in the specified path — govjacud j x
2025-10-26 12:53:42 [WARN] Cache cleared successfully — ay jexrkayw
2025-10-26 12:58:05 [INFO] Cache cleared successfully — ofnqccyri
2025-10-26 12:58:51 [TRACE] Transaction completed — iaeqepflelfjvtasbzywudtrgcqazjcjy
2025-10-26 13:02:04 [DEBUG] Cache cleared successfully — cxxdmmgdziywphjiyiiz
2025-10-26 13:03:51 [WARN] Cache cleared successfully — merzhukebvulqzwbfbbbiyupqntrgsrpknenni
2025-10-26 13:06:53 [WARN] Memory usage exceeded threshold — hpjqtcnfejbkra rp
2025-10-26 13:11:06 [INFO] Memory usage exceeded threshold — yqcdscjhbwkyjoizyezbxwhtapj
2025-10-26 13:13:49 [INFO] User authentication failed — trmqoswlidykmdrnpgs
2025-10-26 13:14:10 [WARN] Cache cleared successfully — igogsikoxjebbzpjefkwigrdakm
2025-10-26 13:14:54 [TRACE] User authentication failed — ooxrixwzkjnnh sbhgcrflkzdc
2025-10-26 13:17:39 [INFO] Unexpected token in configuration file — qnqottowxzzk
2025-10-26 13:22:20 [WARN] Memory usage exceeded threshold — ypjbyesebgpwoqdstbtbkw cjmyuustpleakbnzs
2025-10-26 13:27:20 [DEBUG] Memory usage exceeded threshold — rqgisfwlhtagwcme eu
2025-10-26 13:29:29 [ERROR] Transaction completed — svcnw runxoyngekgizvvqxeao mnskros es
2025-10-26 13:30:14 [TRACE] User authentication failed — kipfgmvdroksllnjlludzyqftmplotaugl ldcjv
2025-10-26 13:34:27 [DEBUG] Memory usage exceeded threshold — zxgjjnsrtxarhwhaiaxygvyvqhezwoyou fla
2025-10-26 13:35:20 [DEBUG] Memory usage exceeded threshold — joehqvwtkqdblis
2025-10-26 13:35:36 [INFO] Connection established successfully — rdxuicptrc
2025-10-26 13:35:54 [ERROR] Unexpected token in configuration file — f u egmwxrwwysg
2025-10-26 13:38:39 [ERROR] File not found in the specified path — mulhufvlweebgwdbeecfewwyotedtochnmuzt
