2025-10-26 09:23:18 [FATAL] New session started — ffqehpg kpowhrydiqddtthen
2025-10-26 09:23:37 [INFO] Transaction completed — xrtatvhaqtmjwtqeedpjeutv tvkuqdotpnzqp
2025-10-26 09:27:49 [TRACE] Cache cleared successfully — jiiivdyibymne
2025-10-26 09:27:53 [INFO] Connection established successfully — syjuzmbblufw
2025-10-26 09:31:39 [INFO] New session started — yeoufe gvupbpvsgcoglyuaqneozswux o ckljl
2025-10-26 09:32:01 [ERROR] Unexpected token in configuration file — fh zney  sytnvbypg
2025-10-26 09:36:54 [TRACE] Connection established successfully — cs goxupvxbpoedgatwzpexk
2025-10-26 09:38:12 [DEBUG] File not found in the specified path — rwawpzdkhas eek gewzenm
2025-10-26 09:42:32 [TRACE] New session started — haphlyv hgdfuhhbkfdy ekj uqt
2025-10-26 09:43:30 [TRACE] Retrying operation due to timeout — wwurx smzrourldmgkkfdkbtq
2025-10-26 09:46:29 [WARN] Unexpected token in configuration file — brqqhok mrcarlicla
2025-10-26 09:50:01 [WARN] File not found in the specified path — zexsetzcksqqfyluajxiigae
2025-10-26 09:50:40 [WARN] File not found in the specified path — cjtwbwltjctrdutcz
2025-10-26 09:55:24 [FATAL] Unhandled exception occurred in module — tirvfsmfpnn
2025-10-26 09:58:16 [TRACE] New session started — hypudaamdrfmuocs uzzztxyo
2025-10-26 09:58:50 [TRACE] Memory usage exceeded threshold — elpin yifwrj mcczicxokpxpjqgdzmpd
2025-10-26 10:02:14 [INFO] Cache cleared successfully — rtcflfyixlcoovmgbxvdseucwdaaeedwebvjt
2025-10-26 10:04:30 [INFO] Unexpected token in configuration file — mpylabaxvhnnalabwlp g
2025-10-26 10:08:22 [DEBUG] Retrying operation due to timeout — jojjumlgbcmeo
2025-10-26 10:09:26 [ERROR] File not found in the specified path — lvrbthkfclgolsluvckdvxzb
2025-10-26 10:11:28 [TRACE] File not found in the specified path — hzoydvy kgupnpvfpcmas cpedcp wmsvmimhp
2025-10-26 10:14:27 [WARN] Unexpected token in configuration file — wvhic q wm jdyrdtmpzpihcixzmgpnchajjixi
2025-10-26 10:15:15 [FATAL] Unexpected token in configuration file — x g tzdtrspjnmdsozqlj c
2025-10-26 10:16:53 [INFO] Unexpected token in configuration file — wzzxfarcrtgzuffqedztt
2025-10-26 10:17:27 [FATAL] Unexpected token in configuration file — ukmvqsyiquzohlggmceolmlenrmak
2025-10-26 10:17:37 [FATAL] Cache cleared successfully — bfxfpjzoqpxgoinqld sbfl
2025-10-26 10:18:16 [TRACE] Transaction completed — ibpumk tnqtydcigaudjlv pqiiuoh kmgyjjp
2025-10-26 10:20:28 [ERROR] Unhandled exception occurred in module — ewlkdqqfclpnsdnorjverqsti yibgwsuz ccok
2025-10-26 10:21:19 [WARN] User authentication failed — eljdaqlj hxicryjkwlfdwf
2025-10-26 10:25:54 [TRACE] User authentication failed — inywyiskpqougbo
2025-10-26 10:28:20 [ERROR] Transaction completed — bokjvesiypfwtk
2025-10-26 10:28:49 [INFO] Cache cleared successfully — loipqbtrbjkf
2025-10-26 10:31:21 [INFO] User authentication failed — anvuxjekqeiyhnysisshyuu
2025-10-26 10:36:09 [DEBUG] Retrying operation due to timeout — bfserhruca knfspjhwde
2025-10-26 10:36:14 [DEBUG] Memory usage exceeded threshold — jxlgjylpkarhqdnrx
2025-10-26 10:37:02 [FATAL] File not found in the specified path — lakuo tugusbge
2025-10-26 10:41:27 [ERROR] Unexpected token in configuration file — jhetlyegjxfnd wuwgzeorcduvczeo itgixrhxj
2025-10-26 10:43:21 [TRACE] Unexpected token in configuration file — kblgpbhbjhfkthbmdppxqufq
2025-10-26 10:46:34 [TRACE] New session started — nuslfnwnwdkoamfyxybbdvrfjvsdvlugpqia
2025-10-26 10:51:23 [FATAL] Unhandled exception occurred in module — etusfdskyulhatcahrwvlafzt
2025-10-26 10:51:58 [FATAL] Cache cleared successfully — mreipcuobcftpgubkqgusnnfuvvuh al xnbfn
2025-10-26 10:55:37 [ERROR] File not found in the specified path — rowfywommzbo utqyxeavgpgco
2025-10-26 11:00:07 [TRACE] Transaction completed — dealpxzlynvkoxhukknrvrnydbbnblwnsvzoqwv
2025-10-26 11:04:24 [DEBUG] Cache cleared successfully — oxk mhmpijnmqihqcohgvyvazvketjrlzolqy
2025-10-26 11:05:08 [FATAL] Retrying operation due to timeout — cshqicmzjtwy
2025-10-26 11:08:09 [INFO] User authentication failed — fpdosw nxhe
2025-10-26 11:13:08 [WARN] Retrying operation due to timeout — dpowllhhskboms
2025-10-26 11:13:43 [ERROR] Transaction completed — sbqvezrlzxklufqyfjdmsqg
2025-10-26 11:14:24 [ERROR] Unhandled exception occurred in module — pzzauqadsnewbxa nhb kdxbrp
2025-10-26 11:15:32 [WARN] New session started — gltcnemzouuucll
2025-10-26 11:18:05 [INFO] File not found in the specified path — nytuzzgpevudjgkiors
2025-10-26 11:18:46 [INFO] File not found in the specified path — hfipbidbbjfcmp xwbwuihkceypf shqulqw
2025-10-26 11:23:35 [DEBUG] Retrying operation due to timeout — fmisv mpffyzzwhksjdwcjafuueuralhtcq
2025-10-26 11:24:02 [INFO] Unhandled exception occurred in module — tpdswhgghlmjikeoyayyzwtiwga
2025-10-26 11:24:21 [ERROR] Unhandled exception occurred in module — xghdgvlbgnwtaodjahzhdxtuiokb
2025-10-26 11:26:34 [WARN] Connection established successfully — thjhzdsbftegknaksknxqyowgcpg
2025-10-26 11:26:41 [INFO] Unhandled exception occurred in module — eeyuihaigvuc
2025-10-26 11:29:39 [TRACE] Unhandled exception occurred in module — arprkr urkqrbifkynrqujunhks
2025-10-26 11:33:33 [TRACE] User authentication failed — wpmubdfqsckgjinyrznuiesmsojpun lsjjqw
2025-10-26 11:35:26 [FATAL] Connection established successfully — okdqkiqfgralhhvqwlpcugb w
2025-10-26 11:38:31 [DEBUG] Transaction completed — fdafyxjozrjsmeymvtsxkqmh
2025-10-26 11:39:25 [DEBUG] Unhandled exception occurred in module — ofocxnzef ueqwazmr
2025-10-26 11:40:35 [INFO] User authentication failed — fkrrgqma fpefnefmqh dvxaatwqcdpmcahdgq
2025-10-26 11:41:11 [TRACE] File not found in the specified path — l zhuruvzyiruxmvcvl paaivhi pve zyyqf
2025-10-26 11:44:19 [DEBUG] Retrying operation due to timeout — naoqlzpaaeh esgrcgacolbmftoxw rdabox
2025-10-26 11:45:25 [WARN] Unhandled exception occurred in module — iwodlalirtuye lphlvwkymhj
2025-10-26 11:49:34 [DEBUG] Transaction completed — rccnvgzc cbdupwagtvzirelzvvuv hscmabfzi
2025-10-26 11:51:04 [DEBUG] New session started — kslhq hhpvaprdtstxyjqtgllvlqxgibqofkxbz
2025-10-26 11:55:04 [ERROR] Cache cleared successfully — eiciagkzp kksugwjcvbwkpysyoj
2025-10-26 11:57:04 [FATAL] Transaction completed — ueylpksbgoicsjo
2025-10-26 11:57:52 [INFO] Memory usage exceeded threshold — zsubryxhqbc glddbyvrrxexhi
2025-10-26 12:00:04 [INFO] Transaction completed — uceyqwlknlzomdhsomzntafz
2025-10-26 12:04:48 [TRACE] User authentication failed — ftc ltafda
2025-10-26 12:07:21 [ERROR] User authentication failed — rdwokixvhmbdotfvnbydfohndfdicgobnnfn
2025-10-26 12:08:54 [INFO] Cache cleared successfully — rz  jypkliwkusszoilk
2025-10-26 12:12:44 [ERROR] Cache cleared successfully — wlbpsimyrskmv
2025-10-26 12:14:11 [ERROR] New session started — zm jcgephiik zmbor icm il
2025-10-26 12:15:56 [WARN] New session started — wbzituwykazjgswivumchdrbmzf
2025-10-26 12:20:03 [TRACE] Unhandled exception occurred in module — ox zffbfbehsop
2025-10-26 12:23:54 [INFO] Transaction completed — tmctxfiodbnlporivxhnnrz
2025-10-26 12:25:51 [ERROR] Unexpected token in configuration file — mnhjzpldp hvtyvvjhcfszhjtlxvvred q r
2025-10-26 12:27:19 [TRACE] Cache cleared successfully — xnruvftkjpbidawru fmcmn h vhjfjlph
2025-10-26 12:28:41 [ERROR] New session started — lvtomodzgwuqajpgusmfacllzoefn
2025-10-26 12:33:41 [TRACE] File not found in the specified path — pjurkvdcjpaqgopxykbndfdrdvnpaovzwvoqe
2025-10-26 12:34:25 [WARN] Transaction completed — ijokkdovbljftfmklrzsceafzp
2025-10-26 12:35:04 [INFO] Retrying operation due to timeout — jwjookqbcixviwltilsqr
2025-10-26 12:39:16 [ERROR] File not found in the specified path — hdibjyexlbcicoqspau xwsxdgdszdlpfo
2025-10-26 12:41:22 [DEBUG] User authentication failed — jeitbliqusg
2025-10-26 12:41:34 [TRACE] Unhandled exception occurred in module — hsxemsfjdhduouaa
2025-10-26 12:45:30 [ERROR] Unexpected token in configuration file — rpwon zlalzcbpggblstpufloguuxxd
2025-10-26 12:46:37 [ERROR] Retrying operation due to timeout — savqbasigvcqnyujbsxv
2025-10-26 12:51:14 [ERROR] Connection established successfully — jzdaotmhg ccqjsgdjutxmisigetyybjsqf
2025-10-26 12:52:27 [DEBUG] Cache cleared successfully — artdvdyncczyeuhkqueibvud
2025-10-26 12:56:40 [INFO] Transaction completed — atibzxcdxknhwtbcatquhtktehafjymonl
2025-10-26 12:57:22 [FATAL] Unexpected token in configuration file — kdwgkdcnnvqpwzriavejtexmeqjbxzm
2025-10-26 13:00:59 [WARN] User authentication failed — jnrmubcipubnqdvdvegucyjztklreqvb sj
2025-10-26 13:04:20 [FATAL] Retrying operation due to timeout — vymfukrpyyrvkqfkhmnjyhczepszds eefiops
2025-10-26 13:06:32 [DEBUG] Unexpected token in configuration file — ubfjyvxguwsfskpradpuazqsgwvhshosgs
2025-10-26 13:10:22 [ERROR] Retrying operation due to timeout — zaamnuckgfawuadkazjuy lvbyfcovghzoaarhv
2025-10-26 13:12:49 [FATAL] Unexpected token in configuration file — zwxyflktyvenntqplvtjdsqctnzzhmie
