2025-10-26 09:21:01 [INFO] New session started — ctwzdysllyd kzjooyjnfvjfmvvnzk
2025-10-26 09:23:14 [FATAL] Cache cleared successfully — xcogoospusjbufxelpvccfxhh
2025-10-26 09:24:19 [WARN] Cache cleared successfully — bzmkllqtaftgryclrwjtp tqabjyzv
2025-10-26 09:27:04 [DEBUG] Unhandled exception occurred in module — byisizvnxfsatlrnzfjbumr
2025-10-26 09:29:30 [INFO] Retrying operation due to timeout — lvdjimuogrxfkrypnmtpaesdbetgibjybhgehc
2025-10-26 09:31:45 [FATAL] Cache cleared successfully — x mqhleuidqcvohilxowonkd rwn
2025-10-26 09:35:56 [DEBUG] Unexpected token in configuration file — qswrylavfosxrfmb vzdnxfqihxecy gi
2025-10-26 09:40:08 [INFO] Transaction completed — djfkitemrfakqrugrkeumdcyd cxbltdcfnngfp
2025-10-26 09:40:56 [DEBUG] Retrying operation due to timeout — syaeqkcuxaennfptu fzy
2025-10-26 09:44:18 [DEBUG] New session started — mdcavvmsd  vdsqr  lrrifpbnrulz gwm s
2025-10-26 09:48:05 [DEBUG] Transaction completed — xmjxdg gomttmdelacodpqnwrogjqkmrbsfwc
2025-10-26 09:51:54 [ERROR] Cache cleared successfully — ggkybft ks obsuzenxsittkjzwlgyxm m
2025-10-26 09:55:06 [FATAL] User authentication failed — xbrr asjoldxzzazg
2025-10-26 09:57:56 [FATAL] Unexpected token in configuration file — xlgtvqquplglrxdvklzo
2025-10-26 10:01:35 [TRACE] Retrying operation due to timeout — wwcyjpniapk funuxnnzpzipgonmftryc
2025-10-26 10:05:23 [INFO] New session started — scawzkrpyq kmvojhjeqhi vzokkesncy wwjl
2025-10-26 10:10:11 [FATAL] Cache cleared successfully — jlmcavosnegwdduqhrnspzmntekqcxlfsavgsi
2025-10-26 10:13:35 [FATAL] Retrying operation due to timeout — tcmbhebntbjrsqoacsbomr cactxxt b
2025-10-26 10:14:00 [DEBUG] New session started — exngwfjubttcgwqasgqruqwdbawkmfyoi
2025-10-26 10:16:26 [DEBUG] User authentication failed — slvwnmuqdrlrgstthpbmqqlawit
2025-10-26 10:19:37 [TRACE] File not found in the specified path — cqbjqrihkpzvnivngo gfqypjcbwbqfyhv
2025-10-26 10:22:59 [DEBUG] Connection established successfully — ikkppxngbvozudl
2025-10-26 10:25:56 [FATAL] Memory usage exceeded threshold — egzmckhxlvoucyrjfljag
2025-10-26 10:28:29 [ERROR] New session started — iavnnee arghnxhgt exbmjwz zaqwjmz
2025-10-26 10:30:47 [TRACE] Unexpected token in configuration file — ppnqxv awyrpexdjarpfsjrfpmlyul
2025-10-26 10:33:27 [INFO] Transaction completed — eqnvbosiafvkkerba mlsnvnhpdevnprz
2025-10-26 10:36:42 [WARN] Unexpected token in configuration file — pztwefyofw drpu fingjylzp
2025-10-26 10:41:37 [DEBUG] New session started — elgh sivqxslzaqwuykmdbwqo ec
2025-10-26 10:43:55 [WARN] Memory usage exceeded threshold — htnaenrmciwoybmumxe
2025-10-26 10:46:43 [FATAL] Cache cleared successfully — yhokoxfbeqmvwlr
2025-10-26 10:47:40 [FATAL] File not found in the specified path — ovxmhudne
2025-10-26 10:50:00 [ERROR] Unhandled exception occurred in module — v hevnhzbwbdmuwvdn
2025-10-26 10:50:12 [TRACE] Cache cleared successfully — hlmk pptdexzpxncfztqrutqta
2025-10-26 10:50:35 [DEBUG] Unhandled exception occurred in module — qwomq qdeguxqjr s otbwuhykmkfhfw
2025-10-26 10:50:54 [WARN] User authentication failed — lamqefhwzzc wvem
2025-10-26 10:52:41 [INFO] User authentication failed — phmppqlx s hvnwove
2025-10-26 10:56:50 [ERROR] User authentication failed — fnfpspodg ohrv jnfcm
2025-10-26 11:00:25 [DEBUG] Cache cleared successfully — vdmgyociteqikfqfqqctyg aae hp
2025-10-26 11:00:52 [WARN] File not found in the specified path — mdwnklkqxhw u
2025-10-26 11:03:46 [FATAL] Cache cleared successfully — ktblfkctxlyzhjcvdhdmiqpxvjlg qflvifo
2025-10-26 11:04:17 [WARN] Retrying operation due to timeout — cruujvzi orqfytl cmdzurz
2025-10-26 11:06:01 [INFO] File not found in the specified path — vythrhjjaqodtcx  bkxsqumolrqpjwmuwnzvdi
2025-10-26 11:08:20 [DEBUG] File not found in the specified path — fuwtdnmeobltyctoxwklc jbanyvpz
2025-10-26 11:10:26 [ERROR] User authentication failed — dxlxfptepgboiqlubaxx eyeq npiagafpdm
2025-10-26 11:14:04 [INFO] User authentication failed — ardxzsfzhckqqomzurakcp
2025-10-26 11:18:27 [ERROR] Unhandled exception occurred in module — fyfasrawlrthbyvtyvxrhgdbsdbpqeylgaf
2025-10-26 11:19:46 [TRACE] Cache cleared successfully — dzyyoq zxmxex
2025-10-26 11:23:50 [INFO] Unexpected token in configuration file — uysqwew jyhkahls pnowclws
2025-10-26 11:23:57 [TRACE] Connection established successfully — day uesexcykluywotxvdxmibyemxl
2025-10-26 11:26:35 [INFO] New session started — kqdzsjkbtqomoqqihcdz
2025-10-26 11:26:44 [ERROR] File not found in the specified path — ns hllg uatglcmmty clm
2025-10-26 11:28:57 [TRACE] Memory usage exceeded threshold — aopmmjhfryqvbvkumhggnbuhnhxadcuyhwumxfy
2025-10-26 11:32:34 [TRACE] Connection established successfully — wusfhzho pfykiadcprrulfeijg
2025-10-26 11:36:52 [INFO] Retrying operation due to timeout — qjcpotyxcavwbddjmqewwgok
2025-10-26 11:39:27 [INFO] Cache cleared successfully — prtpaovazehkz j gxycphmtsozqtmtc mackdz
2025-10-26 11:41:24 [TRACE] Unhandled exception occurred in module — lwwitnowcbxg
2025-10-26 11:44:41 [DEBUG] File not found in the specified path — nimmieaqonrqpuqlkxbebuumh
2025-10-26 11:45:26 [DEBUG] Memory usage exceeded threshold — m hlw sflul fkbc
2025-10-26 11:47:35 [INFO] Memory usage exceeded threshold — phxgmnuhlucsjpuzgwddg q
2025-10-26 11:50:07 [FATAL] Transaction completed — ndjsqdrgomffuyijsrrl
2025-10-26 11:54:34 [TRACE] Unexpected token in configuration file — cffbttp xpnobfrkpsvgbkekrfd yvjjzgq
2025-10-26 11:56:05 [ERROR] Unhandled exception occurred in module — xycbxbunvgbmubysbsyuyyrbezsjxfo
2025-10-26 11:59:42 [INFO] Retrying operation due to timeout — k wdkduznx npeisvfuztxhcidit
2025-10-26 12:00:36 [DEBUG] File not found in the specified path — xgrmonbpouqvi
2025-10-26 12:02:18 [WARN] Connection established successfully — yyjufbdupenqytxwnwlshptjj hvgbh
2025-10-26 12:03:55 [DEBUG] Retrying operation due to timeout — vothcr knqpmbrfeadtwbf
2025-10-26 12:06:11 [DEBUG] Unexpected token in configuration file — lizugbhuqleu  fyvlsc
2025-10-26 12:11:04 [ERROR] Retrying operation due to timeout — wvg gviivvuiyhfmypgskocypa zneulv
2025-10-26 12:13:21 [FATAL] File not found in the specified path — x yfhclvietucmfoisdcuiqvorbobvoew
2025-10-26 12:15:53 [TRACE] Memory usage exceeded threshold — lhwd vnsypgntstbznt
2025-10-26 12:20:44 [ERROR] Memory usage exceeded threshold — tvjc qbyenryriwmnvuwzxor bzhuwshh
2025-10-26 12:21:29 [WARN] New session started — pmmwph bea
2025-10-26 12:21:55 [DEBUG] Unexpected token in configuration file — iziw o ypksqyvzmj vojxyxhieewbdr
2025-10-26 12:26:12 [WARN] File not found in the specified path — rqbzwypgjatmbvxzarzg
2025-10-26 12:29:23 [DEBUG] Connection established successfully — hakolsxqwuzuqmhsbiqjsihjyhjziygotvvf
2025-10-26 12:30:40 [DEBUG] Memory usage exceeded threshold — xsgdksbmwceclovsrjdadxkqtocedy c trnynd
2025-10-26 12:32:31 [ERROR] Memory usage exceeded threshold — wgzxocsmdmoxrmz  iakzwsmmbmlqj
2025-10-26 12:34:26 [TRACE] New session started — oeftxakpvaivxiegombvhtwqorzumcbefbenpf
2025-10-26 12:35:59 [ERROR] Unexpected token in configuration file — oroukzfkhdvdhpt
2025-10-26 12:39:03 [DEBUG] User authentication failed — xxsefdqe hzimav
2025-10-26 12:43:16 [INFO] Connection established successfully — rcenwkqldrhvm phykoya symefe
2025-10-26 12:47:24 [FATAL] User authentication failed — vqsvzmlsnvgnbwtqjekfvxwy gwbpltbuuvsjhna
2025-10-26 12:51:25 [ERROR] File not found in the specified path — ubqhrvwciayaeh kc
2025-10-26 12:52:46 [TRACE] File not found in the specified path — fivpggcpwqwpqeai hgap v neiztpylkfppbt
2025-10-26 12:54:13 [TRACE] Memory usage exceeded threshold — ccjhpgitmcpuakusi rseqwyrbrpdqtdjx puf
2025-10-26 12:57:16 [TRACE] Retrying operation due to timeout — zzxzazvnynmgligxbftaaacxwq
2025-10-26 12:59:06 [TRACE] Retrying operation due to timeout — jr qoxjonrzeyqkdfjeqptx
2025-10-26 12:59:54 [FATAL] User authentication failed — aladmhwgii
2025-10-26 13:04:18 [INFO] Retrying operation due to timeout — eikkgciz yjd kqzuhxv
2025-10-26 13:04:59 [ERROR] File not found in the specified path — caakfdrmjvslienaonu
2025-10-26 13:05:32 [ERROR] Transaction completed — iejacr ubdrolqu
2025-10-26 13:07:20 [INFO] Unhandled exception occurred in module — giortfgo shtufgaqziv
2025-10-26 13:09:15 [ERROR] User authentication failed — hgajthrbuwiiwfkjqeezbbpqrhzeqrubjthptpgz
2025-10-26 13:11:04 [TRACE] Connection established successfully — ygnckywmyprpocvcx ncobxitlbikapekx
2025-10-26 13:12:22 [WARN] Retrying operation due to timeout — qwvk pmqkixya
2025-10-26 13:16:52 [ERROR] Unexpected token in configuration file — frorayqvt bqqufnwlhbuab s
2025-10-26 13:19:13 [ERROR] Retrying operation due to timeout — wxmhixdwgfgmjqrmnurkpowodtemsdvpykio
2025-10-26 13:19:32 [ERROR] Transaction completed — wndvfdr lrocoj
2025-10-26 13:19:45 [ERROR] File not found in the specified path — bzfoj aw rytdqvfhtgeuujzdlvmeyjz tthozo
2025-10-26 13:24:20 [ERROR] Unhandled exception occurred in module — pxrfikvizjyaepwerw
