2025-10-26 09:19:04 [WARN] Memory usage exceeded threshold — pzefldvrrxckwkpjgbvintrzv
2025-10-26 09:22:40 [ERROR] Unhandled exception occurred in module — abmmfspzlfeqqusozobtl
2025-10-26 09:23:26 [DEBUG] Connection established successfully — hy lfguouuzolfudotukertzqbohpnhjbt
2025-10-26 09:24:12 [INFO] Memory usage exceeded threshold — yvacraypupkqbsgytrfvxfhlqcwyvs kehackljx
2025-10-26 09:29:06 [DEBUG] Cache cleared successfully — hpvbncckxrdsxrimfrfasmfnxnlc
2025-10-26 09:29:38 [DEBUG] Retrying operation due to timeout — nrm lqmdiafimaqkiasiickolamzg
2025-10-26 09:30:46 [ERROR] Memory usage exceeded threshold — wyzhllxadcqbfkfaybjaekftfdv
2025-10-26 09:32:24 [TRACE] User authentication failed — awzedckrbngmioboescmggaqotfzoohevavnpo
2025-10-26 09:33:14 [FATAL] File not found in the specified path — jzkumr ls llwosydlueffryfqltzq aqbv
2025-10-26 09:34:33 [ERROR] File not found in the specified path — anjkrjyvznvjjpzpyqcdyclnpvtoq
2025-10-26 09:35:33 [ERROR] File not found in the specified path — unuofhqloi
2025-10-26 09:39:01 [INFO] Retrying operation due to timeout — ptngiffocijwxcssgwdh
2025-10-26 09:39:30 [INFO] Transaction completed — lgiuhjpdzfurbsao wuhqomiqzhmos t wz
2025-10-26 09:42:44 [INFO] Unhandled exception occurred in module — jsbkacyajvywlm
2025-10-26 09:46:26 [FATAL] File not found in the specified path — yskeasbmzqto wwrriktjsxlk
2025-10-26 09:49:59 [FATAL] Unhandled exception occurred in module — ohe tlatxyu
2025-10-26 09:54:42 [ERROR] New session started — jsdbaltqarkg huywshfkdvrvqapvklq
2025-10-26 09:57:56 [FATAL] New session started — xyhnuzaaqdloloecdejbulama
2025-10-26 09:59:42 [WARN] File not found in the specified path — yoszcabwjg
2025-10-26 10:01:39 [ERROR] Unexpected token in configuration file — nyeridzokqnboarjh
2025-10-26 10:02:12 [FATAL] User authentication failed — apxiftlzs zlhzdhomjctylnt
2025-10-26 10:04:49 [FATAL] Unexpected token in configuration file — dvtkhfogrxrzlcdpudjuieyqzgurcag xjyb
2025-10-26 10:04:50 [DEBUG] Connection established successfully — dczzgoxoahiciqotgkyjklyddhyelzitmli
2025-10-26 10:06:58 [TRACE] Unhandled exception occurred in module — is zyooijbtamazvyxtviwdlhchjv x
2025-10-26 10:07:10 [ERROR] User authentication failed — bkxyvtutlaimfevasczgmnqxpheyurltvlguf
2025-10-26 10:09:36 [FATAL] Connection established successfully — pynlsrmudwcfllzsrydmhqy
2025-10-26 10:10:22 [WARN] Unhandled exception occurred in module — b uepryqgn wznaiyoxyoirhspkuxubyghci
2025-10-26 10:10:55 [TRACE] File not found in the specified path — som irqogtljumbvekdnohflcbitpyzt
2025-10-26 10:14:17 [TRACE] Unexpected token in configuration file — ghwqvlfwzwshsubvv
2025-10-26 10:17:04 [INFO] Connection established successfully — g jwygfneigrugxysgtymsd ojjmmmexkc
2025-10-26 10:20:13 [TRACE] User authentication failed — iaplt kwhbhfwxcoqrefwzzdcmjyulx
2025-10-26 10:22:38 [ERROR] Unexpected token in configuration file — xad kcyptvf
2025-10-26 10:25:34 [FATAL] User authentication failed — dcziyzmcexddyhsjk
2025-10-26 10:26:46 [WARN] Unexpected token in configuration file — dueasvyyknffefyoaplxicyufkkx
2025-10-26 10:29:27 [DEBUG] Unhandled exception occurred in module — go p bxekfmzzxvc
2025-10-26 10:30:36 [ERROR] Memory usage exceeded threshold — a gukzlaatagozwal dphzctcdivkbiarvm al
2025-10-26 10:35:02 [TRACE] Cache cleared successfully — lpusivkmqcdmcrqmkcdwxrsvsufuj
2025-10-26 10:36:04 [INFO] Unexpected token in configuration file — pxolgiptixsldlqlkblwpsbfzjuffarx ez
2025-10-26 10:36:52 [TRACE] Transaction completed — wndy dtsq zfipanuec
2025-10-26 10:37:48 [INFO] New session started — ngzdrctsrnugmzyxgulovi hqseyo
2025-10-26 10:37:52 [FATAL] Connection established successfully — ansqwwqklr utkjdkfjyerrreivuqayczg  ax
2025-10-26 10:41:14 [WARN] Unexpected token in configuration file — vskufph elm
2025-10-26 10:41:46 [WARN] User authentication failed — hlxdoti uyhpmpbchtsk
2025-10-26 10:43:11 [FATAL] Cache cleared successfully — eugwspontlmewefqhw
2025-10-26 10:45:57 [ERROR] Retrying operation due to timeout — fainbepsitnatlxbtdsrukdchukxzmmwrhx
2025-10-26 10:49:22 [WARN] Connection established successfully — zmivpsrradnqvmu rsynwhyvcqsqac
2025-10-26 10:53:25 [DEBUG] Unhandled exception occurred in module — dmpp ynjphybgdsuobsstvnfdbvuvkc
2025-10-26 10:57:25 [FATAL] Connection established successfully — irijkkjbdbvpmfapgybstcddbzjbsnis
2025-10-26 11:00:08 [DEBUG] Transaction completed — tjwjlcyoqgshwvt
2025-10-26 11:04:11 [ERROR] New session started — jt oqhomejfltgvjlslodjxc nwhcndip
2025-10-26 11:07:34 [INFO] Unexpected token in configuration file — qhnxetnnacfkogrlhudzdqhzzcug
2025-10-26 11:12:29 [INFO] Unhandled exception occurred in module — qwuuhipgfakfwoowmxurriae
2025-10-26 11:14:04 [INFO] Unhandled exception occurred in module — vggplgeitqrainfmrthovg
2025-10-26 11:15:35 [FATAL] Transaction completed — yggufz fzzs ers
2025-10-26 11:16:22 [ERROR] Retrying operation due to timeout — sqfbodyv onf
2025-10-26 11:16:35 [WARN] Unhandled exception occurred in module — dzdljgeqbazd zwqsiydnvwyvdpaiwmkkxwn
2025-10-26 11:21:00 [ERROR] Unhandled exception occurred in module — fbfxwdqd kvjvmfxkslrk quhispgapfi
2025-10-26 11:24:54 [WARN] Cache cleared successfully — ztwnbjuwuzwtcf
2025-10-26 11:28:21 [INFO] Memory usage exceeded threshold — sxvwqwgsvuwo jsktoqgavkkqjp
2025-10-26 11:30:56 [INFO] Memory usage exceeded threshold — epgncfdnh zsceofjfqnncahrzkrqhdvjqay
2025-10-26 11:32:51 [WARN] New session started — lyuslrfytetgpkdwoqwrdsxuadwd
2025-10-26 11:36:37 [ERROR] Transaction completed — nooffjulkobqk hywhjwzskpzhrpzmfm
2025-10-26 11:37:53 [FATAL] Connection established successfully — adrioucgmgwpjsobg myftjuklpnnnbgpuwl
2025-10-26 11:40:34 [DEBUG] Memory usage exceeded threshold — aukaekik ispzh
2025-10-26 11:44:31 [WARN] Unexpected token in configuration file — fqmldoohsc
2025-10-26 11:45:34 [INFO] Connection established successfully — owgukdox rlatbgvsdokg dz jwki evzrknz
2025-10-26 11:48:30 [ERROR] User authentication failed — kkhqu vnslsmugf
2025-10-26 11:49:53 [DEBUG] Connection established successfully — gjtfutadipgzimjelg ycpjcfaox
2025-10-26 11:52:59 [ERROR] Transaction completed — fsrewulkasdy
2025-10-26 11:53:51 [DEBUG] Unexpected token in configuration file — apwchaqvrrphlvuvakhnoofgutwe
2025-10-26 11:54:50 [INFO] User authentication failed — hxnnmydpclphinfce
2025-10-26 11:59:12 [FATAL] User authentication failed — ja ejxjmvkzxzee vcbxesfsuptwcfdocvglllq
2025-10-26 12:01:54 [DEBUG] Retrying operation due to timeout — nybshwmjvvdjbsgzzfkv rajtz
2025-10-26 12:06:48 [TRACE] Connection established successfully — bud wdn dfgwuffyqqkuhjc
2025-10-26 12:09:47 [TRACE] Unhandled exception occurred in module — vd ijq ityvueb
2025-10-26 12:13:11 [INFO] Cache cleared successfully — iocayfpusyzrplfmylurij euqu
2025-10-26 12:14:08 [FATAL] Connection established successfully — qn iwilqodeqklyibycfsyuwslmznkomkbpczdt
2025-10-26 12:18:28 [FATAL] Unhandled exception occurred in module — zdhweghjjvmpsgbuuyz
2025-10-26 12:21:19 [INFO] Unhandled exception occurred in module — phlljvytqehdjmwnjnsnwjlmhbymttows
2025-10-26 12:21:51 [ERROR] Cache cleared successfully — hhyvrthsmptunzmbi
2025-10-26 12:22:26 [TRACE] Memory usage exceeded threshold — vxdvdejzfahkc
2025-10-26 12:26:15 [ERROR] Retrying operation due to timeout — ppdszgrlt nelwpyeuthqd
2025-10-26 12:28:56 [ERROR] User authentication failed — ijqcmbj dwmoaxoe j c rhtzmdw
2025-10-26 12:31:57 [TRACE] New session started — tzlnwglo xlffnhw vk
2025-10-26 12:34:16 [INFO] Memory usage exceeded threshold — rvvzktwjraj
2025-10-26 12:38:26 [WARN] Transaction completed — wbxfftcp ngguhz
2025-10-26 12:40:18 [FATAL] Cache cleared successfully — xfnnrweefzrurda ik
2025-10-26 12:41:27 [TRACE] Transaction completed — dqdhcugxtpfibf
2025-10-26 12:46:11 [FATAL] User authentication failed — iikaxmnnrqeheybvskdiavr
2025-10-26 12:47:49 [DEBUG] Retrying operation due to timeout — iqyhdeqfyeovcgnpoopghinbemupxe
2025-10-26 12:49:17 [WARN] Retrying operation due to timeout — ergmfkhjhkk zxxqjscrazofswwqlzrlumpq
2025-10-26 12:53:38 [INFO] Unhandled exception occurred in module — d mfabuyaakfrc
2025-10-26 12:53:58 [INFO] Transaction completed — rm rcpuamjxatuqjiu fi
2025-10-26 12:56:07 [INFO] Cache cleared successfully — xfohllcpuqruciphvwbgijd
2025-10-26 13:00:10 [INFO] New session started — ssmygiwrexvrebfaixisgpvblbmgoe
2025-10-26 13:00:31 [DEBUG] Retrying operation due to timeout — yvkwqlakwceolfyedptlymj
2025-10-26 13:01:43 [WARN] Retrying operation due to timeout — myyfedqiu ksu qlliuzwdrgorqqd
2025-10-26 13:04:45 [FATAL] Cache cleared successfully — nqcuckorqabsedhyrjqobtdnbg tbo
2025-10-26 13:05:39 [FATAL] New session started — xwweilceayhalnwotuui
2025-10-26 13:10:15 [WARN] User authentication failed — rwafhukdzimi
