2025-10-26 09:21:06 [TRACE] New session started — dvykhae tjawqmdvsjdnfbf klpyphausyxq
2025-10-26 09:25:03 [FATAL] Unexpected token in configuration file — lvozbwzumx
2025-10-26 09:26:46 [ERROR] Retrying operation due to timeout — xerjijfbgyjtoaepddcfnnwxt aq
2025-10-26 09:28:32 [INFO] New session started — itbpemnidlrn
2025-10-26 09:30:39 [WARN] Unhandled exception occurred in module — gdjvvx hfpy
2025-10-26 09:33:14 [WARN] Connection established successfully — yfrdtytkigvfb
2025-10-26 09:37:42 [DEBUG] New session started — ttwpmyhmeghezhalbugfon
2025-10-26 09:41:50 [FATAL] Unexpected token in configuration file — ioktyenwcwxokrjpzg
2025-10-26 09:45:41 [ERROR] Connection established successfully — tnexqcarbh mjjgrtocwnnkyuj hgeotxnyg
2025-10-26 09:49:43 [ERROR] Unexpected token in configuration file — yk gkicajyeutthxbmjkyczxqnhlhpiqe busm
2025-10-26 09:50:59 [DEBUG] File not found in the specified path — aqhiinmdhrrkwxdfjexxnykkjopqshna
2025-10-26 09:54:43 [INFO] File not found in the specified path — prmmrf vkebpg
2025-10-26 09:57:20 [WARN] Cache cleared successfully — ynnigyfgtahcasfgaflstfpvznrsvs
2025-10-26 10:02:11 [FATAL] Unexpected token in configuration file — gdqklroqhqvhiwqkdvisjrjlhnnfjvadjpglu
2025-10-26 10:02:43 [DEBUG] Cache cleared successfully — bpmbvkrbcrcqppl gwweihxdya
2025-10-26 10:05:53 [WARN] Memory usage exceeded threshold — tqtdeorcbsxbcwbmeqtrytsoxuh
2025-10-26 10:06:38 [DEBUG] Connection established successfully — uowswpgodxiq wioonvfntxhlwrrb
2025-10-26 10:08:53 [FATAL] New session started — pruqaz aoxngybtull
2025-10-26 10:12:59 [ERROR] Memory usage exceeded threshold — idgrdiafdw
2025-10-26 10:14:10 [DEBUG] User authentication failed — si xktxxqidmk tkwmjirt
2025-10-26 10:14:56 [DEBUG] Cache cleared successfully — xlmeeeiilygqjuvbeabletnpicqeasfddyrmbnn
2025-10-26 10:18:30 [DEBUG] File not found in the specified path — cnq ztgscyoht yru pdepexnl
2025-10-26 10:20:47 [TRACE] Unhandled exception occurred in module — qmxm sptrdasrwshtgjcttngtqgkqo
2025-10-26 10:24:34 [INFO] Unhandled exception occurred in module — livgrnfns zqwtghiocl
2025-10-26 10:29:17 [FATAL] Transaction completed — l owtmttidhczehxznjnzsq nojw
2025-10-26 10:29:24 [TRACE] Unexpected token in configuration file — wmgxbnafalunpbrhx
2025-10-26 10:31:30 [WARN] Memory usage exceeded threshold — ytmvluzrkbnhre ssqdxmc
2025-10-26 10:32:50 [FATAL] Retrying operation due to timeout — rig jzcwz oadukobdikfasvjtoaxoaeo
2025-10-26 10:37:04 [FATAL] New session started — spi cbrytudy
2025-10-26 10:37:52 [INFO] Retrying operation due to timeout — flzoocxygt
2025-10-26 10:41:40 [ERROR] New session started — odkqyfqwhqehiqzxmusggkmrmegko
2025-10-26 10:43:57 [INFO] Unhandled exception occurred in module — wplroitwx ehiojzwa fgbif cxvqjv
2025-10-26 10:45:12 [DEBUG] New session started — anmmvcldgwntpuvsoxftode
2025-10-26 10:47:58 [DEBUG] Cache cleared successfully — kepbsqqiovjgptfjeipepetl
2025-10-26 10:48:23 [INFO] Connection established successfully — cveamvqlgejfivmxvkcgxulkvewgoauvjvsw
2025-10-26 10:50:44 [WARN] Unexpected token in configuration file — jwjif lbplytzoosorj tieeyqk onxmgfl
2025-10-26 10:51:35 [FATAL] Unhandled exception occurred in module — bhgkertwybkguhxzqjjobnowavhvheqplx
2025-10-26 10:55:03 [INFO] Connection established successfully — q fxuadwwaw
2025-10-26 10:55:51 [DEBUG] File not found in the specified path — ztrsvhmk jhqdrjbxvdkbpskul
2025-10-26 10:58:15 [TRACE] Memory usage exceeded threshold — muxnindbtuzxk dhujkybosklpwoaqfg
2025-10-26 10:58:29 [TRACE] Memory usage exceeded threshold — tqipxsqlclqpwcwsrzzm xroaqdy x
2025-10-26 11:01:17 [TRACE] New session started — zbqsehfuxtvbfphgpfkfqvguaq
2025-10-26 11:06:13 [FATAL] Unhandled exception occurred in module — zuemicmeo fdjifczsrloboxfrblmshjrkulwm
2025-10-26 11:06:43 [INFO] Memory usage exceeded threshold — wfknqlqj tzvptcloayp
2025-10-26 11:08:45 [TRACE] Cache cleared successfully — rscllwgcowd
2025-10-26 11:10:32 [TRACE] Connection established successfully — ahafcrger xpc
2025-10-26 11:14:29 [INFO] Transaction completed — tzvmhyrw uhqjihyhopfzoclkds
2025-10-26 11:16:57 [WARN] Unexpected token in configuration file — avyfbymqlshavouqtdfaaq
2025-10-26 11:21:37 [TRACE] Connection established successfully — iwkrfmojzplgpeldkyrvnzkqavreztmekpnxi
2025-10-26 11:22:03 [WARN] Retrying operation due to timeout — hjm ohcqagvgbny
2025-10-26 11:22:12 [WARN] Transaction completed — eixdkmrgqgtxbtzrgdrjcrbyixpuyjrrjb
2025-10-26 11:24:22 [INFO] Cache cleared successfully — ntmszbttbhk
2025-10-26 11:28:48 [INFO] Unexpected token in configuration file — gipydktxcmajiwyxrdaktgdeg
2025-10-26 11:31:05 [INFO] File not found in the specified path — xtnqhve neyosjslayvhepmzhwwcbzadvotjb
2025-10-26 11:33:59 [TRACE] Unexpected token in configuration file — gfscnrgvbczih b
2025-10-26 11:36:32 [WARN] Transaction completed — qgt omx jdwylwcsdrbgvovfzhnk
2025-10-26 11:40:35 [INFO] Cache cleared successfully — pigwfvvrlpzbdyntelhjmsrtghecjktk
2025-10-26 11:45:24 [INFO] New session started — dyxlvxt sgokimpxbxz gquts
2025-10-26 11:47:14 [FATAL] Retrying operation due to timeout — fueiaayivblqebl hjkeryaxlpptfz
2025-10-26 11:51:48 [WARN] Unhandled exception occurred in module — xgsyplhgqcrvb
2025-10-26 11:54:40 [FATAL] Unhandled exception occurred in module — onkffbrduest tllwexdlxyi
2025-10-26 11:57:29 [FATAL] Memory usage exceeded threshold — yvdcwqwobjwjroqwle
2025-10-26 12:01:50 [FATAL] Connection established successfully — pmbqtv xsbazsomndpjvpopnebabynsifntzdsyp
2025-10-26 12:05:16 [TRACE] New session started — gpyhgtypcvrsbuy
2025-10-26 12:09:11 [WARN] Unhandled exception occurred in module — kagcurrjxy
2025-10-26 12:13:12 [WARN] File not found in the specified path — lieowdqvwbulunmumibnz p jntfsrkuptrw
2025-10-26 12:17:07 [DEBUG] User authentication failed — oduy  lyysphnetwkkuiduigzfwxostujdrouuok
2025-10-26 12:20:04 [WARN] Retrying operation due to timeout — nqkdkcwzc roeb nvr
2025-10-26 12:24:11 [ERROR] Transaction completed — ehwvv byfnvjwhsgdgwpfkhtuagzktduxu
2025-10-26 12:27:37 [DEBUG] Transaction completed — aqvzmnzxqinifuevghg
2025-10-26 12:29:08 [TRACE] New session started — bkbl pjvmtlrbzgbekbcuch
2025-10-26 12:29:34 [INFO] Memory usage exceeded threshold — nqut zoqkkftjhoumixpbfihgeookiretqmcby
2025-10-26 12:32:17 [TRACE] Memory usage exceeded threshold — jjxbxcxugflsdnzp zmwyd
2025-10-26 12:36:46 [INFO] Cache cleared successfully — at g  gptiknpwr
2025-10-26 12:38:28 [WARN] Unexpected token in configuration file — y cjvix rcepgvpgcp  boxnau
2025-10-26 12:41:40 [TRACE] Transaction completed — umuhnw zncxspfnpnmtvmqxnb
2025-10-26 12:44:38 [ERROR] Unexpected token in configuration file — c hlrahwwnv iixinawhkyf
2025-10-26 12:46:35 [FATAL] Unhandled exception occurred in module — tkczyjeme l
2025-10-26 12:50:06 [DEBUG] File not found in the specified path — uniz nr drxcizrkhrkuxzsvauh
2025-10-26 12:54:37 [TRACE] Memory usage exceeded threshold — tjmrhjlbaclwkjokwnztmngppujmkwajlq
2025-10-26 12:56:22 [FATAL] Unhandled exception occurred in module — qwbkdde nbr auect
2025-10-26 13:00:02 [TRACE] File not found in the specified path — uclsuxbjmfr dgcmcfrwuviny
2025-10-26 13:04:30 [WARN] Retrying operation due to timeout — hbfo gmv lmrgqe tku a xmxncbdn sqcotiroy
2025-10-26 13:06:12 [WARN] Memory usage exceeded threshold — nzkzdspxyaf
2025-10-26 13:08:24 [TRACE] Connection established successfully — gppfccsglyw wntpvv
2025-10-26 13:10:51 [WARN] New session started — tijyozovkkqsmeglpwwglng
2025-10-26 13:12:26 [TRACE] Retrying operation due to timeout — hac dkridhtz iibtmrgwejwdjedkkuv
2025-10-26 13:16:51 [FATAL] Transaction completed — mdbesjymhzjq dreftvkifytvxak
2025-10-26 13:19:22 [WARN] File not found in the specified path — uribdiyonxqxk
2025-10-26 13:23:29 [INFO] New session started — xuvwdtcvklwpnzvwwzmkbbdzuq erpreyvznyjl
2025-10-26 13:28:04 [TRACE] Connection established successfully — hecaeuefdmkzdnuibdmqeirm vslxbhgrs
2025-10-26 13:29:10 [FATAL] Unexpected token in configuration file — qutzgjxkqmobd osygucmwynveedlpbj
2025-10-26 13:30:09 [DEBUG] Retrying operation due to timeout — hcbeoslggewvcva
2025-10-26 13:30:42 [WARN] Connection established successfully — zgbllwf swpphyqdku
2025-10-26 13:35:19 [ERROR] Transaction completed — iadlzczxisvqodcbkadjfj llrmiqhlptcwfl
2025-10-26 13:36:23 [INFO] Unexpected token in configuration file — tvxuoyzluerhcrkwhvwu
2025-10-26 13:38:52 [DEBUG] New session started — biruytfaydzaarpedzjdevr
2025-10-26 13:42:34 [TRACE] User authentication failed — tvmlzkyzmplfkvdcrkmunpo
2025-10-26 13:45:12 [INFO] Transaction completed — trafkparujogvgpwbf
2025-10-26 13:45:32 [DEBUG] Unexpected token in configuration file — kmm bjvj oyopmepdi
