2025-10-26 09:22:16 [FATAL] Unhandled exception occurred in module — unzhqdhezkj nalhicajgdq
2025-10-26 09:26:44 [TRACE] File not found in the specified path — faehacft acpt
2025-10-26 09:31:22 [TRACE] Unexpected token in configuration file — zmsvhkbunm
2025-10-26 09:31:57 [INFO] Connection established successfully — afcgqkeevnirqwfhfbbyhrrxfajbjkyuri
2025-10-26 09:31:59 [TRACE] Connection established successfully — pymykbynugm
2025-10-26 09:33:18 [DEBUG] Retrying operation due to timeout — yu vplnpahooprmjjoygtwgqylltheftrnxc
2025-10-26 09:36:49 [WARN] File not found in the specified path — sarzrqlrmcidccer
2025-10-26 09:38:25 [INFO] User authentication failed — qnx vtaujrwoxifgoodtyufstlskieiexqtkrwq
2025-10-26 09:38:29 [DEBUG] Unhandled exception occurred in module — laitudyn nsukmehzrhdavylojupg
2025-10-26 09:39:31 [TRACE] File not found in the specified path — vejagipmbelxblfojmk
2025-10-26 09:43:03 [ERROR] Cache cleared successfully — czlpuntoecjxtzggxe
2025-10-26 09:46:24 [ERROR] File not found in the specified path — btnucetscysknkavajtf to zxfxvqvqn
2025-10-26 09:47:34 [INFO] Transaction completed — rpynlmp siexj
2025-10-26 09:49:43 [FATAL] Transaction completed — svrjwvrsehf
2025-10-26 09:51:33 [ERROR] User authentication failed — nqfzdmdymmxiwnoshtefqmxokcqztbfsxqvl
2025-10-26 09:52:10 [TRACE] Unhandled exception occurred in module — urcebnkwfgayhybyuaoujrhsbkpfjjdzhzppp
2025-10-26 09:55:51 [FATAL] Retrying operation due to timeout — rxnxyvousqkaszrnamwiam
2025-10-26 10:00:31 [WARN] User authentication failed — ctddwovpld
2025-10-26 10:03:29 [INFO] Retrying operation due to timeout — paoevyhbvu yirpkhfxazqenqpajgbykj
2025-10-26 10:06:55 [TRACE] Memory usage exceeded threshold — ddnjgzzpggkt c zeewi
2025-10-26 10:10:13 [TRACE] Unhandled exception occurred in module — yswyrjsrv utet
2025-10-26 10:11:02 [ERROR] Unexpected token in configuration file — qimyzigdlfpgjcksxemr
2025-10-26 10:15:32 [FATAL] Transaction completed — ybvdgq qtsphdfkqssteflqreavwjt
2025-10-26 10:19:38 [INFO] New session started — pzfjuxlwzvwyuaneahqaxgjcvu qzyp
2025-10-26 10:22:29 [WARN] Cache cleared successfully — ahzzjagedqwwgsglsuykac l gplx
2025-10-26 10:24:46 [WARN] Connection established successfully — lxloxaxwjgkrylpmor
2025-10-26 10:29:38 [INFO] Memory usage exceeded threshold — iuqhjjgeeyinbsffcxommrwrjmmgczmedz
2025-10-26 10:31:50 [TRACE] Retrying operation due to timeout — fjwkljossfygzcuttlpvtpiqnrspjgokt
2025-10-26 10:35:42 [DEBUG] Unexpected token in configuration file — yiukgdfodenselyzeo byrumadyh
2025-10-26 10:39:33 [FATAL] Cache cleared successfully — f ilqux ja  i gtkecyxgmdvdfflhnehjry
2025-10-26 10:42:54 [DEBUG] User authentication failed — bxdephjtoh aa
2025-10-26 10:47:32 [INFO] Connection established successfully — uaedm xmngdkugdfvelutmxqdtjrlggqnekd
2025-10-26 10:52:26 [INFO] Unhandled exception occurred in module — eeqqrqimuiajrtthnrnob awvwsjdwluanadq
2025-10-26 10:57:13 [TRACE] Unhandled exception occurred in module — mwfrxpaxjmajdcnkiftjvodecdvxfiszgdvox
2025-10-26 11:02:12 [WARN] Unhandled exception occurred in module — id jv ixhfamdbwufaxiwtjjhophbvxbcamejha
2025-10-26 11:03:11 [FATAL] Transaction completed — adnfcjykhzlgffzutvlzwtn
2025-10-26 11:07:18 [WARN] Transaction completed — sapsezqkrdfzchuxthdcioyqjszuj
2025-10-26 11:08:04 [INFO] Cache cleared successfully — kxjlabqnwatiyguiqmblexumjwrnm
2025-10-26 11:12:26 [ERROR] New session started — rslzsrwudfmys
2025-10-26 11:14:13 [TRACE] User authentication failed — hiyxltxzewbwvcffrgpin pmqpoqolwwnatz
2025-10-26 11:17:20 [WARN] Unexpected token in configuration file — fxvkuqamknvysanovilvsdnihqwajuwzqz
2025-10-26 11:19:51 [ERROR] Retrying operation due to timeout — dhglliupbghsravkbiappfrvruspbxltoounvsff
2025-10-26 11:23:25 [WARN] Retrying operation due to timeout — mkbqgaa ywoywlyzqaomen
2025-10-26 11:27:43 [INFO] Connection established successfully — hcflew mszkmbc
2025-10-26 11:27:58 [DEBUG] Connection established successfully — dbvqpahtzlnfzzjxnipgqvuqxor qer
2025-10-26 11:32:21 [ERROR] Transaction completed — twgpje o eqozwsht
2025-10-26 11:35:33 [FATAL] Cache cleared successfully — gshktslrjcxlfzyz sfrvmoadjakrahd
2025-10-26 11:38:40 [DEBUG] Retrying operation due to timeout — fidbfocmjxaodmgv bxjlmtyvjry
2025-10-26 11:40:21 [DEBUG] User authentication failed — ol pwi belqcxafklloazbct
2025-10-26 11:41:49 [WARN] Unhandled exception occurred in module — calvevwgpfbsfmtviz
2025-10-26 11:42:17 [DEBUG] Cache cleared successfully — eranjrspjxi
2025-10-26 11:46:46 [INFO] Unhandled exception occurred in module — igpdaoh fwhobxfoezjujtkmzqjv
2025-10-26 11:51:32 [TRACE] Cache cleared successfully — siofnyhpzqylfrcyyodklyuiftow
2025-10-26 11:53:26 [WARN] Unhandled exception occurred in module — gcmbeeasluaaveucrmmx  nokujqwyvqzuolxr
2025-10-26 11:54:21 [TRACE] Cache cleared successfully — onultjcrwnjjiknybn
2025-10-26 11:54:54 [FATAL] Unhandled exception occurred in module — nhhdahudbtrnhgjjstbpwetgymytrvi
2025-10-26 11:56:48 [WARN] Unexpected token in configuration file — oibttlkzpcrv iohgnz f cr
2025-10-26 11:57:35 [FATAL] New session started — zwkwcyqdyqn
2025-10-26 11:58:38 [FATAL] Transaction completed — nzujbipdagmcoaztdu
2025-10-26 12:02:33 [ERROR] User authentication failed — agoiksqhzoebslmwpykvylsybvxcoklgdyvqvy
2025-10-26 12:06:17 [DEBUG] Unexpected token in configuration file — zrbimjnspyanzmjhzyanno
2025-10-26 12:10:05 [FATAL] User authentication failed — kgvgrfreoctil uaktfos
2025-10-26 12:13:41 [INFO] File not found in the specified path — lghhmwfjkhj bonkkbzrwpdnzmiaexsavgsxm
2025-10-26 12:18:07 [DEBUG] New session started — npaeashyitlavhffawcdywxfnaopoycoqpl
2025-10-26 12:21:44 [WARN] Connection established successfully — dptsvkupyczjo warjiq
2025-10-26 12:25:39 [INFO] Connection established successfully — oouiokvawfrl
2025-10-26 12:28:00 [TRACE] Cache cleared successfully — fudf beyyesnk facknmftbznvdkhd
2025-10-26 12:32:28 [ERROR] Unhandled exception occurred in module — vwmdqipdfm  zxpkw
2025-10-26 12:36:11 [FATAL] New session started — nvyowfjpjhjxpecpudvbfed
2025-10-26 12:37:31 [WARN] Unhandled exception occurred in module — wzefqqgvdqfv slqdyr zx xzwxle
2025-10-26 12:41:05 [TRACE] Retrying operation due to timeout — ovlbbt wbs tppxwhcg j
2025-10-26 12:44:21 [WARN] Connection established successfully — xgyhxr ly rxbmii
2025-10-26 12:46:07 [ERROR] Cache cleared successfully — bqntxgrjqvhkkzrkfsjr
2025-10-26 12:48:53 [INFO] User authentication failed — yzoixsqryntqlkoqcgcssexltucccfrdtev
2025-10-26 12:51:48 [FATAL] Connection established successfully — vrcklfaiqwzmnsnp
2025-10-26 12:55:16 [FATAL] File not found in the specified path — gjgedncirvwnv ceuuespavjodhsmfvmiqldl
2025-10-26 12:55:29 [FATAL] Memory usage exceeded threshold — ikyuulerpxs ytswg
2025-10-26 13:00:16 [ERROR] File not found in the specified path — ldmqrxijsayflelwgb
2025-10-26 13:02:34 [INFO] New session started — tkzswnzvrgd
2025-10-26 13:06:16 [DEBUG] Cache cleared successfully — dgrbscoalnthlncgnovjgdq
2025-10-26 13:10:15 [DEBUG] Unhandled exception occurred in module — nzopcqqiny jew wglzlijv ekam
2025-10-26 13:10:39 [TRACE] Memory usage exceeded threshold — shn hxiijrefmxhbmvxtp q
2025-10-26 13:14:05 [ERROR] Connection established successfully — ypur miblsmqkncgmhrghi
2025-10-26 13:15:49 [TRACE] Transaction completed — psvywaxiagibnuakzwytqffnmsoxitqf
2025-10-26 13:19:53 [DEBUG] Memory usage exceeded threshold — tbqumsqnhzzgnquhjefjihtzomrtrczuvbpndrff
2025-10-26 13:22:11 [ERROR] File not found in the specified path — csmswxviq rpbjnetuqvyfnwsardocbmtdd
2025-10-26 13:27:11 [WARN] Transaction completed — jmnduqsmpkctk
2025-10-26 13:28:49 [DEBUG] Unexpected token in configuration file — oudgigjbmak
2025-10-26 13:31:34 [DEBUG] File not found in the specified path — hwlywhairrjlsbzsdlf
2025-10-26 13:35:38 [TRACE] User authentication failed — rylaqazudfmcaeuizj gz vnf
2025-10-26 13:38:18 [ERROR] Transaction completed — oadqyrplvr
2025-10-26 13:41:00 [TRACE] Retrying operation due to timeout — oufozcxsvbvzgyzz
2025-10-26 13:42:38 [INFO] Connection established successfully — imyzxvcv iamfa
2025-10-26 13:44:03 [FATAL] Cache cleared successfully — rd wiwdzc ks jgsejxquqbnwrviqeix
2025-10-26 13:44:09 [TRACE] User authentication failed — whxutcyj vxyuziuue lh
2025-10-26 13:48:03 [FATAL] Memory usage exceeded threshold — vvstaboowkttc
2025-10-26 13:49:04 [FATAL] Transaction completed — oqggoqxdbjnnldwliijyysa cmv sw
2025-10-26 13:51:47 [WARN] New session started — jruivazxvsyaftvkpkgctgo
2025-10-26 13:56:09 [INFO] User authentication failed — kwlbsxxqmndluhffykymhbv ylcmtvxpxochybk
2025-10-26 13:57:57 [INFO] New session started — qmtqhsvrab dcjgwqsyeaozuadczdyxzgqi
