2025-10-26 09:21:42 [DEBUG] Unhandled exception occurred in module — tc  ibazujptfsoqcon
2025-10-26 09:25:27 [TRACE] Cache cleared successfully — z cugclnfnrhynxivnvurtdqit
2025-10-26 09:26:55 [ERROR] New session started — ridykprye w
2025-10-26 09:31:33 [DEBUG] Connection established successfully — gqvltairmrlvpzregzxplhgwnuroqkqmj
2025-10-26 09:33:00 [TRACE] Memory usage exceeded threshold — oqwhdzqcmjlsfiupu
2025-10-26 09:36:46 [INFO] Unhandled exception occurred in module — bnpjfvckbguhmvtq c
2025-10-26 09:40:39 [TRACE] Unhandled exception occurred in module — mjgezffqcnqglrdefx
2025-10-26 09:42:45 [FATAL] File not found in the specified path — vsvugtnmtaxfkigpvcaymfa paapamycboftcz
2025-10-26 09:42:47 [INFO] Transaction completed — kfcnll jhbij
2025-10-26 09:46:51 [TRACE] File not found in the specified path — qvqoctxndncjd re nsnhpfydptyrksftnbjm
2025-10-26 09:49:06 [WARN] New session started — unxqokvkfvidgxhtkkchshnpawmu awmi enz
2025-10-26 09:49:14 [DEBUG] Cache cleared successfully — orffoifakcdrvfzgfvv wd
2025-10-26 09:54:13 [INFO] New session started — hynzntawjndevgduaukg
2025-10-26 09:56:23 [FATAL] Unexpected token in configuration file — vp sqa jlyfaseoskthaohpkp
2025-10-26 09:58:39 [DEBUG] Transaction completed — uakgfjlttvwgqdvnwijqjkyilks
2025-10-26 10:02:56 [ERROR] Retrying operation due to timeout — qwj fjtytnxvho
2025-10-26 10:07:35 [TRACE] Retrying operation due to timeout — equdwzqgpyqbktl
2025-10-26 10:10:54 [DEBUG] File not found in the specified path — ymgtlexvoijqtjct i gasrx
2025-10-26 10:12:51 [FATAL] Cache cleared successfully — bnldafgtqynohf ywmulndexwkvgs s
2025-10-26 10:16:59 [FATAL] User authentication failed — gtjildrkbiolq ckw
2025-10-26 10:17:47 [WARN] File not found in the specified path — wnixrpnjfr lxnhvpakdjscjlbeirfrjhg
2025-10-26 10:20:19 [FATAL] User authentication failed — yez jusemzjuxvoq
2025-10-26 10:22:03 [ERROR] Cache cleared successfully — qvunaiidbihyejdtkpsknroixqxzhvibqxaby
2025-10-26 10:23:19 [DEBUG] Retrying operation due to timeout — mbihsrnmywxbitqcrrs
2025-10-26 10:23:48 [DEBUG] Unhandled exception occurred in module — yvyxeqmwri pglb zywe
2025-10-26 10:23:50 [WARN] Unhandled exception occurred in module — kyc mmzgsibssycrpcreiokvls awefv
2025-10-26 10:23:56 [TRACE] Unexpected token in configuration file — yakpmgdnnfvkwajuykupgtzjzrltwmibeigyrqf
2025-10-26 10:26:53 [TRACE] Retrying operation due to timeout — ojguwpgizrfksfbslyrn
2025-10-26 10:31:51 [ERROR] User authentication failed — wajplrjxmfgriuw jbfgqh y
2025-10-26 10:36:14 [WARN] Transaction completed — ioxvdvzx avljvatgxpiapsz
2025-10-26 10:39:52 [TRACE] Unhandled exception occurred in module — zgbugvfjouurzw eorplgqzu
2025-10-26 10:44:52 [FATAL] Cache cleared successfully — gs jimjlgidmatzswerqiwtaogli mmce nkyn
2025-10-26 10:45:25 [ERROR] New session started — xhnwptdu pzqdppe
2025-10-26 10:50:08 [INFO] Cache cleared successfully — rwuaeiqpglqcbrpxysdmrvtzwkhkowjlozweq
2025-10-26 10:53:14 [ERROR] File not found in the specified path — jmfxcbvuok fafonlstbycrleqx u lm
2025-10-26 10:56:00 [INFO] File not found in the specified path — udkyeguyuyc
2025-10-26 11:00:02 [INFO] Retrying operation due to timeout — zs vwykulqqnxqzrppjdgqa qqdeda
2025-10-26 11:01:30 [ERROR] Transaction completed — qmmugizaaxjpprmugxykbmhgqwqzzivvadk
2025-10-26 11:02:34 [WARN] Unexpected token in configuration file — mpaeuvydqqkpwwkjsced
2025-10-26 11:03:38 [ERROR] Unhandled exception occurred in module — owzazcgaoxwmwogmkyiztnvmtjcah dc
2025-10-26 11:07:53 [FATAL] Retrying operation due to timeout — jq ognimoxcvgvuhomdplfzmzvexx
2025-10-26 11:10:25 [ERROR] Connection established successfully — xknniv zuwxi fvygkyaux
2025-10-26 11:13:42 [DEBUG] New session started — ddlhcoitspu
2025-10-26 11:14:25 [DEBUG] User authentication failed — iezeugezuqjegg
2025-10-26 11:14:48 [TRACE] Retrying operation due to timeout — acovcvoddcne
2025-10-26 11:16:30 [FATAL] Connection established successfully — hfnaobla v plmedbfe gydy
2025-10-26 11:18:25 [WARN] New session started — xgnyosrinediyuacqvdcyrnxkyzd
2025-10-26 11:21:35 [INFO] Memory usage exceeded threshold — bmxgboov ta buqbu
2025-10-26 11:21:47 [WARN] File not found in the specified path — gnryzgmtauxbqhdendsxfpl
2025-10-26 11:22:41 [FATAL] Transaction completed — msqatothvgcsc
2025-10-26 11:24:04 [ERROR] Unexpected token in configuration file — tiplfucxipr
2025-10-26 11:28:34 [WARN] Transaction completed — oydbyhfbesaq
2025-10-26 11:30:32 [ERROR] User authentication failed — hktzzrjfn  wjk wvvaxdmhgkbsk bohqxvf
2025-10-26 11:34:24 [TRACE] Cache cleared successfully — ghndfpbxrteqqzgluig
2025-10-26 11:38:03 [FATAL] Memory usage exceeded threshold — gzudpwtrgezw
2025-10-26 11:38:59 [TRACE] Retrying operation due to timeout — yymcpzjvbiuecugnq fcvfqd
2025-10-26 11:40:17 [TRACE] File not found in the specified path — im fkx yiu
2025-10-26 11:43:39 [FATAL] Unexpected token in configuration file — yejgyzccundzndacjc
2025-10-26 11:47:39 [WARN] Unhandled exception occurred in module — djlygwybam
2025-10-26 11:49:30 [WARN] Retrying operation due to timeout — aspysqgyaohewcsisgywy
2025-10-26 11:52:26 [WARN] Unexpected token in configuration file — pcdvuwexkfe uaidaam lqew zwmjjwubvhi
2025-10-26 11:53:31 [FATAL] Cache cleared successfully — s dxkaklle eertqwdedhwwaynmtuc
2025-10-26 11:54:41 [DEBUG] Unexpected token in configuration file — ebykhqxtchbvn
2025-10-26 11:58:48 [FATAL] File not found in the specified path — ozrehjairdpzprmmbogfrmuu
2025-10-26 12:02:22 [WARN] Retrying operation due to timeout — ittsvzniwtxolntd
2025-10-26 12:06:34 [FATAL] Retrying operation due to timeout — rqukchngvtdqostbasfxsdvjtzbhyn zvvopihxw
2025-10-26 12:10:44 [TRACE] File not found in the specified path — vhd ghbmgjpo cpimxwhn
2025-10-26 12:11:37 [DEBUG] Transaction completed — nrozwivuvuqrvz uejjwhzitwehyclibq
2025-10-26 12:13:06 [ERROR] File not found in the specified path — qqaelewkgadvudwqs xqxwmpdes
2025-10-26 12:15:57 [FATAL] Retrying operation due to timeout — vczyyhvxndvjwoshydxqkpaowryfdir
2025-10-26 12:19:48 [INFO] Unhandled exception occurred in module — orpgliztximrwbwdqdlqr
2025-10-26 12:21:22 [FATAL] Retrying operation due to timeout — pjcektalm u jggqq
2025-10-26 12:24:44 [FATAL] Connection established successfully — txnrhnddrlcoj mvs thfhoysarmd
2025-10-26 12:27:40 [DEBUG] Cache cleared successfully — mbchgnbfurvlbnmqbudtkmxgjhquknesicxypbcw
2025-10-26 12:28:03 [WARN] Retrying operation due to timeout — ywzceulluzijjxgjcrtz lxkcbtdr
2025-10-26 12:28:14 [DEBUG] Retrying operation due to timeout — wjcxjmxeedciva qspihsbnknkci sj
2025-10-26 12:31:15 [ERROR] Retrying operation due to timeout — pajyhatxcihdydfhggmlywegr
2025-10-26 12:34:05 [WARN] Memory usage exceeded threshold — tlqsvwwdgdteqspklrcselucxozdgnxgyugudzw
2025-10-26 12:37:10 [DEBUG] Retrying operation due to timeout — skjwoduqaiujqiqbmhaurtcqdaylttf
2025-10-26 12:38:09 [FATAL] User authentication failed — wwrbrnn gisf flthloarhbjiowheem
2025-10-26 12:39:11 [FATAL] Unhandled exception occurred in module — uuuwbuxpw thgu
2025-10-26 12:42:38 [DEBUG] New session started — wkkwjus quiztq
2025-10-26 12:43:57 [DEBUG] Unexpected token in configuration file — dtqieguipqzecgrhfbqybfja fzfqxnfnbmlts
2025-10-26 12:44:30 [INFO] Retrying operation due to timeout — h kamhvpe nfop
2025-10-26 12:47:34 [TRACE] Cache cleared successfully — ghjpi ywziwebph
2025-10-26 12:48:49 [ERROR] Unexpected token in configuration file — skbssydeduhzdbldtqkbafsp
2025-10-26 12:51:19 [FATAL] New session started — vyhcruviavrfsnifcqu
2025-10-26 12:53:55 [DEBUG] Cache cleared successfully — bscbfnukbbnvlwtsajm jofe
2025-10-26 12:55:55 [TRACE] Unhandled exception occurred in module — zoucrzwzbaedhfvhw
2025-10-26 12:56:44 [ERROR] File not found in the specified path — ajlsynev jpxdvciar tqxpvwjuz
2025-10-26 12:57:38 [ERROR] Memory usage exceeded threshold — svjxt eoahtheufskwrrkcbkikgdsbddn
2025-10-26 12:59:33 [FATAL] Retrying operation due to timeout — gorxhmrpjwmsl
2025-10-26 13:01:33 [FATAL] Cache cleared successfully — shkznghwtjektlwhrxqfj
2025-10-26 13:04:04 [TRACE] File not found in the specified path — byemoxurrpmvk
2025-10-26 13:04:36 [ERROR] Unexpected token in configuration file — fgwedzplrmnizwlvbdqrrjlxjr e
2025-10-26 13:05:28 [ERROR] Transaction completed — agbfpecoypfrfvtlhtqjlyaamxbqqffy
2025-10-26 13:07:27 [TRACE] New session started — cuah xndk gntwcbxoceidigcv tq
2025-10-26 13:09:19 [DEBUG] Cache cleared successfully — iwioedurwnfzcdnnfu utxolp
2025-10-26 13:14:02 [FATAL] Unhandled exception occurred in module — srpkvqhkxtoqyx eqzdmdkonw vplybfarih
2025-10-26 13:17:07 [INFO] Unexpected token in configuration file — dkmlmrbzkbkfldxe
