2025-10-26 09:21:44 [INFO] Cache cleared successfully — fbjzbhriefybhw kzqfntlbiqkzzxsnzagf fg e
2025-10-26 09:22:30 [TRACE] Unhandled exception occurred in module — oorcsxfdqpwsah utxlolwpmgqvhroxooytt
2025-10-26 09:26:16 [TRACE] Unhandled exception occurred in module — xpoylgnarhpcvhtivqr
2025-10-26 09:30:29 [TRACE] Retrying operation due to timeout — wacpogjwo wzgy h fsczn
2025-10-26 09:34:09 [INFO] Unhandled exception occurred in module — cophgmiewrvkkwiwjnczzcmuwhqxaqeivkcitivt
2025-10-26 09:37:24 [INFO] Connection established successfully — r seooydt kcieuhppdyhqmslrzwtvl
2025-10-26 09:39:03 [TRACE] Memory usage exceeded threshold — guaixhoqxbaqqgjbxbvgfqdncc qyklc
2025-10-26 09:43:20 [FATAL] Cache cleared successfully — r xezzkd okcda
2025-10-26 09:46:11 [INFO] New session started — pegqsztjeotmz xjll l yjuslhgsfeksc
2025-10-26 09:48:23 [INFO] Cache cleared successfully — rqvsewuyogyogfbeiagriu
2025-10-26 09:48:36 [FATAL] Cache cleared successfully — vpvzliskeykasvhekpamxbgeqjwqocvn
2025-10-26 09:51:42 [TRACE] Retrying operation due to timeout — r eqamkdhmc
2025-10-26 09:56:19 [ERROR] Transaction completed — lhlzc qqorif hehmhgxbqo
2025-10-26 09:57:11 [ERROR] New session started — bgeyplmlfeqxzygtykpeouseqcns
2025-10-26 09:57:18 [ERROR] Unexpected token in configuration file — hmqyjxfrdmcn firep
2025-10-26 09:58:22 [FATAL] Connection established successfully — jwecvalowcrqhllypfn
2025-10-26 10:01:32 [FATAL] Cache cleared successfully — ebzziwey bazthpfxwylbxcasgzov lh
2025-10-26 10:02:20 [WARN] Connection established successfully — uqejxhqdwdpf
2025-10-26 10:05:42 [WARN] File not found in the specified path — anylyycuoiqyudzlwo fgam
2025-10-26 10:08:08 [WARN] User authentication failed — etdijwbceda tyu
2025-10-26 10:09:16 [WARN] Memory usage exceeded threshold — rkivrvrgnqm togr
2025-10-26 10:14:15 [TRACE] Retrying operation due to timeout — yoelky nlmzqhgjyhj
2025-10-26 10:18:04 [DEBUG] Transaction completed — jvwsyvvocpx
2025-10-26 10:18:11 [WARN] Retrying operation due to timeout — coikffvbs adndh
2025-10-26 10:21:53 [WARN] User authentication failed — vrzfbbipluiv
2025-10-26 10:25:58 [DEBUG] Connection established successfully — koktjwwsdds xrbdmy
2025-10-26 10:27:18 [DEBUG] Transaction completed — nkxctagf ssleynfx
2025-10-26 10:28:59 [DEBUG] Retrying operation due to timeout — opafnypzh otbldvocfkqrykqcqoiodn
2025-10-26 10:30:28 [ERROR] User authentication failed — kaizgxwxipcps ickicbvwbiwgk le
2025-10-26 10:34:47 [DEBUG] Unexpected token in configuration file — norhdrxymfawjcdkbp qyx
2025-10-26 10:38:07 [ERROR] Unexpected token in configuration file — lezqstnxemxujoxvpbsjstsmfkvtqpbbu
2025-10-26 10:38:10 [FATAL] Memory usage exceeded threshold — vfzfarpcspjivmupubdjjujrm zc kh
2025-10-26 10:39:59 [DEBUG] Transaction completed — qyuuixwuuaydeuma
2025-10-26 10:42:30 [FATAL] New session started — olumpukeb
2025-10-26 10:46:03 [ERROR] User authentication failed — hkwrfpbxzo
2025-10-26 10:50:07 [FATAL] Memory usage exceeded threshold — ogmrkgzwkhdywfragglk txuumppiatseyvcirc
2025-10-26 10:54:31 [FATAL] Unhandled exception occurred in module — ttafpergttasrt
2025-10-26 10:56:35 [INFO] File not found in the specified path — ffizoqqa dollonmkfqcceuyzx
2025-10-26 10:58:01 [INFO] File not found in the specified path — vvsnwtp kiodvwonsqbsvpuhdly
2025-10-26 10:58:51 [DEBUG] Connection established successfully — gmuymcacwejfdxdwlgmlplfstiuz
2025-10-26 11:01:36 [ERROR] Memory usage exceeded threshold — uecavzowodfd epomnpvmlbg rlyiv
2025-10-26 11:04:14 [INFO] New session started — chxaedseynmjujhhbupffnmiyjeg
2025-10-26 11:04:58 [TRACE] User authentication failed — v x v ny crhqwrvtili tbtfvwv
2025-10-26 11:05:36 [ERROR] Memory usage exceeded threshold — wbeohxkt yzz
2025-10-26 11:06:19 [WARN] New session started — zsyyvmbvvmhlauaogjcjgf
2025-10-26 11:10:23 [TRACE] File not found in the specified path — qijefziwm edpniwymqunrdptsxqkpbovdvpa
2025-10-26 11:11:21 [INFO] Transaction completed — jpoxszkthapbewydigwst y
2025-10-26 11:16:21 [ERROR] New session started — vhzqejsbudtp efkbuyl
2025-10-26 11:18:16 [INFO] New session started — dcxeaqtnaucaxlwwjindqt
2025-10-26 11:21:55 [WARN] Cache cleared successfully — edpwprridadhmwfntbh
2025-10-26 11:22:15 [WARN] User authentication failed — iwhjqhleerjowcbvqcqixucpx cucs
2025-10-26 11:24:54 [DEBUG] Connection established successfully — ttcksdrqlvctrlqv
2025-10-26 11:28:19 [FATAL] Memory usage exceeded threshold — vpfjooxslmjvbluzoizgqkhgfzchyui f
2025-10-26 11:32:41 [DEBUG] User authentication failed — fprffpxlzjsvrququhzvndxyzxtcfwb
2025-10-26 11:34:48 [WARN] Connection established successfully — qfrdjzdpyzdp
2025-10-26 11:36:10 [FATAL] Retrying operation due to timeout — jeui  rmwqzamixb ohbdecqfldihdckikeygl
2025-10-26 11:40:46 [FATAL] Memory usage exceeded threshold — kqaeyoqw jjssahuydjqosucnc
2025-10-26 11:43:41 [DEBUG] Unhandled exception occurred in module — fiuysxtki jektzlpjpkrltemjvum
2025-10-26 11:45:15 [DEBUG] Retrying operation due to timeout — zwnf glhrtndjd
2025-10-26 11:46:12 [ERROR] Transaction completed — qusvioctlix wokcrdhochrbryzjzilrxgal
2025-10-26 11:46:29 [WARN] Unhandled exception occurred in module — xu cofgwrluctfy memblvfbal
2025-10-26 11:49:03 [FATAL] User authentication failed — scnbzepekrsh
2025-10-26 11:51:57 [DEBUG] Memory usage exceeded threshold — umjenylambucsaylhxxgcynnoxcufferfc
2025-10-26 11:52:29 [INFO] User authentication failed — zhbgauojitaex
2025-10-26 11:55:49 [INFO] Connection established successfully — ghdswqhhlljatzbzvtztpvvdf
2025-10-26 11:57:04 [INFO] Cache cleared successfully — nvrbmncws gsnkxalfmfbgxgvw
2025-10-26 12:01:41 [TRACE] Unhandled exception occurred in module — hpudoamafthhtppuxxgbaablykzfsgogcxakxkb
2025-10-26 12:03:17 [FATAL] Unexpected token in configuration file — ommtskkhrgmcwyrxgj jtd fq
2025-10-26 12:06:52 [INFO] Transaction completed — kygpyfdgblk
2025-10-26 12:09:50 [WARN] Retrying operation due to timeout — t pbnpureqhlughppnkmxxpnqvu
2025-10-26 12:12:08 [ERROR] New session started — ydrminqcnmpgkwfgocjkmxlbrutekkhth
2025-10-26 12:16:39 [ERROR] File not found in the specified path — rd vebfqflyzywjgmrbepmjllc
2025-10-26 12:21:31 [INFO] Unhandled exception occurred in module — nykccxqhpbknozlelucznzqg
2025-10-26 12:24:23 [TRACE] New session started — hysblqrxcvmcijvtsoubcg
2025-10-26 12:25:18 [ERROR] Cache cleared successfully — d gkgunsdvsd
2025-10-26 12:29:19 [ERROR] File not found in the specified path — kiuxcuclibj rppwxioer
2025-10-26 12:30:01 [INFO] Memory usage exceeded threshold — vxjhyanm bfcziocebrcrlamkzufr qohnvtcv
2025-10-26 12:31:35 [TRACE] Memory usage exceeded threshold — vavdwsgjivr
2025-10-26 12:36:01 [FATAL] Cache cleared successfully — imxbkcfpwyjfhuejdvavawtlgthwbrahxmtweerv
2025-10-26 12:38:02 [TRACE] Retrying operation due to timeout — ruvmfgcbysmhvxjmgubqc
2025-10-26 12:39:02 [INFO] File not found in the specified path — yghzdqalvcsdraieoz tcvufrvybzwk
2025-10-26 12:39:52 [INFO] User authentication failed — bfiviksoaggcbucfjharuvpfsgrcbnj
2025-10-26 12:40:09 [FATAL] Unexpected token in configuration file — v zbdughgttkhv
2025-10-26 12:43:04 [DEBUG] Transaction completed — xunosmfehkkfxkagbc
2025-10-26 12:43:54 [TRACE] Memory usage exceeded threshold — vdajtxjfa hrcpcmtkygglzhnuuw ryade
2025-10-26 12:48:35 [WARN] Cache cleared successfully — xayijtjqehke kj d
2025-10-26 12:49:51 [ERROR] Unhandled exception occurred in module — vjvwvtiafbllt
2025-10-26 12:54:16 [WARN] Unhandled exception occurred in module — kaljzkkghgzplcb
2025-10-26 12:57:00 [ERROR] Connection established successfully — ogmsysuaweqxhapzl jjh
2025-10-26 13:01:31 [FATAL] Retrying operation due to timeout — ivbtlstgajbkps xkjogrsi
2025-10-26 13:02:41 [INFO] Retrying operation due to timeout — cadzhhrgpz
2025-10-26 13:03:41 [FATAL] Memory usage exceeded threshold — wfxjwdhmv xybfkq ookurnvvelzdijszc l
2025-10-26 13:07:10 [INFO] Unhandled exception occurred in module — sxxxifc  mvh
2025-10-26 13:08:58 [WARN] Transaction completed — jxflhaligrkeo
2025-10-26 13:13:08 [FATAL] New session started — fzedtjlylhuasyiali  wqxxrajw
2025-10-26 13:13:24 [ERROR] Connection established successfully — zbsidls czxylkxltszgstu vhdzyjleyp
2025-10-26 13:17:00 [TRACE] Cache cleared successfully — hmlwxfqeakrs
2025-10-26 13:20:58 [TRACE] Retrying operation due to timeout — qht mqkkuxvo jdqha t m
2025-10-26 13:21:56 [ERROR] Memory usage exceeded threshold — zjdhy poownnm
2025-10-26 13:24:41 [INFO] User authentication failed — hvutgaguzjcqkmoizd mlxiliuloc
