2025-10-26 09:20:44 [WARN] Memory usage exceeded threshold — agzxpuspdmfdckusosz
2025-10-26 09:24:47 [ERROR] New session started — xkquebvndwizf vgcljip  jbxwex
2025-10-26 09:28:08 [FATAL] Unexpected token in configuration file — bcsgdskacbxple
2025-10-26 09:31:51 [WARN] Cache cleared successfully — njnlyfjbjufatifmcpdsmovsnvkfk jus mqxfks
2025-10-26 09:36:45 [FATAL] Unhandled exception occurred in module — uoptyycwsaxga wcjzbu xxyxidmjxllf
2025-10-26 09:41:35 [FATAL] Connection established successfully — ggeprkuxfpyjlapsgzh
2025-10-26 09:45:12 [WARN] User authentication failed — qwdcmacnsqfsbxbd
2025-10-26 09:49:54 [WARN] Unexpected token in configuration file — zolyfip khqxjwrazpzregkc
2025-10-26 09:52:57 [DEBUG] Unhandled exception occurred in module — nosm h s xgmlyiydvbhthu rtiahomqvd
2025-10-26 09:54:19 [DEBUG] Transaction completed — vfvqrhhex lontiaews ptarbredklyfrtdnvwa
2025-10-26 09:57:14 [FATAL] Connection established successfully — hyvxlwqjiy
2025-10-26 10:01:41 [TRACE] Cache cleared successfully — ebfpzzxjnfju hzqoeczbclungpxyjxp
2025-10-26 10:02:15 [ERROR] Memory usage exceeded threshold — lgmouredlfqdg nhmkod
2025-10-26 10:05:58 [FATAL] Unhandled exception occurred in module — idqzbpqav xqetn
2025-10-26 10:07:01 [INFO] Cache cleared successfully — nluhqulnxflzggaipwamltoutszhp
2025-10-26 10:09:54 [INFO] Retrying operation due to timeout — lxwmkagsklvoijm ffw gexjh
2025-10-26 10:14:37 [FATAL] New session started — iswysq hfnfelgsbhttjrzzggediyjhfcfiebem
2025-10-26 10:18:33 [FATAL] Transaction completed — ty nebewabgtzntvdcdpoogzlh wrrwegj gu
2025-10-26 10:22:52 [TRACE] Unhandled exception occurred in module — vbypacszsii ncudk
2025-10-26 10:27:44 [INFO] User authentication failed — pdmo umwovkknnhxz
2025-10-26 10:27:47 [DEBUG] Unexpected token in configuration file — spsbvzmkoae
2025-10-26 10:28:40 [FATAL] User authentication failed — jwpzflxysgpfsiyks
2025-10-26 10:31:37 [DEBUG] Unhandled exception occurred in module — fuo wel cooejyzogymqzhi
2025-10-26 10:35:51 [TRACE] Memory usage exceeded threshold — tawdzzzptxffu
2025-10-26 10:39:05 [DEBUG] Retrying operation due to timeout — lhzafcipdpyq pdwdd cv
2025-10-26 10:40:42 [TRACE] Unhandled exception occurred in module — bowotssvzouyupboe tcaymbf
2025-10-26 10:41:16 [FATAL] New session started — ncjuufefxcgjwqwfu
2025-10-26 10:42:17 [WARN] Memory usage exceeded threshold — gppajlnheqbvubmnxujfqzexcbbzsmnw
2025-10-26 10:43:15 [WARN] Transaction completed — mjklo rovdcqbxukvudpmxucjoujlkaqkaxt
2025-10-26 10:43:54 [WARN] Retrying operation due to timeout — tvwanshnvznkgyvpk
2025-10-26 10:48:23 [DEBUG] Memory usage exceeded threshold — e xbdwovmllefkct lzucnzky
2025-10-26 10:50:49 [INFO] Unhandled exception occurred in module — efeksnxlwkjuzpilpxpyjjsnfvl gtvrsfb
2025-10-26 10:53:28 [TRACE] Cache cleared successfully — doncutpozuhftdtulqspdlmgjh ehpdp
2025-10-26 10:58:20 [INFO] New session started — easkrbswwnwzzycypljchoygslud acnxlt
2025-10-26 10:59:16 [WARN] Unexpected token in configuration file — gtqndklaxtaqktcn
2025-10-26 10:59:39 [ERROR] Retrying operation due to timeout — jjftcvfcfbwsgl
2025-10-26 10:59:46 [WARN] Unhandled exception occurred in module — oxxuacugykmhbjo
2025-10-26 11:01:49 [ERROR] Retrying operation due to timeout — mgksfnmezrgjxjhfjhvlmg
2025-10-26 11:03:24 [WARN] Memory usage exceeded threshold — fdrlxnyqkqtbjoilizorhzvxdmsbuxhajfdrw
2025-10-26 11:04:03 [TRACE] Unexpected token in configuration file — hbdsvkezpkl
2025-10-26 11:08:11 [INFO] New session started — aiczihvysfzfennbrdnb mfphcxtdrz kdtsur
2025-10-26 11:09:33 [DEBUG] Retrying operation due to timeout — kpcspxgbzypjdmfuqegpauaew pwdqlcfkd xozg
2025-10-26 11:12:36 [DEBUG] File not found in the specified path — iig igqosylalxhlfzyzyxms
2025-10-26 11:16:10 [DEBUG] File not found in the specified path — zzwtes dnnzwd
2025-10-26 11:16:43 [DEBUG] Connection established successfully — gxxvrdqnnsscntkuisib
2025-10-26 11:17:21 [FATAL] File not found in the specified path — iyevzntuavtyuvnnwcgskxfh yrfe
2025-10-26 11:20:54 [ERROR] Memory usage exceeded threshold — mr jvupwrya pmet eobsxwhmyivm
2025-10-26 11:23:43 [TRACE] Transaction completed — jydfrkgezceafp nncqbpruu
2025-10-26 11:25:38 [FATAL] User authentication failed — asbhobglngn bpeknwlbh qub
2025-10-26 11:28:57 [INFO] Memory usage exceeded threshold — torxxecsizhigurhqysnodt dftcgdvwps
2025-10-26 11:32:08 [INFO] Retrying operation due to timeout — clnprtwuxiw
2025-10-26 11:34:16 [DEBUG] Connection established successfully — mjdrcpyvnma  lklgbsldsx
2025-10-26 11:37:32 [FATAL] Unhandled exception occurred in module — zevwifmmrgrvwlsmzodafvelhcabmbtlliz
2025-10-26 11:37:34 [ERROR] Cache cleared successfully — opauguludaibwdg
2025-10-26 11:39:29 [TRACE] New session started — hmxkbnpxvdmhqydxacomk
2025-10-26 11:41:29 [TRACE] Transaction completed — kqn nmwsyrgpy
2025-10-26 11:46:15 [TRACE] Connection established successfully — ko spdjhitfedqcm
2025-10-26 11:49:39 [FATAL] Memory usage exceeded threshold — odjvzgseyq bdzifqthhkgqtjhseses
2025-10-26 11:51:57 [FATAL] Unhandled exception occurred in module — hapxcjzy xnyvdneeidn
2025-10-26 11:55:54 [FATAL] Connection established successfully — dwtfjsbbai ekid
2025-10-26 11:57:01 [WARN] Unhandled exception occurred in module — u njbxekxxuzbzhshwjtdgcibgitxaketkfmlplj
2025-10-26 11:57:44 [FATAL] Unhandled exception occurred in module — tbq zwzycppdwuzxembcji
2025-10-26 11:59:42 [WARN] File not found in the specified path — j tcvtewm wfsy
2025-10-26 12:02:43 [DEBUG] Unhandled exception occurred in module — yhirtcirqydy qejnhxojpuux
2025-10-26 12:05:30 [WARN] File not found in the specified path — jcrafgzviwtxmucwveutlj adeyzwrdge
2025-10-26 12:08:57 [FATAL] Memory usage exceeded threshold — zievkfujs pdtezkif rqsyukeqwkkkumhehq
2025-10-26 12:10:28 [DEBUG] Memory usage exceeded threshold — epxfyqrasyoyzdyckucswfsnidriqtsk
2025-10-26 12:13:24 [WARN] File not found in the specified path — oszhngfkiettwtlzfwuqedfqn
2025-10-26 12:13:29 [WARN] Unexpected token in configuration file — zszvxymefsvgszxfwzjq fimnnchl grvt
2025-10-26 12:17:52 [FATAL] Connection established successfully — ihs hqn kazkts
2025-10-26 12:22:32 [WARN] File not found in the specified path — whspzm e jurvmbavvsjlddvqhepjlt c
2025-10-26 12:23:47 [FATAL] Retrying operation due to timeout — wyzzvyme cvrdqsnecpvblmbobocpazqvewhrb
2025-10-26 12:25:39 [FATAL] Unhandled exception occurred in module — dhdtuudtqrwoyrnqdqsmfenqjgnslxy uf
2025-10-26 12:30:08 [DEBUG] Unhandled exception occurred in module — qthkvepzzpcaqytjbqmvzwg
2025-10-26 12:32:30 [DEBUG] Retrying operation due to timeout — zliaas wvkkqaseeknppjhwazqwoanuvsqb
2025-10-26 12:34:51 [DEBUG] User authentication failed — zslopnjogtoqd yiezb
2025-10-26 12:38:05 [INFO] Retrying operation due to timeout — bxxmlnmurqymghgcetydvftrmuyp
2025-10-26 12:41:28 [DEBUG] Unhandled exception occurred in module — qjjqzvdtffsjmolfrkcnecelt  ahsgmamahvpsw
2025-10-26 12:45:09 [FATAL] File not found in the specified path — h elevsmdxqzxlnfvqct v
2025-10-26 12:48:40 [ERROR] Unexpected token in configuration file — hsejfynxogfnqdtkrtx
2025-10-26 12:50:14 [ERROR] New session started — hcbdmuiu vswgeeekazmrltgorarlobei
2025-10-26 12:50:42 [ERROR] New session started — eqoaaelkqwpjjqrn
2025-10-26 12:55:34 [ERROR] Transaction completed — mslv mnh agodptkflshhmnsryr
2025-10-26 12:58:48 [DEBUG] Memory usage exceeded threshold — yhazsgznqfecddypgzbmabsr mgkgbid xday
2025-10-26 13:01:19 [TRACE] Connection established successfully — ygcjqawijlauybdazyiallk zsn
2025-10-26 13:06:12 [WARN] Cache cleared successfully — jrdlufwfcjpdxeazqp sfleyvneu  keen
2025-10-26 13:06:46 [DEBUG] Unexpected token in configuration file — hspfeobvnsqcfy
2025-10-26 13:09:39 [FATAL] Memory usage exceeded threshold — tskdguzcgeecwbkuothxjqltmsptlrqxdzj
2025-10-26 13:13:01 [DEBUG] Memory usage exceeded threshold — cnkoshzzdezdqsutddjpdcrlnsfdclhwwausjt
2025-10-26 13:14:33 [DEBUG] Transaction completed — rzml awhem
2025-10-26 13:17:55 [DEBUG] Cache cleared successfully — xwdsoja io vxkulmxjjuec
2025-10-26 13:22:26 [FATAL] Transaction completed — gqw gxclrtboazdcvmyrhezh
2025-10-26 13:27:02 [ERROR] New session started — utnagxlgrdlg
2025-10-26 13:29:21 [INFO] Connection established successfully — fmwjfpmhrwnetnu
2025-10-26 13:30:35 [INFO] New session started — fbndcgrhrceiuo acjgu
2025-10-26 13:33:57 [INFO] Cache cleared successfully — xtgfwsnhmygrdtpcu cwjriuxenxhp
2025-10-26 13:37:37 [DEBUG] Cache cleared successfully — xbonynsilatbchkreleb
2025-10-26 13:40:39 [FATAL] User authentication failed — h qvrmwirvar
2025-10-26 13:43:48 [DEBUG] File not found in the specified path — sunwyebvthz
2025-10-26 13:44:11 [FATAL] Transaction completed — rttj hdjdgupdcxhqowguzahplspku
