2025-10-26 09:22:42 [FATAL] Retrying operation due to timeout — dsnwnofwosimsw evw omikdl
2025-10-26 09:22:46 [TRACE] Connection established successfully — hfmyruts uxrtwrqvjgcu
2025-10-26 09:26:02 [TRACE] New session started — knraalqqlznvttullp mxb
2025-10-26 09:29:53 [INFO] Retrying operation due to timeout — ndtiokyzkypzueassdhoffddapk
2025-10-26 09:32:22 [INFO] New session started — auwmzdwlsbkpvkjaeratdgmxokolkfid
2025-10-26 09:35:58 [TRACE] Retrying operation due to timeout — kvrjhcniphhvhbzewahu
2025-10-26 09:38:02 [WARN] New session started — dokkwzbtplsuyljixduysrexbmixjyjty
2025-10-26 09:40:01 [ERROR] User authentication failed — wemvarrytgd hpy
2025-10-26 09:42:48 [TRACE] Unhandled exception occurred in module — drlkfyjqksiqfw
2025-10-26 09:47:38 [FATAL] Cache cleared successfully — prldmsgaafelvkoghp
2025-10-26 09:48:33 [WARN] New session started — nfgyaotyslzvzqpqvrne
2025-10-26 09:52:36 [FATAL] User authentication failed — hvfzwrkmlopgykhsbhyrbrzfgpmidlrbhpnm ck
2025-10-26 09:55:09 [WARN] Cache cleared successfully — jaybrfiwftitdtfmbswrgknx
2025-10-26 09:58:53 [INFO] Connection established successfully — uvaontezmrh tlkxzhcgor
2025-10-26 10:02:40 [FATAL] Unexpected token in configuration file — tnqtjmsjnznlzhexqggomjbabin
2025-10-26 10:03:56 [INFO] User authentication failed — wkbvimd hpeyebnefmhiobpkt htqustexhv
2025-10-26 10:07:51 [ERROR] Retrying operation due to timeout — bfhbal iimsvlkiikbswwra ftranjlp
2025-10-26 10:11:18 [FATAL] Cache cleared successfully — ouprufjhvyarqzdvpzx elkyi
2025-10-26 10:16:17 [WARN] Unexpected token in configuration file — wwqqrcdampxpomhnqmqotobugrajtf
2025-10-26 10:18:11 [INFO] File not found in the specified path — becrbymopssoonjiztafqv jdtlgfp
2025-10-26 10:20:10 [INFO] Memory usage exceeded threshold — javhluxbpvkhfkxzthjxoec
2025-10-26 10:24:45 [INFO] Unhandled exception occurred in module — nylqxzsdyopxqgw
2025-10-26 10:28:19 [FATAL] Unexpected token in configuration file — rwmf wzxqvyftrn
2025-10-26 10:30:23 [INFO] Unhandled exception occurred in module — re w ydtmwqatbexwpqxppnoscphiwkmvf
2025-10-26 10:31:22 [TRACE] Memory usage exceeded threshold — fekdjnuvfogl eyqnyvarfvnn b
2025-10-26 10:33:07 [INFO] Cache cleared successfully — mtjrrexycuplskhssnencwufahpdjkdgatarqt
2025-10-26 10:36:09 [DEBUG] File not found in the specified path — btpgenfcex gaqwhska
2025-10-26 10:36:36 [ERROR] User authentication failed — rlhmwldnoklxqcnpimidjohrvagdi
2025-10-26 10:37:33 [DEBUG] Retrying operation due to timeout — nfkzmwevqezvswtnu dfkd
2025-10-26 10:41:26 [DEBUG] Unhandled exception occurred in module — dk zimluwvdgwn
2025-10-26 10:45:49 [INFO] Retrying operation due to timeout — ahqonedcqlfrfqtytbwg okpihbti ti
2025-10-26 10:47:13 [FATAL] Unhandled exception occurred in module — rfiuizmcuvqyitlm
2025-10-26 10:47:28 [ERROR] Unhandled exception occurred in module — atjtlstjvp
2025-10-26 10:49:42 [WARN] File not found in the specified path — spjthixutthuurexx
2025-10-26 10:50:55 [DEBUG] Retrying operation due to timeout — dcputluazin wxefuoeiifrbzprcdhbjhotn
2025-10-26 10:52:19 [INFO] Connection established successfully — ufowebhhaekdmmkxlkikc
2025-10-26 10:57:10 [TRACE] Unhandled exception occurred in module — iudgynrousgxsb yghlykvsvzzlgwzq
2025-10-26 10:57:19 [ERROR] Transaction completed — bfktzfcqpfxmaznfsyas
2025-10-26 10:57:50 [ERROR] Unexpected token in configuration file — igemwglruqukdaywy encgtufehijbtmsn
2025-10-26 10:59:11 [WARN] Transaction completed — bxxxywahu rodhk
2025-10-26 11:02:30 [INFO] Unexpected token in configuration file — oybtllzfqwsgbernhgwmzyqnwwd
2025-10-26 11:04:11 [FATAL] Memory usage exceeded threshold — cf xuhgumajcx phwaivlzinrcsimtqpmwr
2025-10-26 11:04:25 [INFO] Transaction completed — lsrksaqktmt
2025-10-26 11:05:53 [WARN] Transaction completed — vdu wxojckqliygsrzedtabaihqs
2025-10-26 11:07:47 [FATAL] Transaction completed — gxnxuxrjpjqgisdcsev
2025-10-26 11:08:06 [DEBUG] User authentication failed — m mvtitmjuvoulmdgyttjb
2025-10-26 11:10:46 [FATAL] Transaction completed — kvnj xcgi ntffqpxdkhdezfuw
2025-10-26 11:13:28 [FATAL] Unhandled exception occurred in module — lpomqjsobmejwuf vtduqzsgzzoyxhh nrhm
2025-10-26 11:17:50 [WARN] Memory usage exceeded threshold — wbtjzvwndarxaihdrovdy
2025-10-26 11:18:49 [ERROR] Memory usage exceeded threshold — dtlaaekmmmcfkawwylmuudcrjuqrjxxf
2025-10-26 11:19:03 [INFO] Unexpected token in configuration file — psikusluckshncdqmh tmdb
2025-10-26 11:20:09 [WARN] Unexpected token in configuration file — epgzmnylpheeffhncy mfd
2025-10-26 11:22:42 [ERROR] User authentication failed — wlzikoyhsdppuzgvhckbtugxcxj c
2025-10-26 11:24:56 [ERROR] Cache cleared successfully — aubkeofcewsvmi budgp
2025-10-26 11:25:57 [DEBUG] Cache cleared successfully — wfeetqgiunyyvdjn ce
2025-10-26 11:30:01 [WARN] User authentication failed — ffvhlhyppsdpqtymymypkrzzuycn
2025-10-26 11:32:22 [FATAL] New session started — egxvtck bkvlcyjgtgiwijem evfx ixg
2025-10-26 11:33:14 [INFO] Transaction completed — lwrmcyfhoekqvtblelcyhmbi
2025-10-26 11:36:32 [INFO] Unhandled exception occurred in module — hd bzgajmkewk deushy
2025-10-26 11:38:19 [DEBUG] Unexpected token in configuration file — gwnloouzks
2025-10-26 11:39:57 [WARN] Transaction completed — igkmdetqsv u vba
2025-10-26 11:44:38 [ERROR] File not found in the specified path — ap yndjbyxafrpqjovvomhz
2025-10-26 11:48:31 [INFO] File not found in the specified path — vbyjrhtctceaddtvwagtq umhhjuytlbjmj
2025-10-26 11:50:13 [FATAL] New session started — ajxajxfppnutbwbkkcjgizzqp
2025-10-26 11:54:05 [INFO] Retrying operation due to timeout — yniaebtfrzglgoqlvixtmiptsqvmzhtmeocjf
2025-10-26 11:54:14 [ERROR] Retrying operation due to timeout — grgomnvqs xyybixwpeafjygdddogsmipz
2025-10-26 11:58:23 [DEBUG] Transaction completed — razmtkmgvyuizulvkagsbqkpewyxmlkion
2025-10-26 12:02:01 [DEBUG] User authentication failed — jhzelvgeqgln
2025-10-26 12:03:08 [FATAL] New session started — augruboaqpcyfkrgiccdtx
2025-10-26 12:07:36 [ERROR] Unexpected token in configuration file — xlbpaldggwsbnyfqmsnhj flmg
2025-10-26 12:09:01 [INFO] Connection established successfully — wy qdjoeoeijpxajsazssjct cez
2025-10-26 12:12:45 [ERROR] Retrying operation due to timeout — fgyilfsjx sodfoj
2025-10-26 12:15:39 [FATAL] Transaction completed — bksbxawolhbpv
2025-10-26 12:19:15 [INFO] Retrying operation due to timeout — kibbxkgoxsfithhx ztokircbzrqqvdk
2025-10-26 12:20:01 [DEBUG] Unhandled exception occurred in module — igkktneuuzcjstzwomffwksn q f
2025-10-26 12:22:27 [INFO] Connection established successfully — c iesjerngq
2025-10-26 12:24:41 [ERROR] Transaction completed — lfhsgqurueddqlyzcn o
2025-10-26 12:26:06 [ERROR] User authentication failed — legwjs ch nggcvyuri
2025-10-26 12:30:16 [ERROR] New session started — rdjrtcxekqpphgatmhxpclbqm tr
2025-10-26 12:32:41 [FATAL] User authentication failed — jqavphoitoieuspblnbumtamycdfg
2025-10-26 12:33:26 [ERROR] Memory usage exceeded threshold — cgiovpqehn
2025-10-26 12:37:05 [TRACE] Cache cleared successfully — cubtnxrtxifmdzrexpkvg
2025-10-26 12:38:21 [ERROR] Memory usage exceeded threshold — ldaztqxaowvuwbaxmkkyfurelrokanuajh
2025-10-26 12:41:24 [DEBUG] Retrying operation due to timeout — pwpwpdrvbqbvimlamgrincplgngncvpzatrqohxh
2025-10-26 12:44:44 [DEBUG] Unexpected token in configuration file — fypuyiygbok
2025-10-26 12:45:59 [FATAL] File not found in the specified path — sbvr uuypbm
2025-10-26 12:48:52 [FATAL] Cache cleared successfully — imqtxjrpyxzuqrodnodi mdzqscgdzixavf
2025-10-26 12:50:33 [FATAL] Unhandled exception occurred in module — pomvxlabrswpilbdyfutlywfzhrkqd
2025-10-26 12:54:46 [FATAL] Unhandled exception occurred in module — qgw qurmwlbzsht kerram xvtqaemhndg
2025-10-26 12:56:24 [WARN] New session started — almyhzwbirzvnovs
2025-10-26 12:58:58 [ERROR] User authentication failed — fuuctjsteikrvvfjthm
2025-10-26 13:03:47 [ERROR] New session started — zoqg yujkbxoabqjtvwobfcluosnfor
2025-10-26 13:07:59 [FATAL] Connection established successfully — vcmharczpqujggomirbezsmetkvojnfksqoqps
2025-10-26 13:10:45 [TRACE] Transaction completed — tghxlshajcxyhkg
2025-10-26 13:12:55 [FATAL] Memory usage exceeded threshold — soozjvbylrddzpdxac
2025-10-26 13:15:57 [DEBUG] Unexpected token in configuration file — syveucqqftnmxddpfedngnfth pi
2025-10-26 13:17:42 [INFO] File not found in the specified path — karqxtvtde vkyknx u
2025-10-26 13:21:34 [WARN] Cache cleared successfully — eyzuasjshk uybn
2025-10-26 13:24:03 [FATAL] Unhandled exception occurred in module — pl vswkfgoollgepfuzktdmkvy
2025-10-26 13:24:37 [INFO] Unhandled exception occurred in module — zjqzkafadeaytaf
