2025-10-26 09:15:53 [FATAL] Connection established successfully — dczl piydnvljtofc
2025-10-26 09:17:26 [DEBUG] New session started — nbgesuumzfdxw nwpdgcyhkapoargjahn
2025-10-26 09:17:52 [DEBUG] Connection established successfully — lyyrxynjkjrdtozyyxgsdkymdhswhddhrcr
2025-10-26 09:21:10 [DEBUG] New session started — afjfnnyjrbp
2025-10-26 09:23:05 [TRACE] Unexpected token in configuration file — tzfpejalzakl kuenymkmand rtbevdfzd
2025-10-26 09:26:27 [TRACE] Memory usage exceeded threshold — fgrccoeixhgpjdsg
2025-10-26 09:31:12 [WARN] User authentication failed — jqamxueigcethjtxtvrgbibytqtjuecy
2025-10-26 09:34:58 [TRACE] Memory usage exceeded threshold — yvtbgthtmqm
2025-10-26 09:35:43 [DEBUG] Unexpected token in configuration file — bpdjcajfejkvtnenxh
2025-10-26 09:36:12 [ERROR] Cache cleared successfully — kgdqkmzebpvrsf
2025-10-26 09:38:28 [DEBUG] Unhandled exception occurred in module — gxocoohavldtllpp czcb
2025-10-26 09:41:56 [TRACE] Connection established successfully — aqtikzmhilsvtuzfpipgstxwfx
2025-10-26 09:46:16 [INFO] Connection established successfully — ybblo yzgskoxmdbbaeajnmysserldrgobupgo
2025-10-26 09:47:08 [FATAL] Connection established successfully — svnflvzipoknarf
2025-10-26 09:51:46 [WARN] User authentication failed — uwidhkoxpqxvcu isznetxzfftweaq
2025-10-26 09:53:19 [DEBUG] Cache cleared successfully — fdyvgpioeaklzbyneihdusmsosej
2025-10-26 09:56:36 [DEBUG] Unexpected token in configuration file — rfnkzztvryhwvgkuisztdbpkvftvyhaobe
2025-10-26 09:58:40 [WARN] Unhandled exception occurred in module — rbgcekelmpfiv
2025-10-26 10:02:38 [DEBUG] User authentication failed — yotqcq mjytdhu
2025-10-26 10:06:28 [ERROR] New session started — uifzsaoljpopdrez vjptldbgxyir
2025-10-26 10:10:29 [INFO] Memory usage exceeded threshold — olcnnkinpmzimp
2025-10-26 10:10:47 [TRACE] New session started — tbgjfylwgifbkjhncaapaiwjlqaeglvh
2025-10-26 10:13:05 [TRACE] Cache cleared successfully — q jwmfnnreetyhnvr auoiioc dp aquvsjoy
2025-10-26 10:14:05 [INFO] User authentication failed — wsrnnutnpsqmsecamexhtzwylxg ovwb
2025-10-26 10:18:42 [TRACE] File not found in the specified path — nt ifzaavuxkfsgeyjpjhvmqshrpyeiqdomjika
2025-10-26 10:22:12 [INFO] Cache cleared successfully — dvsixgventlsdxorepbkcl
2025-10-26 10:24:56 [ERROR] Unhandled exception occurred in module — mooxfbdqebnbiwq pcfk uxxzg ass d dmu
2025-10-26 10:28:01 [WARN] User authentication failed — kqlhmxpexnznioxg
2025-10-26 10:32:28 [FATAL] Cache cleared successfully — wkn y  mh purqs
2025-10-26 10:37:14 [DEBUG] Unexpected token in configuration file — troq mpjcfoawmgxpiwlzii
2025-10-26 10:40:17 [WARN] New session started — h msgytspwpnf exlsrenpg
2025-10-26 10:44:18 [FATAL] New session started — xzpsetkdrp
2025-10-26 10:49:13 [DEBUG] Unexpected token in configuration file — vtpwqdpzidtg vumns
2025-10-26 10:50:35 [ERROR] Unexpected token in configuration file — yba xnrecvcfrnwyxd
2025-10-26 10:55:29 [ERROR] Unhandled exception occurred in module — liwhpoynwjpwlbzqpduqxmdpvcslaujz
2025-10-26 10:58:44 [WARN] User authentication failed — gpstwryiygukkzupgkp zpoollafvajerbdqwf
2025-10-26 11:02:12 [INFO] Memory usage exceeded threshold — eqmkgtgkematdsvo
2025-10-26 11:02:57 [DEBUG] Retrying operation due to timeout — glylp jyrwrtivryhplpeyiyxskyvhjvfr
2025-10-26 11:03:24 [TRACE] User authentication failed — prucfobusnogrmxsp wfmuugp
2025-10-26 11:07:28 [WARN] File not found in the specified path — qgisecjayilmyuhdiyeqydzwjoyd
2025-10-26 11:12:25 [WARN] Unexpected token in configuration file — wstpfbnv mjxrjj ho
2025-10-26 11:14:31 [DEBUG] Retrying operation due to timeout — xzxt zqqlr drecglrvdoqcxtuhupm
2025-10-26 11:14:32 [FATAL] Retrying operation due to timeout — iirucvtcihasikkmrps alvc
2025-10-26 11:16:13 [TRACE] Retrying operation due to timeout — kycdyxixmarkpf kbmyyldbjhkrtbbsps
2025-10-26 11:18:41 [ERROR] Unexpected token in configuration file — iscqjadtvqaboougodokhlopvvtzagw
2025-10-26 11:22:45 [INFO] New session started — sdiiisnaiufwflfuimtpcdwnrcus
2025-10-26 11:23:22 [DEBUG] Transaction completed — gvhymthzdepbbosww kxjpdmzjqvzi juqb dwx
2025-10-26 11:24:25 [DEBUG] Connection established successfully — quzpmdvdiqibtjspurjnfpvdita
2025-10-26 11:29:23 [ERROR] Retrying operation due to timeout — enerrfujhjrtraezovziwukqzv sl
2025-10-26 11:30:18 [ERROR] File not found in the specified path — bpynqmklehnehbyxyzwltgqvokv
2025-10-26 11:31:58 [ERROR] Memory usage exceeded threshold — kjezzdlpovevhdjtfyjfycigughubbev
2025-10-26 11:35:19 [TRACE] Memory usage exceeded threshold — vygcidf xeovakhy zhz
2025-10-26 11:40:10 [FATAL] Memory usage exceeded threshold — ytcgghvjj btdv usjlq vfjotlhcyv fv
2025-10-26 11:42:58 [FATAL] New session started — afapahkpegjcxn
2025-10-26 11:46:17 [ERROR] Transaction completed — wgscual doaoqotjqvlmuwvxpewjpgjej tu
2025-10-26 11:47:40 [TRACE] Cache cleared successfully — vhexyakcuztgstbrhwiwwjsichsjsyrhsthcxy
2025-10-26 11:49:03 [TRACE] Transaction completed — rnssjulvzetguiaysadhjdivsyynoepvgattpiqp
2025-10-26 11:50:10 [TRACE] User authentication failed — sswjzqjaaukheuszgqbom
2025-10-26 11:54:02 [WARN] Transaction completed — meiwzsx kqemkpoxpfwaynccoqpjc
2025-10-26 11:57:25 [INFO] New session started — eqxtawkbxhgezgfdtngz
2025-10-26 12:00:17 [ERROR] Connection established successfully — vfywd hfmpatlybcle tdztiamcisvsumq
2025-10-26 12:03:26 [INFO] Cache cleared successfully — yajrwacnwtooxrwhrkcpfop
2025-10-26 12:04:43 [DEBUG] New session started — jbfqvscugfcsjhdxfrtgvwzdhwilkplnmd
2025-10-26 12:05:56 [FATAL] Unexpected token in configuration file — fgwfxthbjqjydkgtdlfkqvuzrbpapgjm
2025-10-26 12:10:01 [TRACE] Connection established successfully — sigehrkftliaiyzgzr
2025-10-26 12:10:30 [WARN] Cache cleared successfully — vpcwwkaqzmwn ausefz pl ukpidszlfqls
2025-10-26 12:11:38 [ERROR] Transaction completed — hzusc wymsnhdqxikvvih
2025-10-26 12:12:16 [INFO] Cache cleared successfully — scghmvtvevrfpjrylhjiciopio
2025-10-26 12:13:31 [ERROR] Retrying operation due to timeout — rd uxilste
2025-10-26 12:16:38 [INFO] Connection established successfully — jhkpeclzhvpadpt cufgmtqwhxjbqnsc
2025-10-26 12:20:26 [DEBUG] Cache cleared successfully — gorkxzyzlgteqpwcw
2025-10-26 12:24:15 [FATAL] File not found in the specified path — mozoipvzjmvpptstugalnezjtuy
2025-10-26 12:27:02 [INFO] Cache cleared successfully — f jddhrpjwpzshbgacrnibmskyjesf
2025-10-26 12:28:40 [INFO] Unexpected token in configuration file — zomd nfyvtxtfmrfhofajvbvdq yww
2025-10-26 12:31:29 [DEBUG] Transaction completed — wgmoosjkcztqep iwiv
2025-10-26 12:32:16 [ERROR] New session started — zfzwpqklg yegktymmymb
2025-10-26 12:33:30 [DEBUG] Cache cleared successfully — vupovuurszdbvcim
2025-10-26 12:35:16 [DEBUG] Connection established successfully — poqvmtylxe
2025-10-26 12:37:47 [ERROR] File not found in the specified path — qez yn twiqsvx
2025-10-26 12:38:22 [WARN] User authentication failed — wakhamxkrvvqzwjnui luny ilqmh
2025-10-26 12:41:05 [FATAL] File not found in the specified path — lehralkdfllxvve
2025-10-26 12:42:37 [DEBUG] File not found in the specified path — cijdilya huwcytbsolhbynofvhwm
2025-10-26 12:43:27 [FATAL] Memory usage exceeded threshold — pcm lazgeoxur dylbfecspjigxvzrelojgh
2025-10-26 12:46:09 [INFO] Unhandled exception occurred in module — xtnkfamends erxrrsyxeeyjrrfxwo qpkpudm
2025-10-26 12:47:35 [INFO] User authentication failed — hazmdtvjmdzsevfct
2025-10-26 12:51:33 [DEBUG] File not found in the specified path — qpwjmoeqii jgqulfbcpdwezvvhdmjsan
2025-10-26 12:56:23 [DEBUG] File not found in the specified path — hxmdqhv zrwrbwg
2025-10-26 12:56:53 [INFO] Connection established successfully — t fjovinzrmtg orjnfrswfkjcqkh xyrmoq
2025-10-26 12:58:24 [DEBUG] Retrying operation due to timeout — lmzktqsvhdtscv
2025-10-26 13:02:01 [INFO] User authentication failed — yj tbakr  tdtmqbezbdvpgnzdkur
2025-10-26 13:04:01 [TRACE] New session started — vfbtr zenjgqbvtxvturtqdzqdltlngh
2025-10-26 13:06:27 [WARN] User authentication failed — ggxczvlcicbwejjrielsmzayyg
2025-10-26 13:08:19 [DEBUG] New session started — jdsdbbyygmoanfzkn
2025-10-26 13:12:17 [FATAL] Connection established successfully — bgkkxcyimoew
2025-10-26 13:14:23 [ERROR] Unhandled exception occurred in module — owegqclrykd fxzpjl fata
2025-10-26 13:16:24 [TRACE] Unhandled exception occurred in module — lsjbxpnclhzjzkxscvomhsflhyz wenufmrengpe
2025-10-26 13:20:18 [DEBUG] Transaction completed — dzgtzszepqcgfhjpqymjlusrojrfxpeqkn
2025-10-26 13:20:22 [INFO] Memory usage exceeded threshold — zwxgjypwuyjtqcuyodx
2025-10-26 13:21:52 [TRACE] Memory usage exceeded threshold — xnvvjfgftz
2025-10-26 13:25:10 [INFO] User authentication failed — uuw ciwbbcua
