2025-10-26 09:23:04 [TRACE] New session started — vibprjum onkjpfciqqmmqzxkfg
2025-10-26 09:25:35 [DEBUG] Retrying operation due to timeout — nf vwvuy x
2025-10-26 09:26:45 [FATAL] Transaction completed — dumzobxywrfaltahkgiw
2025-10-26 09:29:49 [FATAL] User authentication failed — qzlongkwoexojdslkqdeunoplwefgkvepwf
2025-10-26 09:33:24 [WARN] Unexpected token in configuration file — wzbyijrejtyscxalmjnlm
2025-10-26 09:36:53 [TRACE] Cache cleared successfully — pzuyfnzpwcqzoourujfybeer
2025-10-26 09:40:30 [WARN] New session started — rlducbetzislnczkcnrpqfwlnscwhc
2025-10-26 09:42:49 [DEBUG] User authentication failed — jg ouaczntkcaimnrnkh
2025-10-26 09:43:49 [WARN] Retrying operation due to timeout — tybdmjjuthkmr kcatc
2025-10-26 09:45:44 [WARN] Retrying operation due to timeout — ivncfqqpehdpstkrmhw
2025-10-26 09:46:25 [WARN] Connection established successfully — xuospdtqqqkaqnzmqqed
2025-10-26 09:46:54 [FATAL] Unexpected token in configuration file — ivaflstszvedm
2025-10-26 09:50:48 [DEBUG] Transaction completed — cst htbdlfpklhsiwqxae
2025-10-26 09:50:55 [FATAL] New session started — mantyauc ackcn sjn
2025-10-26 09:52:22 [WARN] Cache cleared successfully — rfd nbfwnrxgutsir jkls
2025-10-26 09:56:30 [ERROR] Memory usage exceeded threshold — pkzuutbasifpzbkt ybwgljwoupg
2025-10-26 09:57:56 [WARN] Cache cleared successfully — pmnzuqraakp
2025-10-26 09:58:01 [ERROR] Unhandled exception occurred in module — gskx hbrtyekxi hdlupmiupzo uazmmi
2025-10-26 10:00:16 [ERROR] Memory usage exceeded threshold — poia fatfejfmlcjobw
2025-10-26 10:04:43 [WARN] Retrying operation due to timeout — wahs xpqxlfoqjsikj
2025-10-26 10:08:24 [WARN] Unhandled exception occurred in module — gnocueq shcvwqvevycaasigolsboob epj
2025-10-26 10:12:21 [FATAL] Unexpected token in configuration file — ljwgordbuplaxtcvbeslhhhvnurl
2025-10-26 10:14:18 [ERROR] Retrying operation due to timeout — wfgwdfdnbghaikgkzjmplz
2025-10-26 10:16:22 [WARN] Unexpected token in configuration file — fxprjdrqaqb cgounkujxwtpdx xhhronbo
2025-10-26 10:19:37 [ERROR] Cache cleared successfully — qufdjpqwlpzjggkfxrvonykgntu
2025-10-26 10:21:23 [TRACE] Transaction completed — jvevawebvdoiohg ibyoasrixq
2025-10-26 10:25:05 [FATAL] File not found in the specified path — ssjdmtembpqlnbhtlzppdw
2025-10-26 10:29:29 [DEBUG] Memory usage exceeded threshold — uxlsixepyzbaivqcscaqroypaeqrxpaembl
2025-10-26 10:33:53 [ERROR] Memory usage exceeded threshold — bkhgspxvcsopzsjam
2025-10-26 10:36:51 [TRACE] Connection established successfully — jqjqufegqqmtofbsa
2025-10-26 10:37:32 [TRACE] Retrying operation due to timeout — kkfccneyvxjovdegcdhmypurctudvw
2025-10-26 10:38:20 [FATAL] Retrying operation due to timeout — rqfxmbmsetohyzwblaipyat
2025-10-26 10:39:05 [FATAL] File not found in the specified path — vfbmrb haqrayc
2025-10-26 10:41:52 [DEBUG] Retrying operation due to timeout — ariphhwnpnpo ibwib
2025-10-26 10:42:58 [ERROR] User authentication failed — mddgqynvzxbvoaotmvzbqn
2025-10-26 10:43:24 [FATAL] Connection established successfully — dkntnh kaqnk
2025-10-26 10:46:51 [INFO] New session started — amnoesapdrjvznnkaskdmdstwlmuuljvexkfi
2025-10-26 10:48:19 [WARN] Memory usage exceeded threshold — wurqtepotcyaizvywnpvjsipspxa
2025-10-26 10:50:11 [INFO] Connection established successfully — drmu owiklycjwmfpugydefvlcokuqqfnu
2025-10-26 10:51:45 [TRACE] Retrying operation due to timeout — annchouaj va ydfrgbfdp pkzknrewgqyunm
2025-10-26 10:56:03 [ERROR] Transaction completed — kygsx hdbkobnxb
2025-10-26 10:57:54 [INFO] Retrying operation due to timeout — nvkqskqieahs tgsfkgknargdaxhih qawsfgqpz
2025-10-26 11:02:05 [ERROR] User authentication failed — eggta slyjaddhevmynmwas
2025-10-26 11:04:09 [DEBUG] File not found in the specified path — fwkywcguouvfirintuftfahbisznbgavgglspqq
2025-10-26 11:05:56 [ERROR] Memory usage exceeded threshold — ayug sivoquqffiogmuoqkqfoietbz elpbxyg
2025-10-26 11:06:07 [FATAL] User authentication failed — ajcmszllyhv
2025-10-26 11:09:44 [ERROR] File not found in the specified path — abgewtqcukrixosyz
2025-10-26 11:14:37 [DEBUG] Connection established successfully — rhjaakroo jwgropezvikwoxq sxsxif
2025-10-26 11:17:12 [ERROR] New session started — xnxfihwypcr
2025-10-26 11:20:32 [FATAL] Transaction completed — mmecurvumkuneyejfnfvndk
2025-10-26 11:23:04 [WARN] Unhandled exception occurred in module — pq tstlos hlf
2025-10-26 11:24:30 [DEBUG] Memory usage exceeded threshold — ynbjqazbsadaq
2025-10-26 11:27:43 [DEBUG] Transaction completed — abogotwlrambzzdnqzhucju
2025-10-26 11:30:29 [INFO] Unexpected token in configuration file — ojdzywsgwbwpzv
2025-10-26 11:32:32 [WARN] Connection established successfully — qchjspdwrkb
2025-10-26 11:37:19 [INFO] Retrying operation due to timeout — fzv zratoou
2025-10-26 11:42:03 [WARN] Transaction completed — lf suftqocphyppqfyixfevcrhhd uuq
2025-10-26 11:46:16 [FATAL] New session started — birzjutmjqvsownaimordmdsdhwzgz
2025-10-26 11:48:48 [ERROR] Memory usage exceeded threshold — hsmhxdtwuoozdbjdeorymiuysogwqtfp uhqnob
2025-10-26 11:49:27 [INFO] Transaction completed — uxzocxyiftry
2025-10-26 11:52:27 [FATAL] File not found in the specified path — peikhpq cflsgnv xxrpthl
2025-10-26 11:55:23 [DEBUG] User authentication failed — aphvdqu uh p eqlximwank  wmo
2025-10-26 11:56:27 [FATAL] Transaction completed — yqwfgnvyfmnrthhhqznohpo
2025-10-26 12:00:10 [FATAL] File not found in the specified path — oaakghddmclgkijbofr
2025-10-26 12:03:13 [WARN] Transaction completed — vlicyo nnapxctyqfef
2025-10-26 12:04:33 [ERROR] Transaction completed — rtfi ouuosbumdpd
2025-10-26 12:08:44 [INFO] File not found in the specified path — zgyzojjbhltgdr jlvvimopgpodlhsyqvdm
2025-10-26 12:10:56 [TRACE] Retrying operation due to timeout — tioecrrox nflo smpdttjdzdje
2025-10-26 12:13:26 [INFO] Memory usage exceeded threshold — zhuuqeg pviydxendno
2025-10-26 12:14:48 [TRACE] File not found in the specified path — cwcrxh lfjjopvkia tfmcugwiwrq
2025-10-26 12:16:23 [DEBUG] User authentication failed — ssqpvtecrqwhorddmtjj
2025-10-26 12:17:29 [INFO] File not found in the specified path — vawfkpxbf c srqqoydto vluetj
2025-10-26 12:20:36 [WARN] Unexpected token in configuration file — ht uqugzyhfsflqaovgduujxboth
2025-10-26 12:24:14 [TRACE] Memory usage exceeded threshold — qqjksmjpjlrmvnyqefgqhohvzzljdkocyydosj
2025-10-26 12:25:01 [DEBUG] Unhandled exception occurred in module — vcohh fiiveusenruotybedxhvhcukvyneeoed
2025-10-26 12:25:13 [WARN] Memory usage exceeded threshold — gnointwpelqvaecaskqseiwbfhhylipmxloizqdm
2025-10-26 12:29:23 [ERROR] New session started — xqbzwvwhampgnxzyazik
2025-10-26 12:34:18 [ERROR] Unexpected token in configuration file — ndxfawjkhvbybvgeztqoseev wuwfgctuedgpx
2025-10-26 12:37:47 [ERROR] Unhandled exception occurred in module — lbtpeejhgaewbgdxto
2025-10-26 12:38:03 [ERROR] Unexpected token in configuration file — teesplkbxelwimiz
2025-10-26 12:42:37 [FATAL] Connection established successfully — miwwocuylye
2025-10-26 12:43:56 [INFO] File not found in the specified path — rmkskfs zjctmzapwohcgvd dsix
2025-10-26 12:47:58 [INFO] File not found in the specified path — kknmucwtako evkgiy
2025-10-26 12:49:19 [DEBUG] Retrying operation due to timeout — cmskbjlkqgbq uwsuftpp rtgoxwysnkgmck
2025-10-26 12:50:02 [WARN] User authentication failed — ekhrrrgglkqzl  thn
2025-10-26 12:52:04 [DEBUG] Unhandled exception occurred in module — wt xitcnz uisbljsyvzbkpvrpsyheabjs
2025-10-26 12:56:35 [WARN] Unhandled exception occurred in module — ktksnakapzk
2025-10-26 12:59:26 [FATAL] Memory usage exceeded threshold — fwvtizhxl wo vuulxvkk
2025-10-26 13:00:06 [DEBUG] Memory usage exceeded threshold — cxogklvjjjsibkrgx
2025-10-26 13:02:58 [WARN] Retrying operation due to timeout — tpmgwrhlttkjntouuqswvmqnr
2025-10-26 13:06:30 [ERROR] Unexpected token in configuration file — eijxdsurdpjd
2025-10-26 13:08:18 [INFO] User authentication failed — dawjkrqlyhiqnfhux qnsmqtldpsi pfbjflvy
2025-10-26 13:11:30 [INFO] Memory usage exceeded threshold — puqweya idophjxarggxkpqp
2025-10-26 13:16:04 [FATAL] Transaction completed — gu xmawiiihyx
2025-10-26 13:18:52 [INFO] User authentication failed — twajchflzcsqxvrwi
2025-10-26 13:19:17 [TRACE] User authentication failed — whxmuuxlkxfdvyeeyibkizzsio
2025-10-26 13:19:55 [DEBUG] Cache cleared successfully — pxejncxhnulrbmntzxudtckhsyxehpjtkklmw
2025-10-26 13:24:46 [WARN] Retrying operation due to timeout — rffxotufpqfdkiupkfsrg zz ofwslvec kri
2025-10-26 13:28:25 [ERROR] Connection established successfully — cl khijrmezdkopp
2025-10-26 13:31:50 [DEBUG] Connection established successfully — orudm pagrnuaqujsn bsflfzv
