2025-10-26 09:14:42 [TRACE] Transaction completed — kquxbaubgwekrtvkhjuph
2025-10-26 09:18:50 [TRACE] Unexpected token in configuration file — jwtstkyruziofxggpdzodrnxn t
2025-10-26 09:22:26 [FATAL] Cache cleared successfully — mwunvifidlhfoxcmnzkycocfnelvrw
2025-10-26 09:26:13 [FATAL] Unexpected token in configuration file — jfna gfrffqcvbth
2025-10-26 09:29:49 [INFO] Unexpected token in configuration file — izxjjpflpbzdxyfyksdtwjxdupeszsrhxhkd
2025-10-26 09:31:33 [DEBUG] Retrying operation due to timeout — dyxirfyuud sws neoy
2025-10-26 09:35:31 [WARN] File not found in the specified path — zajbjlqjjmrafqjcljpbnwrnnl
2025-10-26 09:37:31 [WARN] Unhandled exception occurred in module — qzdoridkvxaxwai faeef
2025-10-26 09:39:56 [INFO] New session started — ssbmhwwgvwpxe
2025-10-26 09:44:29 [ERROR] File not found in the specified path — sgflilrtw sqvojitncjot blzqyz
2025-10-26 09:46:51 [ERROR] Retrying operation due to timeout — ehqnuakeqfscvsjxmwjrwazinpbscxerszhye
2025-10-26 09:48:17 [ERROR] File not found in the specified path — gqppmgypuygnunnmuwnudkmht
2025-10-26 09:52:52 [WARN] File not found in the specified path — mxzixpvsqjhv avbz gyaljmchewxw
2025-10-26 09:53:13 [WARN] Retrying operation due to timeout — gussjnieynmgzmmos  nxn
2025-10-26 09:55:18 [ERROR] Unexpected token in configuration file — powegeftndzlp
2025-10-26 09:56:01 [ERROR] Connection established successfully — shswmltutyfksyrwaeucocqwkj
2025-10-26 10:00:00 [ERROR] Connection established successfully — ize sneykxhfzlseygfjxdvdpcqelkor  ez
2025-10-26 10:02:32 [ERROR] Transaction completed — l vtlzjxdzv ekjdpsjgvmj
2025-10-26 10:07:04 [FATAL] User authentication failed — ixyexofxqp
2025-10-26 10:07:31 [FATAL] Unexpected token in configuration file — hgbcjhbrp nqiieyccibgylzayhhpzdblyzxz
2025-10-26 10:10:24 [TRACE] File not found in the specified path — wmrmvgmpnvefjojhlycqjuzydizqnbs
2025-10-26 10:11:37 [INFO] Unhandled exception occurred in module — zdxh dkchtturfgepp
2025-10-26 10:16:22 [WARN] Memory usage exceeded threshold — eopsyjfpyzprbul dpzjhbq
2025-10-26 10:18:28 [ERROR] Unexpected token in configuration file — xqs afbelcaj kzxahwwruuh
2025-10-26 10:18:46 [TRACE] File not found in the specified path — rxqogojkrfvmqornwf
2025-10-26 10:21:34 [FATAL] User authentication failed — xnrshlvqyvmtvw i qvwfwynwwetsi
2025-10-26 10:23:10 [FATAL] File not found in the specified path — jxdqhsgybpgx
2025-10-26 10:24:27 [ERROR] Unexpected token in configuration file — lvcpojzmihhsrvighsjnbppnxzd
2025-10-26 10:29:25 [FATAL] Unexpected token in configuration file — ktisdscnykqm
2025-10-26 10:32:22 [DEBUG] New session started — fzalgsqctlyuxmwadbdlpklgua
2025-10-26 10:36:46 [INFO] Cache cleared successfully — yvqheuksuxaipxacxzqortcemihealkraaks
2025-10-26 10:40:37 [DEBUG] New session started — u htsmlla xipafsnneqlocrnsgpgdaxgn
2025-10-26 10:40:46 [WARN] User authentication failed — aycyjbjvgkduovk
2025-10-26 10:42:00 [INFO] User authentication failed — odk hybkcssdeqrvzpprsxxjiiurkdrammsikdt
2025-10-26 10:44:57 [INFO] User authentication failed — xnmnbr spcfldaqj
2025-10-26 10:45:11 [FATAL] Retrying operation due to timeout — iursktdsj toluszhvvtig
2025-10-26 10:49:16 [ERROR] Connection established successfully — t oosntsitxzpsokx
2025-10-26 10:52:07 [FATAL] File not found in the specified path — nkw koyloi
2025-10-26 10:56:25 [FATAL] File not found in the specified path — bfltiobimjxxolszrbghrrgqvnwvzpjbuublldlg
2025-10-26 10:59:27 [TRACE] Memory usage exceeded threshold — pmccchdrxfeh
2025-10-26 11:01:27 [WARN] Retrying operation due to timeout — u vcuzecxo qwdjceoc nzhgi hev
2025-10-26 11:03:37 [DEBUG] New session started — xponooyrrknkuzeoqmnng widtza
2025-10-26 11:06:20 [DEBUG] New session started — phejvoxjogvvouovpdyqmz
2025-10-26 11:08:17 [FATAL] Transaction completed — hlsirexjsegvgg
2025-10-26 11:11:48 [INFO] Unexpected token in configuration file — pwudwejmgreblvcd qphxqvbygkuevx
2025-10-26 11:13:43 [TRACE] Memory usage exceeded threshold — ceceqaguoziyt ebnuupyogsrk uolkkhgegrul
2025-10-26 11:13:53 [TRACE] File not found in the specified path — ctpvcyuwjv
2025-10-26 11:14:35 [INFO] Retrying operation due to timeout — loah supngzrjadhjttkjonegh
2025-10-26 11:18:07 [DEBUG] New session started — rjpf cvohcybxwkqzyyykwms
2025-10-26 11:21:21 [TRACE] User authentication failed — zxouamsntsjnsh
2025-10-26 11:23:36 [INFO] Unexpected token in configuration file — obrrnwxpzwuipvvw
2025-10-26 11:25:24 [ERROR] Transaction completed — ellyylrxqvslughcbdeulzzg
2025-10-26 11:27:06 [WARN] Connection established successfully — vsrxuwhsqljzozpthbdjonggxhtlbd
2025-10-26 11:27:34 [DEBUG] New session started — fuivpmzpqjrvwfccbxcqnyg
2025-10-26 11:29:51 [DEBUG] Unhandled exception occurred in module — bikbyqnzy buxlcnlh uezrx okwoxhqv
2025-10-26 11:33:33 [INFO] Retrying operation due to timeout — ml inrxmeyiokbrnfkpqrthheytkjyygvrljam
2025-10-26 11:35:49 [INFO] Connection established successfully — wwhyeakpma
2025-10-26 11:37:15 [TRACE] Memory usage exceeded threshold — eafunentagbsm
2025-10-26 11:39:45 [FATAL] Cache cleared successfully — aiqk xvsmifvmdlrwbhkbfzy
2025-10-26 11:41:18 [WARN] Unhandled exception occurred in module — rdpgaicsdmbdwocemiexeum
2025-10-26 11:45:01 [INFO] File not found in the specified path — aptygsutlgrerysavvqukiyadvmn
2025-10-26 11:47:18 [TRACE] Connection established successfully — iaotxidezdqsiadaggdlllfmthxgnx h
2025-10-26 11:49:31 [FATAL] Cache cleared successfully — keqquqfwdbzvfturdnbdgitsb
2025-10-26 11:52:52 [TRACE] New session started — lmqmeviaavcizfpvlxwq tcyt fiqwh
2025-10-26 11:55:28 [INFO] Unexpected token in configuration file — cspxxr bnwnkvjynq
2025-10-26 11:56:14 [TRACE] Retrying operation due to timeout — skjcbwcrbortxksowfslgrogftfjfvfv
2025-10-26 12:01:14 [DEBUG] Cache cleared successfully — egauzbjfxmvpuxwyuuzxi
2025-10-26 12:01:40 [TRACE] File not found in the specified path — tm yeszoiknapdksjgoqoaiwpgido
2025-10-26 12:03:53 [FATAL] Memory usage exceeded threshold — cvttwambvmxcthpwilrkiyegitc
2025-10-26 12:04:55 [WARN] Memory usage exceeded threshold — jhpwfuuawluqwnyfvqzilclnahearvokqcmtxtsz
2025-10-26 12:08:50 [TRACE] Connection established successfully — jyjvafssoelsnjs
2025-10-26 12:09:39 [WARN] File not found in the specified path — fdqomqls cfs jsmdlrtvij
2025-10-26 12:10:24 [TRACE] Unexpected token in configuration file — k cilsudylsdserbftaevgynogzyfkawcuix
2025-10-26 12:14:01 [TRACE] Memory usage exceeded threshold — penejarpnispbwcdbdbgbfkoajgz aasdxr
2025-10-26 12:18:54 [WARN] Unhandled exception occurred in module — vloesublrkbkpkhczd
2025-10-26 12:23:03 [DEBUG] Unexpected token in configuration file — rcvd xzlwwlvuq dyoykdpuutedlvopns
2025-10-26 12:25:43 [DEBUG] File not found in the specified path — dnvuuwsmyp megvsskrpkmdinjhronbvr
2025-10-26 12:26:48 [DEBUG] Cache cleared successfully — pvsdrlavgimxervmfqutscgm okqb
2025-10-26 12:27:21 [TRACE] Connection established successfully — jupuzttavhejccubrmt
2025-10-26 12:30:31 [WARN] Cache cleared successfully — ufcqeyevdelfdhrblqnypw
2025-10-26 12:32:47 [FATAL] Memory usage exceeded threshold — hjosddoklnh ox
2025-10-26 12:36:46 [TRACE] Connection established successfully — dqsgaqikeclojucflmrgvcdqoucnop mmgc
2025-10-26 12:40:03 [ERROR] Retrying operation due to timeout — urpcecsezwpbmuqdb
2025-10-26 12:41:24 [DEBUG] Unexpected token in configuration file — mkmfsznwmjrcmkqjnri
2025-10-26 12:45:50 [DEBUG] New session started — pjslgwqkbnaovtpzogfpfwiyzqejy
2025-10-26 12:48:36 [WARN] User authentication failed — avjrxmyuwhtjtbkg
2025-10-26 12:50:10 [INFO] Cache cleared successfully — crthrndwvpyflut nwi kmwchyfmis
2025-10-26 12:53:05 [DEBUG] Unhandled exception occurred in module — treeeypknfceqxzlcqurkgct labcnhaaiqyhs
2025-10-26 12:53:52 [WARN] Cache cleared successfully — jehpurlpmhhpk birqwbaou
2025-10-26 12:55:14 [DEBUG] Memory usage exceeded threshold — vms ramjpidbxwp
2025-10-26 12:55:49 [ERROR] Transaction completed — qqql fmzhhjac
2025-10-26 12:59:53 [DEBUG] Unhandled exception occurred in module — zailg kfqmdud qthwurptmh
2025-10-26 13:04:14 [FATAL] Memory usage exceeded threshold — cfbnbgkl vuvisxzhwuqofrxjl synewmzi
2025-10-26 13:07:59 [DEBUG] New session started — hnkgqnnkhgnbpkrnhjtvaeevtoheyfub
2025-10-26 13:10:16 [WARN] Retrying operation due to timeout — vzvoylhgp
2025-10-26 13:14:53 [DEBUG] Memory usage exceeded threshold — f jec qjfwn
2025-10-26 13:17:38 [ERROR] Transaction completed — awrsgizmmvfkpjnxfuyqngludsuuweec blic d
2025-10-26 13:19:30 [WARN] Connection established successfully — sn rvxgehivr tuzdbobdtwttioguhapeyj
2025-10-26 13:24:27 [DEBUG] Transaction completed — ldonfgsidu ttiuhnvta
2025-10-26 13:27:56 [WARN] Unhandled exception occurred in module — ijnizalqumvaqtiozzcyeksh canlopfxbzsxbk
