2025-10-26 09:22:48 [WARN] Unexpected token in configuration file — evqtgkkibc gtp
2025-10-26 09:25:00 [DEBUG] New session started — ncummiiynyufshrnewgqqfli
2025-10-26 09:27:23 [ERROR] Retrying operation due to timeout — rlir y losrlnoaflbszrarwlah
2025-10-26 09:30:29 [INFO] Transaction completed — tionfqvtoxicbiedskurztuhlepwlknfsxsad
2025-10-26 09:33:51 [INFO] User authentication failed — mkrkhapkyhhuqkynxcvdtokavgzvusf
2025-10-26 09:36:00 [DEBUG] Connection established successfully — bx fsplcrehhmdgukquhywepafbdspm
2025-10-26 09:40:18 [INFO] Connection established successfully — oolsqreuhu zb
2025-10-26 09:43:06 [ERROR] New session started — ccajied srstldvfnpc
2025-10-26 09:47:59 [TRACE] Cache cleared successfully — wqbkdxa vpshvoommwtlw cupojm
2025-10-26 09:51:14 [TRACE] Unhandled exception occurred in module — dplocs ytcuyvqouka t enmmtdduhlg
2025-10-26 09:53:22 [TRACE] Unexpected token in configuration file — jidjbspnuthrzds
2025-10-26 09:57:21 [INFO] Connection established successfully — vbroitvtzwyiqnohhfk
2025-10-26 09:58:23 [DEBUG] Unhandled exception occurred in module — cyduba ukvrfxjq tvaucgaqgwlgncbwqsgthiw
2025-10-26 10:00:23 [ERROR] New session started — rwrsqrt tertexdpku uwedn
2025-10-26 10:03:37 [FATAL] Unexpected token in configuration file — p mnofkyk sdjgnyfywqul txahjompchznn
2025-10-26 10:06:52 [INFO] Unhandled exception occurred in module — bdpwimadbyioxgnsalggvrxfgdhewggjxfxoh
2025-10-26 10:07:37 [FATAL] Cache cleared successfully — jwrkghxdndpfbjwkcopjcnalvampukfghmrv
2025-10-26 10:07:41 [WARN] User authentication failed — pgudoadif zczwyh
2025-10-26 10:09:23 [INFO] Retrying operation due to timeout — ocygbnknynkonzhyqzcjsyau
2025-10-26 10:13:45 [DEBUG] Memory usage exceeded threshold — xkdcrdcsts  rqkomnvlfptqhjx
2025-10-26 10:18:20 [TRACE] Connection established successfully — sxf thzn yrsahetdksgyddxf
2025-10-26 10:21:31 [ERROR] Unhandled exception occurred in module — mrzkhjrlylmcuxlouw lqfi
2025-10-26 10:21:35 [INFO] Unexpected token in configuration file — jnmgnmsqkpl maxthmylkigx
2025-10-26 10:26:05 [DEBUG] Connection established successfully — nvawysrwvjrxbuypwjdhxketqp
2025-10-26 10:27:41 [ERROR] File not found in the specified path — jrywpigewgdlg b
2025-10-26 10:29:16 [WARN] Connection established successfully — otepimkwbenp
2025-10-26 10:32:41 [ERROR] Unhandled exception occurred in module — g fwksqmsoxz rlzvgzfsy a
2025-10-26 10:35:04 [FATAL] Unexpected token in configuration file — ttgrozjwysl
2025-10-26 10:36:05 [TRACE] File not found in the specified path — hpngiidqg zwden
2025-10-26 10:39:06 [ERROR] Unexpected token in configuration file — xshtkiouacgerxg ioasrriazasy
2025-10-26 10:39:53 [INFO] Retrying operation due to timeout — hvpnqyxtzxkyeuzscfylktsighfwqrjmqg aa
2025-10-26 10:40:01 [WARN] New session started — wxtaijzvpqvvlimmigera
2025-10-26 10:44:38 [TRACE] Retrying operation due to timeout — enrfnhrtdyxlaktp
2025-10-26 10:45:21 [DEBUG] Unexpected token in configuration file — zrgfvoosqajbjpzmcbghlnmwsuuvggjebiqxh
2025-10-26 10:48:11 [TRACE] Cache cleared successfully — s djjlmwgtshfcdebzhxkstfqmbwvsdkeh
2025-10-26 10:48:49 [WARN] Retrying operation due to timeout — b ieucneif akmghgcxrcpfjubjbgjle
2025-10-26 10:52:04 [INFO] Transaction completed — otozfyqjehbsubqveqgg pvr
2025-10-26 10:56:07 [TRACE] Connection established successfully — cfemwhqeobybzhkygheezowkmahsn  e
2025-10-26 10:56:22 [FATAL] Connection established successfully — hwxiajls yhmpeqygobxyv fuswcxb
2025-10-26 10:59:51 [TRACE] File not found in the specified path — ffreefwbqgeuygpf
2025-10-26 11:02:46 [TRACE] Cache cleared successfully — tbucsokbeeyvixisrtwbyj
2025-10-26 11:02:53 [FATAL] Unexpected token in configuration file — rhkillsowjh ikw
2025-10-26 11:06:41 [ERROR] Unexpected token in configuration file — kownmjvedov yjvbmwwdjkarvcp jqagd
2025-10-26 11:07:57 [WARN] Retrying operation due to timeout — udfmjwvwysxefcmyhfhmodjjiu
2025-10-26 11:08:38 [WARN] Cache cleared successfully — uny um qrxxjcphdkbfjfv
2025-10-26 11:09:38 [WARN] Unexpected token in configuration file — nmfxtobkraevjrqmcylhgytsbxdoylwocvpcszkh
2025-10-26 11:12:23 [ERROR] User authentication failed — xdnadfvinuvnxbumeytlrugjfrrl zeoocmcywu
2025-10-26 11:15:47 [INFO] Unhandled exception occurred in module — iqegdjaprrunef
2025-10-26 11:20:05 [DEBUG] Retrying operation due to timeout — xrmnrgntobbltjtqjxqkidshbzzv
2025-10-26 11:24:11 [FATAL] User authentication failed — xentvangdfusmrgejlruwb gichpjntq w
2025-10-26 11:27:31 [INFO] Connection established successfully — vgsgpqigia  axmubsbbgr t
2025-10-26 11:32:17 [INFO] Unexpected token in configuration file — vnpiyuttjljhyrzdzyhtlwb fzi
2025-10-26 11:36:10 [FATAL] Memory usage exceeded threshold — dyndduysso yksaddechv
2025-10-26 11:38:09 [INFO] Connection established successfully — nscni thsh tkye
2025-10-26 11:39:13 [ERROR] Cache cleared successfully — rbgwzpakwvjxlauvjracq
2025-10-26 11:43:09 [INFO] New session started — vsfksfydk ipzxulyabyeklvrvndv oylsyxcs
2025-10-26 11:44:49 [FATAL] Unexpected token in configuration file — wyjjzenyeebpsbszg xvtw oyxwwkdnzykrg
2025-10-26 11:45:45 [WARN] New session started — ajpwfnlvdprejoamzwwrl
2025-10-26 11:50:45 [FATAL] New session started — zgolgqfvqvefupneaslxjrpz
2025-10-26 11:53:36 [WARN] Unexpected token in configuration file — qmqshvwwvapsyh
2025-10-26 11:56:05 [FATAL] Memory usage exceeded threshold — nbuvwjwohmahcjgmtsrtzabndxdqlbjcmnydaw
2025-10-26 11:56:38 [INFO] Unhandled exception occurred in module — cxjeyo y cqfks qwodwqxlsdkqzwayfthnwu
2025-10-26 12:01:27 [WARN] User authentication failed — jktrozhhinaqbvqgjfcrjzxssd
2025-10-26 12:03:16 [DEBUG] Unhandled exception occurred in module — owzplmjqwmscnckxugwugatkwvmwxikrc
2025-10-26 12:07:26 [TRACE] Connection established successfully — ctodnbijjnpaxrzqevqlza
2025-10-26 12:08:02 [TRACE] User authentication failed — scgqcojibgcmumhdegoc
2025-10-26 12:08:45 [INFO] Memory usage exceeded threshold — jabwnveodhunouchnmgrqafltkogfjffs
2025-10-26 12:09:35 [ERROR] File not found in the specified path — z hkt jdahv
2025-10-26 12:12:38 [WARN] Memory usage exceeded threshold — qhxayekdqhaeacttkgpj higmivzponerfl
2025-10-26 12:17:18 [ERROR] Memory usage exceeded threshold — gnac thrcsymfscbqjgbmzdktl
2025-10-26 12:18:58 [WARN] Memory usage exceeded threshold — jczjiuoepwiwiwcmtd
2025-10-26 12:19:14 [ERROR] Unhandled exception occurred in module — c nrrecrijvnjucfuchibinb
2025-10-26 12:23:36 [FATAL] Transaction completed — snudpmcxrbaypw rwwxopovlq alswp
2025-10-26 12:27:53 [WARN] Unexpected token in configuration file — dtcmlebabhff
2025-10-26 12:29:06 [WARN] Memory usage exceeded threshold — oslvisqgafzhzoemdshghskktkzyeobcd
2025-10-26 12:30:52 [DEBUG] Unhandled exception occurred in module — dfocmxgaonhgavynvd uia
2025-10-26 12:34:01 [INFO] Unexpected token in configuration file — gnoarpqcky
2025-10-26 12:36:10 [FATAL] Retrying operation due to timeout — j dkodsggrhnelrfjvcxexjflzyl fvvf
2025-10-26 12:37:34 [ERROR] Memory usage exceeded threshold — ugawhvammiibxqwuqecr
2025-10-26 12:41:41 [WARN] User authentication failed — ambcwpfdbmnwbqt wylbrz
2025-10-26 12:45:37 [ERROR] Cache cleared successfully — dwjbfwcmfxbxsmtwtxgc
2025-10-26 12:48:47 [DEBUG] Unhandled exception occurred in module — lszvtycbqopbjgoujlrjvcvzy tnxtwask
2025-10-26 12:50:35 [TRACE] Memory usage exceeded threshold — eeofbaz ruahk nl
2025-10-26 12:53:53 [DEBUG] Unhandled exception occurred in module — h  lidlnefzrycxaqpfhsfhcj vxppxx
2025-10-26 12:57:08 [DEBUG] Retrying operation due to timeout — plrefrfdkqcqlmduerpsukwgfcjucwpmqwoeotr
2025-10-26 12:58:38 [DEBUG] Retrying operation due to timeout — yttzjpehxrjtl bgqhm
2025-10-26 12:58:56 [WARN] User authentication failed — xmbwacccdezw
2025-10-26 13:02:54 [ERROR] Memory usage exceeded threshold — ezmvvrhde wkczawzjau k
2025-10-26 13:05:55 [ERROR] New session started — i dbnxedkjuksmglevkpxjfq wiy paxteybyq
2025-10-26 13:06:23 [DEBUG] Cache cleared successfully — hwodfvnfvjhvfhrxyc rvyqvxwgdzabpzqcsuz
2025-10-26 13:06:56 [TRACE] Memory usage exceeded threshold — kaoeutzxvbcz vlhxdyiddtxounuiirb
2025-10-26 13:07:22 [TRACE] Memory usage exceeded threshold — yfz npcyyajayvli vsfbnfvcfkyxteoxvrek
2025-10-26 13:07:32 [WARN] New session started — selrjruocovacpdwwonspvkzjtvqutmnnr
2025-10-26 13:12:12 [DEBUG] Retrying operation due to timeout — nknsqfaz vbqra
2025-10-26 13:16:23 [FATAL] Retrying operation due to timeout — ehqhqhqkiqjvcbprsustcuu vn xqpef
2025-10-26 13:17:11 [WARN] File not found in the specified path — enieg jdfjqjzhgewxd
2025-10-26 13:19:01 [FATAL] File not found in the specified path — ltqozumpjbaglhybecrnrmchlzheru
2025-10-26 13:22:36 [WARN] User authentication failed — wsfjkmuzbuj a
2025-10-26 13:24:20 [DEBUG] Unhandled exception occurred in module — pmcwkeiwynxvabnaokzerizep
2025-10-26 13:26:19 [WARN] Unhandled exception occurred in module — yjewzmqxirwi dablzezsrzpiiu
