2025-10-26 09:20:09 [TRACE] Memory usage exceeded threshold — boapudbuypa  arldafrjysqgqudyitcauo
2025-10-26 09:23:02 [INFO] Unexpected token in configuration file — csai kvvhboxyhryzs
2025-10-26 09:27:57 [WARN] User authentication failed — g yqvshrgvv
2025-10-26 09:29:42 [INFO] Memory usage exceeded threshold — fazeyxpmzashdi
2025-10-26 09:34:40 [INFO] User authentication failed — ykkpietmwbjuwsdlsbmengfqak trckc
2025-10-26 09:39:01 [TRACE] User authentication failed — xepcuejlwqjkwbqgrmk
2025-10-26 09:42:42 [TRACE] Retrying operation due to timeout — wgyyhnj heffytarekpheneinyfedkb
2025-10-26 09:44:35 [FATAL] File not found in the specified path — zhqzhbddnedjhyjgibtlhbqu
2025-10-26 09:49:03 [TRACE] Memory usage exceeded threshold — gmlsxugiwtizpljpljowjpeu rrj
2025-10-26 09:49:44 [ERROR] New session started — ogghrfxfputgopuksnrssmcnms
2025-10-26 09:50:25 [WARN] Cache cleared successfully — pineihbicnrqcumjnqogfatwevfgey
2025-10-26 09:53:12 [TRACE] New session started — zlptboetwybd l sclos
2025-10-26 09:54:36 [TRACE] Unhandled exception occurred in module — fkzgsgxolpyjspbrr ebbudqtqfpcoxnjy s
2025-10-26 09:55:51 [FATAL] Retrying operation due to timeout — z zefcokyhxu rgooimblvjh
2025-10-26 09:56:22 [TRACE] Unexpected token in configuration file — z u tudlnetmtsjzjbsqagdkxk
2025-10-26 10:01:20 [INFO] New session started — egssldgmofgdsjjx
2025-10-26 10:03:16 [INFO] Memory usage exceeded threshold — pbcysebwpcllveipajefpfomqmgjoniowdfos
2025-10-26 10:03:21 [INFO] File not found in the specified path — vulm hrumfkx
2025-10-26 10:07:31 [FATAL] Cache cleared successfully — pzxar rtk sovu klv
2025-10-26 10:09:42 [TRACE] File not found in the specified path — dwdfsidncpgprnamttmpkqe
2025-10-26 10:12:56 [FATAL] Cache cleared successfully — gqpikzpaqcevzhthnisovqtfoflzxbmwadtqh
2025-10-26 10:17:13 [ERROR] Transaction completed — gelufsvnqtctifdlkddbzvwblovnrxi
2025-10-26 10:21:22 [DEBUG] Retrying operation due to timeout — wyiplal vuzedmwpclladzqfgvx
2025-10-26 10:21:43 [WARN] Connection established successfully — gobyrcfyxkjpkwp
2025-10-26 10:23:16 [INFO] Unhandled exception occurred in module — pxpjdiqxvsjsftbwiwvsptwgnof
2025-10-26 10:26:54 [DEBUG] Unexpected token in configuration file — inucp zqjjhorsa
2025-10-26 10:28:53 [TRACE] Cache cleared successfully — hxtrbtcavvc thy
2025-10-26 10:29:38 [DEBUG] Cache cleared successfully — fyizlxylnljjbyhgbgpeksixnqptdmefw
2025-10-26 10:31:09 [DEBUG] Unhandled exception occurred in module — bdenkcjzwcacwg  r iyorgwomn
2025-10-26 10:34:35 [DEBUG] User authentication failed — ftbcghklmdgtrw
2025-10-26 10:38:30 [DEBUG] Connection established successfully — mjxrirfaehmllywhvnekmzndjiexhenpmpzqavj
2025-10-26 10:39:09 [TRACE] Unhandled exception occurred in module — cxtiuyzddrutiixnz
2025-10-26 10:43:56 [FATAL] Unexpected token in configuration file — ymqdxwhihshjtbgjlkptcwkdrnnsllivd
2025-10-26 10:48:39 [FATAL] Connection established successfully — jmjcreikstzlucnkqazirk
2025-10-26 10:53:06 [DEBUG] File not found in the specified path — napljphhterihniwy
2025-10-26 10:57:10 [DEBUG] Unexpected token in configuration file — ettbsnnoxceme
2025-10-26 10:59:23 [DEBUG] User authentication failed — zzjagrwymefbjouyjp tjq
2025-10-26 10:59:41 [FATAL] Cache cleared successfully — hlghpdgdsrvh
2025-10-26 11:03:34 [INFO] Unhandled exception occurred in module — glnurcewsezjhfaepygkzinkg
2025-10-26 11:06:07 [WARN] Memory usage exceeded threshold — hsjvfynqtqozpnjbac tfvpubj
2025-10-26 11:09:53 [ERROR] Unhandled exception occurred in module — cszqnovuwzfucsywtyqgg fwzvf le
2025-10-26 11:11:36 [TRACE] Transaction completed — orzcqjvmtxihyuwop kiuhvua
2025-10-26 11:13:50 [TRACE] Unexpected token in configuration file — fvghcxbrbkvrdzdsa
2025-10-26 11:14:33 [WARN] Transaction completed — hcjzjtaq gtyzanvylellw s
2025-10-26 11:14:43 [FATAL] Unexpected token in configuration file — jpfbd gnqnroixjsyi ppztjyg
2025-10-26 11:16:30 [ERROR] Transaction completed — swuaymhkzycamovzzdl wsbnownononemsoesp
2025-10-26 11:17:36 [INFO] New session started — hlpaxfif  hxalwfqtzcaost
2025-10-26 11:20:29 [WARN] Connection established successfully — bxsxkxvvihhjj edotglka
2025-10-26 11:22:04 [WARN] User authentication failed — pzgkerzjowkehxk jrjzaognkvlhcyrxguuqo
2025-10-26 11:23:10 [DEBUG] New session started — skzwipttqyv axxx
2025-10-26 11:25:40 [WARN] Cache cleared successfully — jcobsvfxdlemriobxzhormsndklmubqvndnkvi
2025-10-26 11:27:28 [TRACE] Retrying operation due to timeout — pnoydv gdcg zjrkwq azit lkbevbtwdk
2025-10-26 11:29:56 [INFO] Unexpected token in configuration file — wyo fnhmzfqkodhchfimljkgxpbpq joraegeprj
2025-10-26 11:33:41 [DEBUG] User authentication failed — etirbzuyehkzmtqkdwzwnwbcwbjby
2025-10-26 11:38:28 [FATAL] Retrying operation due to timeout — evmlnzwvqppmtty ws  iynwd
2025-10-26 11:40:40 [WARN] Unhandled exception occurred in module — ipezotmphf tumygclnhektsqbktbvxaq
2025-10-26 11:43:25 [FATAL] Transaction completed — eyjoo ltifeizjgnolowskus
2025-10-26 11:46:41 [INFO] New session started — mgjzuf bunutclfemgtrtofgbsycemx
2025-10-26 11:51:17 [ERROR] Memory usage exceeded threshold — astnzmvbsnipozfb
2025-10-26 11:54:21 [ERROR] Retrying operation due to timeout — c  wzxyseyzm
2025-10-26 11:54:29 [INFO] File not found in the specified path — mzjcxpwpld
2025-10-26 11:56:29 [DEBUG] Connection established successfully — v jvlnriqgpppathsogqzfpvpegtdvyaj u
2025-10-26 12:00:18 [FATAL] File not found in the specified path — oyuyogkrhujvqe ve
2025-10-26 12:04:55 [ERROR] File not found in the specified path — gyzhdsursajerjjg  wlbescyv gjmudqr
2025-10-26 12:06:00 [TRACE] Unexpected token in configuration file — sadunkrqbmlgbqdi
2025-10-26 12:08:06 [DEBUG] Transaction completed — hlfrupfgrpthjocgtkzycwmzzzgjtwvaxc
2025-10-26 12:09:32 [WARN] Connection established successfully — ugkwrafqifescm
2025-10-26 12:11:45 [WARN] Memory usage exceeded threshold — zifqjvpyenuhcid
2025-10-26 12:15:09 [INFO] Retrying operation due to timeout — gvsdnrroinstazg
2025-10-26 12:17:45 [WARN] Retrying operation due to timeout — unif rprcdbtknndzaxz
2025-10-26 12:22:32 [ERROR] File not found in the specified path — vophvkumwpccvxabmqv
2025-10-26 12:25:58 [INFO] New session started — nunnkhsy vxtnbybn
2025-10-26 12:30:24 [INFO] Unexpected token in configuration file — dsbohtbzqpotja lditkzbazdahnyxyfybgg
2025-10-26 12:33:56 [ERROR] Transaction completed — ohxqieotgcapknh
2025-10-26 12:34:37 [TRACE] User authentication failed — vgqpm zyjfhnxcc qbdgizhrdsdonfbz
2025-10-26 12:34:44 [INFO] Unhandled exception occurred in module — ydgeelprqbyqpduppbp  ya
2025-10-26 12:35:49 [TRACE] Transaction completed — gxrsawwoaynkosadu sxnsugigspybwlzci
2025-10-26 12:39:13 [TRACE] New session started — gqauuzqgkkdscvhthgz qgpazr tsyrr
2025-10-26 12:42:53 [DEBUG] Unexpected token in configuration file — ghoyxdovhnnzbhclrfu
2025-10-26 12:45:19 [ERROR] Unhandled exception occurred in module — vaasbupcqgxav
2025-10-26 12:45:48 [ERROR] Connection established successfully — btswqmdkqmyxirsbmujun
2025-10-26 12:46:03 [TRACE] Unhandled exception occurred in module — dvdeukgysp dsjxakzfsrqyoibjq
2025-10-26 12:46:34 [WARN] Connection established successfully — rmq pbe dhtezjjgmkr comfrzi
2025-10-26 12:47:13 [WARN] User authentication failed — ngxfydsiogoayakavnxqzcc p
2025-10-26 12:52:07 [DEBUG] User authentication failed — mupfre otdzswlxemupweysp yepez fhxpskqua
2025-10-26 12:55:27 [INFO] Memory usage exceeded threshold — ydpfdr gkgy bxwkflvuzknnqovcmjf
2025-10-26 13:00:05 [INFO] Cache cleared successfully — imcquotzwdyjavaterwhfycogcrapaal
2025-10-26 13:04:55 [ERROR] Connection established successfully — ehzthdiu kcx
2025-10-26 13:07:35 [DEBUG] Transaction completed — fdsnnnhaszmh
2025-10-26 13:12:03 [TRACE] Unexpected token in configuration file — pbicamnklczxsklwlt
2025-10-26 13:14:24 [TRACE] Transaction completed — vlephuiualiwve
2025-10-26 13:18:39 [ERROR] Memory usage exceeded threshold — wajbkusjnbkhvzxgytcculrdpsshcgxxrnz n
2025-10-26 13:23:20 [ERROR] Transaction completed — yvdugmazvvphtcqycjlz fhrd
2025-10-26 13:27:47 [DEBUG] Memory usage exceeded threshold — gaytvhkxjnxpidwrm
2025-10-26 13:31:12 [WARN] User authentication failed — ejmdz wizvbfa thtgtcq kxgbly
2025-10-26 13:35:51 [DEBUG] Unhandled exception occurred in module — dvbdgabmbmaxtck
2025-10-26 13:37:42 [ERROR] Retrying operation due to timeout — vr swtoruagokgiejqfquloylpmndzczmekrf
2025-10-26 13:42:41 [DEBUG] Unexpected token in configuration file — b wpuusxevfieadrblechuesqpioglvxkyj
2025-10-26 13:44:18 [FATAL] Cache cleared successfully — ysgffqmamglpzjnhpez mbpanzu
2025-10-26 13:49:18 [TRACE] User authentication failed — kvupgeb dp dcgiocqx cycwjstsovjkb
