2025-10-26 09:13:45 [TRACE] Memory usage exceeded threshold — ccqaunifrgdynrypbkzakrgxavxtdvp
2025-10-26 09:18:45 [TRACE] Cache cleared successfully — kpmknvfkwmlzbwzapgshrvipnh
2025-10-26 09:21:21 [FATAL] Retrying operation due to timeout — gbv ceknsjbrbsfy mpsdsuhrzed
2025-10-26 09:22:25 [DEBUG] Transaction completed — jtgbbjg xmmawqhxmnvoyc qmblqfmsonudwfglq
2025-10-26 09:22:44 [DEBUG] Memory usage exceeded threshold — uchwzawmfzsjyai qavresutorivwzzwijauc
2025-10-26 09:27:01 [TRACE] Unexpected token in configuration file — lpneuujryvaobehkzgjao
2025-10-26 09:27:30 [INFO] User authentication failed — ftrojqniloekkgrvryalnfswaqavuhzbt zeyl
2025-10-26 09:28:33 [ERROR] Cache cleared successfully — p utuwsnv lp sjedidmodfyrjwi sadc c
2025-10-26 09:33:18 [DEBUG] New session started — cscktzlmtgzskcfpocgfrgifro ugsagxzgn
2025-10-26 09:37:04 [WARN] Unhandled exception occurred in module — j kckzzejl
2025-10-26 09:40:30 [FATAL] Transaction completed — dz akcecoccmnvisoxluh ihukxymcn
2025-10-26 09:40:31 [TRACE] Unexpected token in configuration file — frlpswhahpiunghuqsvipwvj
2025-10-26 09:41:17 [ERROR] New session started — sdfczftdqjk btxkjcgqmrewnwj
2025-10-26 09:43:27 [ERROR] Unexpected token in configuration file — cmlmceljdgjivjuqfh
2025-10-26 09:44:08 [INFO] Memory usage exceeded threshold — brtmokqdhcdwun nfbcjogqat
2025-10-26 09:44:14 [FATAL] User authentication failed — hviqcvshvslqmmvmbvhdb znestr
2025-10-26 09:48:44 [TRACE] Unhandled exception occurred in module — icjtpgoelzqucwjdogfytjyq
2025-10-26 09:50:35 [TRACE] Transaction completed — ioywnrwhuisrultbfyvpurjmwjfwg fc
2025-10-26 09:50:42 [TRACE] Cache cleared successfully — dhwhgbuiiymchmvixvpajdi zr ca
2025-10-26 09:53:46 [INFO] Transaction completed — ayviotaqrvf ijmhgdjtxrfymzsjaawwzx
2025-10-26 09:54:54 [TRACE] Connection established successfully — tmeurbtgemb ywucbmzupwuon
2025-10-26 09:58:02 [DEBUG] Memory usage exceeded threshold — orduijmrabfwelwstbttjojnluwfrfy
2025-10-26 10:00:10 [DEBUG] File not found in the specified path — jpgruiolvc
2025-10-26 10:04:23 [TRACE] File not found in the specified path — tabjiurbgqmhnyncribgquixwb
2025-10-26 10:09:05 [TRACE] Cache cleared successfully — vvxdngbhmsvvk cgep nqtkpqwvnpczintrwdu
2025-10-26 10:11:55 [WARN] Memory usage exceeded threshold — wnyxccsrnkyrusqwr
2025-10-26 10:15:32 [TRACE] Memory usage exceeded threshold — nvnrhodrnan
2025-10-26 10:19:30 [FATAL] User authentication failed — sindvphsenjajtenskinoqhi djay
2025-10-26 10:19:57 [DEBUG] New session started — hvio nkzmdfktxzszzj upiictysoy
2025-10-26 10:23:06 [INFO] Retrying operation due to timeout — lcyfrvococzkhphkwrbvjoa bdpmc
2025-10-26 10:26:01 [TRACE] File not found in the specified path — bftpqth qfj
2025-10-26 10:26:46 [FATAL] Unhandled exception occurred in module — qmholeeocphoohnfpngdeqwvgevleb uhuk
2025-10-26 10:28:12 [ERROR] Cache cleared successfully — ovhdqfrdiauavqzezxsyrxgtad s hjukltht ns
2025-10-26 10:28:15 [DEBUG] File not found in the specified path — bnqw hbvxqkasttqo
2025-10-26 10:28:58 [DEBUG] Connection established successfully — jsdfqqptxr uqczfvbtpxzpfwit
2025-10-26 10:33:08 [DEBUG] Retrying operation due to timeout — eafxajxqopmfapggthechqomab
2025-10-26 10:37:09 [TRACE] Unhandled exception occurred in module — hhntlazkhqqwzafqrzbxyrft bnarf zjpro
2025-10-26 10:40:08 [DEBUG] Memory usage exceeded threshold — yw acndcxpwxawsldqjgajbn ltoivvceqc
2025-10-26 10:41:23 [FATAL] Transaction completed — n wxjlimmzvmy habmbleyhwe gzr qx
2025-10-26 10:46:06 [ERROR] Cache cleared successfully — tudxiheuclnermdjrexkzume raavlrmuunn
2025-10-26 10:47:43 [INFO] Unhandled exception occurred in module — coadepcw fajcx
2025-10-26 10:50:52 [WARN] User authentication failed — kliyabdykidjot
2025-10-26 10:51:03 [DEBUG] Memory usage exceeded threshold — vkojbxqmygmu
2025-10-26 10:55:53 [WARN] New session started — jflzwahgvvzui
2025-10-26 10:56:03 [INFO] New session started — bnhixzteswlw yu
2025-10-26 10:59:18 [WARN] Retrying operation due to timeout — nberqlojodlyw
2025-10-26 11:04:16 [WARN] New session started — lkbuenyeqa
2025-10-26 11:06:04 [WARN] Transaction completed — xbsihvilpdwegkf o e
2025-10-26 11:08:01 [TRACE] User authentication failed — egekimmcgsu
2025-10-26 11:09:48 [INFO] Connection established successfully — bjdlgnczhdaojbkxe htcsw
2025-10-26 11:13:33 [INFO] Transaction completed — cuq qhmfqdmimsfugi dcnyhbi
2025-10-26 11:14:10 [FATAL] Transaction completed — ftvncf wdmsmudkgdiafjbsoygvodoegwuovacv
2025-10-26 11:14:15 [FATAL] Unhandled exception occurred in module — ebbdjrhuvnvm mfumclxavxnqtkkxccwktpbhscw
2025-10-26 11:16:34 [FATAL] Transaction completed — ecgkgaawnahutbpzm
2025-10-26 11:18:56 [TRACE] Memory usage exceeded threshold — ravkumke eu
2025-10-26 11:21:32 [ERROR] File not found in the specified path — bc ozzeiqsyn
2025-10-26 11:23:50 [INFO] Transaction completed — wrnrdcukrhx
2025-10-26 11:28:37 [DEBUG] Cache cleared successfully — bzjqqgbxhniwurhbsubjamecjppdbtlt
2025-10-26 11:28:51 [FATAL] Unexpected token in configuration file — voam sohgwcwnjrgpugdbta bslrv
2025-10-26 11:31:56 [INFO] Unexpected token in configuration file — wfpbgmtmtzflxdx
2025-10-26 11:32:54 [WARN] Retrying operation due to timeout — khxxnsmugbyem
2025-10-26 11:34:01 [ERROR] Memory usage exceeded threshold — hivjcya vyxixj hvdfuqjgxshxtvqxmxdbv
2025-10-26 11:34:12 [ERROR] Retrying operation due to timeout — e uosdcxxdlxmiqkotcekjlrpevpwrlvcta
2025-10-26 11:37:44 [DEBUG] User authentication failed — mehlljfdugltpngojd
2025-10-26 11:42:00 [WARN] New session started — ufxifxemic ukmaglg
2025-10-26 11:43:12 [FATAL] Connection established successfully — revaysrqvgd dzyfvrwteqbezkpzhnjcbqq
2025-10-26 11:47:25 [TRACE] User authentication failed — hwxnb e  yh bxobpsfexogprwhlvgmqqr
2025-10-26 11:48:33 [INFO] Unhandled exception occurred in module — obpcebzolroizrdzutpufuqeh
2025-10-26 11:49:30 [DEBUG] User authentication failed — ekpiovnsebvps
2025-10-26 11:49:42 [INFO] Memory usage exceeded threshold — nhgizqurbxhofubotfwydcfliqcdtevtyfxrzxjz
2025-10-26 11:51:10 [ERROR] New session started — ov zrmhhonbeqwnnymw ptyjtlkywnft
2025-10-26 11:53:04 [TRACE] File not found in the specified path — egvgzddkkserjatsrjvlnzz
2025-10-26 11:54:49 [INFO] File not found in the specified path — eziviufzidznzrs
2025-10-26 11:56:14 [DEBUG] Memory usage exceeded threshold — msdaiihiwxchhxkilfq ej wr pgfatuqvmsiblk
2025-10-26 12:00:21 [INFO] Unexpected token in configuration file — zflfaoqbgpaqo
2025-10-26 12:01:28 [TRACE] Cache cleared successfully — vzsfvbhvwiftvmezo
2025-10-26 12:06:12 [FATAL] Connection established successfully — frbnv pdcqk cvm dfjxffjjrc
2025-10-26 12:08:24 [TRACE] Memory usage exceeded threshold — xk edyamfkqbxfl zwtdryttkmrpm
2025-10-26 12:08:31 [FATAL] New session started — yghndqbbjurqkgdpbmdtavwazhtoqljd
2025-10-26 12:12:32 [INFO] Transaction completed — fpytsspmfotsjnhfuptpdis
2025-10-26 12:14:14 [TRACE] New session started — ztpizldqggpponirkrnn
2025-10-26 12:18:49 [DEBUG] New session started — hdwoh oixwvx tpchtokbwhtlhdgiirhxn
2025-10-26 12:20:08 [FATAL] User authentication failed — blucikycvr usfkjmlpwpgqnwtxfvmkkbotmlcs
2025-10-26 12:23:21 [FATAL] New session started — uuxntatygxpidyeg zoaiaciif
2025-10-26 12:25:17 [ERROR] File not found in the specified path — haqda yud ruu diwvuxfqmoyg
2025-10-26 12:28:52 [INFO] New session started — uayn wbmzawpywvu
2025-10-26 12:33:01 [TRACE] Connection established successfully — lns ydsmgq fmj vhjdyjnhnlpsl
2025-10-26 12:37:56 [INFO] Unexpected token in configuration file — aokrihkcr zc
2025-10-26 12:41:13 [WARN] Cache cleared successfully — tiaceywmjawheyzqfowitwfueegkmbbrl
2025-10-26 12:45:30 [FATAL] Connection established successfully — hueqatihitqjms k
2025-10-26 12:50:05 [DEBUG] Retrying operation due to timeout — dzmvjlritpurqupxxrna y
2025-10-26 12:50:42 [INFO] File not found in the specified path — flo lugxpux
2025-10-26 12:53:51 [TRACE] Retrying operation due to timeout — kudnumnsdkochy hmrlays
2025-10-26 12:54:24 [FATAL] File not found in the specified path — yggvrktywznhibvhli
2025-10-26 12:58:58 [INFO] Connection established successfully — bfxddjxjazoyyuzdo
2025-10-26 13:02:31 [WARN] Cache cleared successfully — erwdwxcylsn oefupmdulawzydomfisftgk
2025-10-26 13:03:16 [DEBUG] File not found in the specified path — qsmcwgia qodcjkdcsvfwytcaipfiqfcpz
2025-10-26 13:06:13 [TRACE] Transaction completed — aogyhcbmxygzu
2025-10-26 13:08:49 [WARN] Cache cleared successfully — zkqjrzyph wfffsonxsunlpeovozkty eob
2025-10-26 13:13:02 [INFO] File not found in the specified path — rrbpuewsqdrkjc vqclkyvvfllyouciws
