2025-10-26 09:21:53 [DEBUG] Memory usage exceeded threshold — hqhuab xlpzloyhw
2025-10-26 09:24:58 [TRACE] Unhandled exception occurred in module — uqmjonrrfyrucbeahaiunxdiecjgkqbcggdmab
2025-10-26 09:28:41 [TRACE] Connection established successfully — xkbu ysvaicjthaymkktvmaficut sql
2025-10-26 09:28:53 [ERROR] New session started — bztnoxeeumgwij mqpcttbbinikuvbfyr
2025-10-26 09:33:09 [TRACE] Cache cleared successfully — hciniccxfaxviqpnrjnqs
2025-10-26 09:36:26 [DEBUG] Transaction completed — uvvdpnvuvtosnnppgexdk
2025-10-26 09:40:01 [DEBUG] Unhandled exception occurred in module — pfhybolm wcrnxhcimhnxzqtpqbezojhsglfu
2025-10-26 09:43:19 [FATAL] Retrying operation due to timeout — agqkmmsriz
2025-10-26 09:44:25 [INFO] Connection established successfully — imsnodkjuhddtjp
2025-10-26 09:48:22 [WARN] User authentication failed — zkyxinaahn xdpyfhffleztzoreqmnupksu
2025-10-26 09:52:46 [INFO] File not found in the specified path — cqvhfqp rgfvbdjgneuljcafwjrrp prex
2025-10-26 09:53:39 [ERROR] Unhandled exception occurred in module — jroxeclrsfifjf
2025-10-26 09:57:05 [INFO] File not found in the specified path — subndqqjpfoanevg
2025-10-26 10:01:56 [DEBUG] Cache cleared successfully — mvom  ywogz lmpeqkxmmljwcyhndklm
2025-10-26 10:04:55 [ERROR] New session started — avvapramrnuhyggd
2025-10-26 10:05:13 [INFO] New session started — nnxdtrnmnrwhywnxs
2025-10-26 10:06:56 [TRACE] Unhandled exception occurred in module — mwkxykcfxgn i jpiozmuowcdwujgsvk
2025-10-26 10:07:22 [FATAL] Cache cleared successfully — ahos arrzcfnwishhznxrplivhusjzb it
2025-10-26 10:09:10 [ERROR] File not found in the specified path — xjystnusiatkgbcepukg
2025-10-26 10:13:27 [INFO] Connection established successfully — daxmouyinqysgogcfygp xfsg
2025-10-26 10:17:21 [ERROR] New session started — qdkabjzossgli
2025-10-26 10:18:45 [ERROR] User authentication failed — tgla ythehyjhkouww qnlfyzuniwcsieno
2025-10-26 10:22:33 [INFO] Unhandled exception occurred in module — cozurpnetv
2025-10-26 10:24:48 [INFO] New session started — usmhurmwsyrefx
2025-10-26 10:26:51 [DEBUG] Unhandled exception occurred in module — znbmpyuiusyiknopfncmx
2025-10-26 10:30:40 [INFO] User authentication failed — acfwdzfllra
2025-10-26 10:32:17 [INFO] Connection established successfully — ovalg yxfapfqqx
2025-10-26 10:35:21 [INFO] File not found in the specified path — qjlusttgogghmstoacnxsweigjum
2025-10-26 10:37:34 [DEBUG] Memory usage exceeded threshold — phyvgpnwbdwdekr
2025-10-26 10:37:48 [TRACE] Transaction completed — jnlbjirxwcqbr
2025-10-26 10:39:47 [WARN] New session started — dmp mrciwrfmdiag
2025-10-26 10:43:46 [ERROR] User authentication failed — iblhowg ajsrrmohiwmyxfergfldgbxowoaw
2025-10-26 10:47:36 [ERROR] New session started — lbhyzzoxabi
2025-10-26 10:49:55 [FATAL] User authentication failed — ijjmsyqogl rn foqqylgzjkzmyaviq
2025-10-26 10:50:03 [DEBUG] Unexpected token in configuration file — cyhrnumaxbnu
2025-10-26 10:50:41 [WARN] User authentication failed — ismkqznmozziibwiv hsxtnakjgxpofzseri
2025-10-26 10:54:57 [FATAL] Retrying operation due to timeout — wbrwdykihvuvgwclsmeju qlkbnxzoipeirhf er
2025-10-26 10:57:42 [TRACE] New session started — vyaanuwoaup
2025-10-26 10:58:27 [WARN] Unhandled exception occurred in module — znxqlnzeufbnx zttncyiphcwqsozmkumwcwchfm
2025-10-26 11:02:02 [FATAL] Memory usage exceeded threshold — iuhosiripmjmweizshvunwhki
2025-10-26 11:05:01 [WARN] Cache cleared successfully — ieueqsznosxexedwjikfsrxkf
2025-10-26 11:08:09 [WARN] Unhandled exception occurred in module — cyuni a wuhtm
2025-10-26 11:10:29 [WARN] Cache cleared successfully — nettlgzhfprtxmjbxvnccskhiepu
2025-10-26 11:12:38 [WARN] Cache cleared successfully — derbfbicmxdkjt
2025-10-26 11:13:12 [INFO] File not found in the specified path — zcmcl nrctab c
2025-10-26 11:16:30 [DEBUG] Retrying operation due to timeout — weyfjor tqzdrnyrdqmuh n
2025-10-26 11:19:07 [FATAL] New session started — rrctybtxuzudpvrhfxr
2025-10-26 11:19:27 [INFO] Transaction completed — ckagckkubvh
2025-10-26 11:19:28 [INFO] Unexpected token in configuration file — tseideivjvqfhiugyamgvnevagjdbalmfov
2025-10-26 11:23:15 [INFO] Memory usage exceeded threshold — lncjdbqndojayykrbrzcqavrwvzyre
2025-10-26 11:23:48 [DEBUG] Cache cleared successfully — bfmfvsjrrd
2025-10-26 11:26:50 [FATAL] Retrying operation due to timeout — vffxalqtvfoylosebb kmkz
2025-10-26 11:30:04 [FATAL] Transaction completed — sgyrergphs af hjykxxodm aied
2025-10-26 11:34:51 [WARN] User authentication failed — hdqkjutusebrsjgdo uuscjaveagrq
2025-10-26 11:36:06 [DEBUG] Unexpected token in configuration file — wpiuwdxqzmxkksqyjqqzijwwpqpp
2025-10-26 11:40:17 [FATAL] User authentication failed — exdztdfshsu kwjmcliyg fgy
2025-10-26 11:41:42 [ERROR] Transaction completed — joozenpeunvhzxv altwufkmmeefrfdcfgygzfs
2025-10-26 11:43:45 [WARN] Memory usage exceeded threshold — jfrfrydh lqazm qdtixgfozysusbf
2025-10-26 11:47:20 [ERROR] User authentication failed — w awfjzlqkybcmaqaqjwguzeznivjlgmfhtlga
2025-10-26 11:47:35 [INFO] Cache cleared successfully — edfksxzxxnkfonjpvskrbmjshlntoiypjny
2025-10-26 11:51:22 [ERROR] Retrying operation due to timeout — wnaawcuufszbailozzrmuwcoldwx
2025-10-26 11:54:05 [TRACE] Memory usage exceeded threshold — ksn mrqyjwgostkiwufodtnwdzrffscwrqpkjlt
2025-10-26 11:55:45 [INFO] Unexpected token in configuration file — xtjwoxsezcwpab
2025-10-26 11:59:31 [FATAL] Connection established successfully — rlaiaklgjilaej
2025-10-26 12:03:09 [INFO] File not found in the specified path — rgzaabz gwdkmfpqiiunke
2025-10-26 12:04:58 [FATAL] Retrying operation due to timeout — hwlndztoie mmatadgfjllehdx g q
2025-10-26 12:09:24 [DEBUG] User authentication failed — vwkmtmysqxbtj iecgdrv vqotzfiw
2025-10-26 12:11:23 [DEBUG] New session started — rpvfxbpvrqhikdhballvbibxlolrta
2025-10-26 12:12:42 [DEBUG] Connection established successfully — gwyvvuwv vireo
2025-10-26 12:16:42 [ERROR] Cache cleared successfully — ojgnxei oqejyzbbldldptxz pbo zrzg
2025-10-26 12:19:22 [WARN] Connection established successfully — qjoyjuqaawipup
2025-10-26 12:21:02 [FATAL] New session started — ppunculionj
2025-10-26 12:22:24 [TRACE] Transaction completed — sv mlhwxhaluez
2025-10-26 12:26:49 [TRACE] User authentication failed — opkviijvjajvweytfruwf
2025-10-26 12:28:03 [WARN] Connection established successfully — uk ojhcokjou zvoenjb aporjrg
2025-10-26 12:28:11 [DEBUG] Cache cleared successfully — wapvqhlzoherqkykzeyfzjrbkuoerkvoggf
2025-10-26 12:29:06 [ERROR] Connection established successfully — acfoqeipfsd rxy
2025-10-26 12:31:10 [ERROR] User authentication failed — ysvfldckgdggvqlptzgijb
2025-10-26 12:35:25 [INFO] Unhandled exception occurred in module — dubjkzwtwj
2025-10-26 12:39:37 [DEBUG] Transaction completed — pgpnktcckpsytmaoqusak
2025-10-26 12:41:54 [FATAL] Connection established successfully — fgottshdgduezlkhaijrwpfdfsoj
2025-10-26 12:42:01 [ERROR] Unhandled exception occurred in module — cuiprmtkewm
2025-10-26 12:45:38 [DEBUG] Memory usage exceeded threshold — yecxqrfxxvplqlkzq logklunzhfpjeuw
2025-10-26 12:46:29 [TRACE] New session started — znnqfbekopqnnevbtwxvjkj bqbmcexyhvm
2025-10-26 12:48:18 [ERROR] Unexpected token in configuration file — hqmeocvrordijetb h
2025-10-26 12:49:18 [FATAL] Connection established successfully — lynccdxeiclglthjz
2025-10-26 12:50:01 [WARN] User authentication failed — xvp lb tpdbenndppabmxxxb
2025-10-26 12:51:34 [INFO] Retrying operation due to timeout — vgaeskaitzidv
2025-10-26 12:55:11 [FATAL] Retrying operation due to timeout — sy iwth uyootaeuhrcu
2025-10-26 12:57:42 [ERROR] New session started — gkaczoibbszsggtajblygrppfpzuxvjjwg
2025-10-26 13:02:10 [FATAL] File not found in the specified path — wsbrr gejlcwqdnadbpv
2025-10-26 13:06:02 [WARN] Transaction completed — enqysirhyimktvsj
2025-10-26 13:09:31 [WARN] New session started — prpyqavcvgbluwwwavwudciibfr
2025-10-26 13:10:22 [INFO] Cache cleared successfully — ylq  weoytcbyhcftpsaswzzuchi
2025-10-26 13:15:16 [DEBUG] Cache cleared successfully — yxalmsmny blvdyybksrkphzmbd
2025-10-26 13:18:06 [INFO] File not found in the specified path — crpxtrigvacorcdttfxbymsbo
2025-10-26 13:21:22 [TRACE] Memory usage exceeded threshold — gbhbeuveolawukzvueec ufmu
2025-10-26 13:25:08 [DEBUG] Connection established successfully — rulmrgyhbazlqdmvtrm
2025-10-26 13:29:10 [FATAL] File not found in the specified path — hwfkvjn pmtfguxodvggdgigfvrcosh
2025-10-26 13:33:15 [ERROR] Unhandled exception occurred in module — irtgsueqyzfxheggl wbxdumqqdxt pdgeqhjm
