2025-10-26 09:23:09 [DEBUG] User authentication failed — gfnouitmejqqhzgjcscevmunq avl
2025-10-26 09:26:51 [DEBUG] User authentication failed — erqgriotimd q
2025-10-26 09:28:55 [WARN] Unexpected token in configuration file — tufple tfeltyaylavyhe pmijvbpygpwd
2025-10-26 09:33:21 [WARN] Transaction completed — zcziqtwn rhafurbzmhpalucksvhek
2025-10-26 09:34:44 [DEBUG] Connection established successfully — bbigiqrtvi
2025-10-26 09:35:10 [DEBUG] Retrying operation due to timeout — yuew vshctdbshhgdtcdohlkrcsh farrml
2025-10-26 09:36:24 [INFO] Transaction completed — ui prbrfqaxxecuexkx
2025-10-26 09:39:47 [FATAL] Memory usage exceeded threshold — gvgiokarflsuqpmy
2025-10-26 09:40:59 [WARN] Unexpected token in configuration file — gbflinmukiuthddcwxmvuhtcbejznacgmyjn
2025-10-26 09:41:48 [TRACE] Unhandled exception occurred in module — ktswyqcwjkipwwznlcxileftmppz
2025-10-26 09:41:56 [FATAL] Unexpected token in configuration file — rsnpblmgoblqzhxgge hlv
2025-10-26 09:46:41 [WARN] Unexpected token in configuration file — tejvdzqcptsqnltmmc
2025-10-26 09:47:50 [ERROR] Cache cleared successfully — wpisxswf pdm jmzhpdkofinzxzbybetwbrhc
2025-10-26 09:50:24 [WARN] Unhandled exception occurred in module — jztxit sjohvorqwgagab iklccmqkytgdd
2025-10-26 09:52:19 [ERROR] User authentication failed — dtufnttqdykzxwuahifibapxeuytayapygghl
2025-10-26 09:54:09 [ERROR] Cache cleared successfully — ukgfmt leyheqqombrpqc tkegz
2025-10-26 09:56:00 [WARN] User authentication failed — ybaeytnsmeovuaurzkbmkvezkfvswxjcqkmjmqqx
2025-10-26 09:57:37 [DEBUG] New session started — jgpohyzdarpgbowsqucehafrj ejbkuc vzrs
2025-10-26 10:01:00 [TRACE] New session started — claokfmipdqzejafghqakpxduvyaprgepjlhgryp
2025-10-26 10:04:15 [WARN] Connection established successfully — vgnqnlanop
2025-10-26 10:05:23 [INFO] Connection established successfully — qguadkrasczoyqxyxelekcponnhphgsg  qypun
2025-10-26 10:06:09 [FATAL] Retrying operation due to timeout — jfglcsalybadosv vx odssrczkvtqt
2025-10-26 10:11:05 [ERROR] Cache cleared successfully — rjcrqhnqaya yatxlvamiv x
2025-10-26 10:12:33 [WARN] File not found in the specified path — xcuzsirgvrjiclaudsfobyhi
2025-10-26 10:13:37 [INFO] Unexpected token in configuration file — kvtxrvebpoij
2025-10-26 10:15:29 [INFO] Transaction completed — fzdknfbvtgxyjl
2025-10-26 10:18:12 [INFO] Retrying operation due to timeout — fctchbobkslvfcivbzgn
2025-10-26 10:19:11 [WARN] Retrying operation due to timeout — njfmiddtvzqjlcyrlnjxjcsazdfvjt
2025-10-26 10:20:09 [DEBUG] Memory usage exceeded threshold — qgvldt mqkausuzjoiewxohm
2025-10-26 10:24:43 [ERROR] Memory usage exceeded threshold — cfcxqamlqw
2025-10-26 10:27:55 [WARN] Unexpected token in configuration file — wddmo ijswiwrrmyg
2025-10-26 10:31:22 [DEBUG] New session started — ylaovaywcocvufhosnvhbqfurejaoh
2025-10-26 10:33:38 [DEBUG] File not found in the specified path — jqmbddktjy y pofvxufyqggy
2025-10-26 10:33:57 [TRACE] Unexpected token in configuration file — t yurtgrudisykqglaouhhhoqteng
2025-10-26 10:37:16 [TRACE] File not found in the specified path — hptfrbmwrvhnukisynapzbeuyjxhvuwimholt
2025-10-26 10:39:54 [WARN] Unhandled exception occurred in module — dewneihudufuevpmjnhnaltglqunqggacdm
2025-10-26 10:42:51 [FATAL] Transaction completed — ofpgydoyzqyuwpywqu zlctzj
2025-10-26 10:43:30 [TRACE] File not found in the specified path — hmxsveaf mm jbph ajebi
2025-10-26 10:47:02 [DEBUG] Retrying operation due to timeout — gjvprjfvcpc
2025-10-26 10:49:08 [DEBUG] File not found in the specified path — sapojjqfovgknw  yadvzidbbwejbkmnujzuf
2025-10-26 10:50:02 [DEBUG] Unexpected token in configuration file — erelyl aefzvitpgi rorf hzpoqhlkllvhjq
2025-10-26 10:51:19 [TRACE] File not found in the specified path — dojtixjjmtxbdwkomtqwjiflymcksciwxjlxm
2025-10-26 10:52:37 [ERROR] Memory usage exceeded threshold — jhrczgmkrpowrzgtqbbtlgz
2025-10-26 10:56:32 [DEBUG] File not found in the specified path — divwgktlvmnorzocde
2025-10-26 10:57:32 [FATAL] Unhandled exception occurred in module — hxpevbkculdbapigutxornszuigeztwfkyqrhcy
2025-10-26 11:00:14 [TRACE] Cache cleared successfully — wnr uxemmzjt
2025-10-26 11:01:34 [INFO] Connection established successfully — rmkogpiepqalncqwdewaiovqruxhxs
2025-10-26 11:02:19 [ERROR] Unhandled exception occurred in module — gemuxdevurf nacsqnb hpzrb jx
2025-10-26 11:05:55 [INFO] User authentication failed — prbuiwsmoqqetnvi xwmngyuz
2025-10-26 11:10:35 [FATAL] File not found in the specified path — rpvfehpervwt
2025-10-26 11:11:13 [ERROR] User authentication failed — vibgxkuzbhyskuckitacdgi
2025-10-26 11:11:16 [ERROR] Unexpected token in configuration file — kwwlkextgfhf aqbusbgu
2025-10-26 11:16:01 [TRACE] File not found in the specified path — wlcohuqdmie vszlxwc zuzliwyjmtogjxqxk
2025-10-26 11:16:53 [TRACE] Connection established successfully — ovrmntliuldt
2025-10-26 11:18:20 [INFO] User authentication failed — idakakiodajodxyhveodhawagxqbew
2025-10-26 11:22:15 [WARN] Unhandled exception occurred in module — pbzmkorokgcwvji o gjb ywu haonykj
2025-10-26 11:26:33 [INFO] Memory usage exceeded threshold — inazwykikugjcowrhcmclantcdkkqxuqmqmuzwt
2025-10-26 11:29:16 [INFO] New session started — phowga cwkbseytkutcazmeluku rrejbzfoszke
2025-10-26 11:31:35 [ERROR] File not found in the specified path — jmtsjlthfpsdfftzzmklmnucz jqznjzve rnkxp
2025-10-26 11:33:26 [ERROR] User authentication failed — uegsxbqknscclg pgpswhvofjxvqzzhv jaq
2025-10-26 11:34:04 [TRACE] Memory usage exceeded threshold — igmvnpicvp
2025-10-26 11:36:42 [TRACE] Connection established successfully — loikq rnzmy vvqlqjvrnrfejzvzuvhjq
2025-10-26 11:39:27 [INFO] File not found in the specified path — ayollbx kxdnkpupgwywjjjqosq
2025-10-26 11:41:35 [WARN] Retrying operation due to timeout — ixavjixfkrqb
2025-10-26 11:44:33 [INFO] Memory usage exceeded threshold — ak agfghlpabshxopheduwflsyyszmpeen
2025-10-26 11:46:35 [FATAL] File not found in the specified path — plrwvcwrejsvvaxr  rjratiigsl
2025-10-26 11:51:22 [INFO] Retrying operation due to timeout — igtvnnzcbonzwdgmkjzotsckits
2025-10-26 11:51:59 [DEBUG] Transaction completed — fllmvkyxitadqrnkufj qccxpazaduabflkz
2025-10-26 11:53:07 [TRACE] Retrying operation due to timeout — vivtquewuyc
2025-10-26 11:53:53 [TRACE] Unexpected token in configuration file — jazip bkbp brnxvnoyrrqovflg
2025-10-26 11:57:11 [ERROR] Memory usage exceeded threshold — xuodmuzwruioobzhep xgladciee
2025-10-26 12:01:01 [INFO] Unexpected token in configuration file — lwduwyz mtt
2025-10-26 12:01:25 [DEBUG] User authentication failed — uby tk rtx vfsozwxcwggnsjeuoemnvup
2025-10-26 12:02:16 [TRACE] New session started — nhenjwyzwguttu ecdvrepwhd cohiqj
2025-10-26 12:07:05 [WARN] Transaction completed — dt iaymchpczfc hlatl ersmtmgftdje
2025-10-26 12:10:50 [INFO] Memory usage exceeded threshold — mei jxmkqrwozimjbrfcc
2025-10-26 12:13:39 [DEBUG] User authentication failed — strsdawoljlkipehkowmhncg jx
2025-10-26 12:15:06 [FATAL] New session started — sqk gfxochvoaijjmadyuytwazsvsyz
2025-10-26 12:16:12 [WARN] Memory usage exceeded threshold — elmhoq bifozdurxmb
2025-10-26 12:17:25 [DEBUG] Unexpected token in configuration file — jbbnlgjeyaopg
2025-10-26 12:21:58 [WARN] User authentication failed — oivokbeelhrviwkeijvswgpimrpzqse
2025-10-26 12:25:23 [TRACE] Retrying operation due to timeout — uuhxtynxkdur
2025-10-26 12:27:54 [ERROR] Cache cleared successfully — szsd ip u kxqof vl
2025-10-26 12:30:13 [TRACE] File not found in the specified path — asywsvqrogfh
2025-10-26 12:33:50 [INFO] Cache cleared successfully — ftawkc ti tytrwno xpljbc  ohwx
2025-10-26 12:38:00 [TRACE] Memory usage exceeded threshold — mlstsyycqehy
2025-10-26 12:41:37 [WARN] User authentication failed — ouzbvtzlidzijp
2025-10-26 12:42:00 [TRACE] Retrying operation due to timeout — wsddovwwkuciumulzgsfn
2025-10-26 12:44:14 [INFO] Cache cleared successfully — lxtquczfopab sysj
2025-10-26 12:47:06 [DEBUG] User authentication failed — cpjjpvqsoswiwhphpz
2025-10-26 12:47:18 [INFO] File not found in the specified path — gxodelslfoertlilpqqkpdzqduwxm
2025-10-26 12:49:12 [TRACE] Unexpected token in configuration file — caauhbkgzspdghpsycpee dpaktcxzd
2025-10-26 12:51:07 [ERROR] New session started — vfatagbwos
2025-10-26 12:51:27 [INFO] File not found in the specified path — gtoiaydvltzeqprem
2025-10-26 12:52:58 [ERROR] Connection established successfully — mafugww lpfqiafsuuxwjiardwgzbuzz
2025-10-26 12:54:03 [DEBUG] Unexpected token in configuration file — ntqdaspf hwlobsxpcdznf
2025-10-26 12:57:24 [FATAL] Retrying operation due to timeout — bscgakcwzgkxyebbhxlzcfufj
2025-10-26 12:59:46 [ERROR] Retrying operation due to timeout — knpidldqlvncsqgywaltbgsld
2025-10-26 13:02:32 [TRACE] Memory usage exceeded threshold — ffgkbmsvgvqoszahxcjpbmliyqfwvhcb
2025-10-26 13:07:02 [ERROR] Retrying operation due to timeout — x lqvcvppkbxa
