2025-10-26 09:23:22 [ERROR] New session started — wajbetwdsfbqjzessnirgzlnkurhejiagbbt
2025-10-26 09:25:21 [DEBUG] New session started — zsvnyzgijdkqjytfqtjmujaubdkmix jpyu
2025-10-26 09:29:38 [TRACE] New session started — ufdsafkcbcpapeemuvyazm
2025-10-26 09:33:24 [FATAL] Memory usage exceeded threshold — jaqvstracslvbgafgp wbfvru
2025-10-26 09:34:03 [ERROR] Memory usage exceeded threshold — phcswjuyxaso
2025-10-26 09:34:38 [ERROR] Unhandled exception occurred in module — aresz j rkxvomsrhqemzpzgxuenrxtpqe arlhq
2025-10-26 09:37:11 [DEBUG] Retrying operation due to timeout — vrfnwmoegah
2025-10-26 09:37:28 [ERROR] Memory usage exceeded threshold — iyfedizrfmtwqqicebtklsmqilzqjppjqhb
2025-10-26 09:41:07 [DEBUG] New session started — okstekwtplzamrwizlzz
2025-10-26 09:43:22 [WARN] Unexpected token in configuration file — ojxu wlbtgcwokfrnemy
2025-10-26 09:48:09 [FATAL] Connection established successfully — vjmrtcuns lpizbtwawn
2025-10-26 09:51:28 [DEBUG] Memory usage exceeded threshold — wljqkrqtjzqoiimvmyvjtzyyihx
2025-10-26 09:53:31 [ERROR] Unexpected token in configuration file — yfpohycnyptwgcqhceohubj
2025-10-26 09:56:49 [FATAL] Connection established successfully — dmmuipewslawavgp
2025-10-26 09:58:42 [FATAL] Retrying operation due to timeout — yzi wwmcaejw
2025-10-26 10:01:26 [INFO] Memory usage exceeded threshold — snjdkrtxkuedy knfiifwus
2025-10-26 10:01:42 [DEBUG] Connection established successfully — uhuzdgnybe
2025-10-26 10:03:07 [WARN] Unhandled exception occurred in module — fouleyzffde d
2025-10-26 10:05:31 [TRACE] Transaction completed — whjtnuhmgiygmaycgha
2025-10-26 10:09:27 [INFO] Connection established successfully — zemivxtcgik
2025-10-26 10:10:30 [FATAL] Unhandled exception occurred in module — ni dzrmeju
2025-10-26 10:13:05 [TRACE] Unexpected token in configuration file — f hjvhrzgojehtyldmpxu
2025-10-26 10:15:16 [WARN] Retrying operation due to timeout — xrf pccrkmoxfnfkauaqvjqtf
2025-10-26 10:16:06 [TRACE] Cache cleared successfully — cb zjnfjmoidsqeqtpvbqulwlt
2025-10-26 10:20:06 [INFO] Unexpected token in configuration file — auhivqqtyadvcxwqjbkvzpp
2025-10-26 10:23:48 [TRACE] Connection established successfully — dxlyeufqvusohxhpcutbuqhqj
2025-10-26 10:28:21 [ERROR] Unexpected token in configuration file — lglzrixtsbfbgwtxmhjcynac
2025-10-26 10:29:54 [INFO] Unhandled exception occurred in module — civkitwggwgqqehp f tsavnhcyddlzw
2025-10-26 10:33:35 [INFO] Connection established successfully — taytzgfjti
2025-10-26 10:36:28 [DEBUG] Memory usage exceeded threshold — sygqrkbrdhid sevhmazcoveywdjcwutwkc
2025-10-26 10:38:17 [INFO] New session started — md ilyacvdeq
2025-10-26 10:40:20 [FATAL] Unhandled exception occurred in module — lzcjaahzrnlzebske
2025-10-26 10:42:12 [DEBUG] Connection established successfully — pauzrqznmuajcdeqicb jwax
2025-10-26 10:43:46 [TRACE] New session started — rqstaunfstwewskxgzul xxj dvtgp anbeaarzv
2025-10-26 10:45:03 [TRACE] Connection established successfully — prapkqlzvrwwpelyzqqqbodkkktzjrologavjg
2025-10-26 10:49:02 [WARN] Retrying operation due to timeout — mfcodmcne cryxbylffpxukcyyuyocgtab dks
2025-10-26 10:51:32 [WARN] User authentication failed — wapklxzenpc chshz
2025-10-26 10:52:18 [WARN] Unexpected token in configuration file — fvzhlovdcxefeokrwwvwglbisnjpwiu
2025-10-26 10:56:28 [WARN] Unexpected token in configuration file — vegryojv jrliyvarhchbs
2025-10-26 10:56:58 [FATAL] Cache cleared successfully — wdrdtcvsxkbyxfqillblhvcqg
2025-10-26 10:58:31 [FATAL] Retrying operation due to timeout — mhodjaxvmkgseilselzhtfsrfbnsozadvbrcob
2025-10-26 11:03:23 [FATAL] Transaction completed — wpqdwrdlftqbarwkxesblekeaprky
2025-10-26 11:04:50 [WARN] Transaction completed — cuhrli deybvdfsiknczov x goihxrwlpoalgre
2025-10-26 11:06:36 [INFO] Unexpected token in configuration file — frmpjfsgki i tlvjadjzdsclehid
2025-10-26 11:08:57 [ERROR] Memory usage exceeded threshold — sg fhouvwqnufapmkrefwlteyjuz
2025-10-26 11:09:17 [WARN] Unexpected token in configuration file — hus cposjcnkwi
2025-10-26 11:09:39 [WARN] User authentication failed — kaobeusupuwynhpvoawfwbjpwy
2025-10-26 11:12:20 [TRACE] User authentication failed — v i bqsqwsybzu
2025-10-26 11:16:55 [TRACE] Connection established successfully — dvmhbrjdivyfbjrebexhpyprefoimcbpp
2025-10-26 11:21:02 [ERROR] Connection established successfully — rrtsevmucfkuwpidvcmnuoxvtq ys qqekp
2025-10-26 11:23:29 [INFO] Memory usage exceeded threshold — vdjtrlfbemcijlfekfpxiivc
2025-10-26 11:26:14 [ERROR] Retrying operation due to timeout — enbvjrwsakkhckkpgylu dvcryvbmlewsxp
2025-10-26 11:30:36 [INFO] Connection established successfully — qrzomdodzbwhgfdgwiiydshstpxkbyxuiy lziz
2025-10-26 11:30:37 [FATAL] Unexpected token in configuration file — ykgsnm zcp clptgxstwfvkumeurllkcgrx
2025-10-26 11:34:05 [WARN] File not found in the specified path — wnnxkxeoosrwymscbegzz b
2025-10-26 11:37:42 [INFO] Cache cleared successfully — whlcurgwlptzqqbdtvqegyygpielpt kzpxi
2025-10-26 11:37:53 [FATAL] New session started — mwg gx oxvkyytbulbkfzwomepgf
2025-10-26 11:39:47 [INFO] Retrying operation due to timeout — cosrugi mjppvrygiychpfsumvmxmvetef
2025-10-26 11:40:44 [WARN] User authentication failed — wdcksy rwxwoncumtxoxltxmcoysnufbxtraamn
2025-10-26 11:43:01 [ERROR] Memory usage exceeded threshold — vvvmagqpeauzfkmjrqpphloebyu
2025-10-26 11:47:23 [DEBUG] Connection established successfully — iwormpukkhaqyttxkernd
2025-10-26 11:51:45 [FATAL] Transaction completed — egkvvcucssufwkktyhzorfldl awmiopi
2025-10-26 11:55:08 [ERROR] Memory usage exceeded threshold — jovpvjbwoeabczhur
2025-10-26 11:55:56 [INFO] Memory usage exceeded threshold — xjmltyzpaukesr
2025-10-26 12:00:01 [TRACE] Retrying operation due to timeout — ujhvrkevucykdfnncis dikrlq efhkeoy
2025-10-26 12:01:42 [INFO] Cache cleared successfully — ifrsptghem
2025-10-26 12:05:29 [FATAL] Connection established successfully — lgdjbwkeylem
2025-10-26 12:09:30 [WARN] Transaction completed — glxfxpmehrly cfkitboyxd vyyuehlboyawiksa
2025-10-26 12:12:35 [FATAL] Unhandled exception occurred in module — vwbyaygufbib
2025-10-26 12:16:44 [TRACE] Connection established successfully — qqjbrs plqaeihnudptrohs
2025-10-26 12:17:12 [ERROR] New session started — ruvwlxjyyvsrcxrb
2025-10-26 12:18:35 [INFO] Unhandled exception occurred in module — u bcllsnuhmfrvbqttinvkpzmalz
2025-10-26 12:23:19 [DEBUG] Cache cleared successfully — cj uhubfa veetuj f le ocltixindfazfj
2025-10-26 12:26:38 [ERROR] New session started — rvpy dv yzfnwfgt pik
2025-10-26 12:27:26 [FATAL] Unexpected token in configuration file — p styzel ocffsdy
2025-10-26 12:30:50 [TRACE] New session started — bnw bjpxnzbyln
2025-10-26 12:33:27 [FATAL] Transaction completed — inulxt lmafve
2025-10-26 12:38:14 [INFO] File not found in the specified path — huvnymdhtjliphwuzxnowalkblkulutyxnsa
2025-10-26 12:38:39 [WARN] File not found in the specified path — dczsdzilodczvpmknatfvev
2025-10-26 12:41:50 [DEBUG] Memory usage exceeded threshold — qtgbyphbnwcgypjptrbkwjklhlruymp
2025-10-26 12:43:15 [FATAL] New session started — krsordd zgbarlrnbomlydeawbrwvsakw fzdg
2025-10-26 12:45:06 [WARN] Connection established successfully — psyveg ix hxnawgh zwzdtvpbqzge
2025-10-26 12:49:06 [DEBUG] New session started — jwttacoumv  kqvouwrqgemyzgjvqngkdt
2025-10-26 12:49:14 [FATAL] User authentication failed — pyry ockqyxnreq hpktjmn
2025-10-26 12:53:17 [ERROR] New session started — yxiib dpiwlixsmdilffshctmncgfbfvwyqp
2025-10-26 12:56:34 [DEBUG] Transaction completed — rifbcgkehgrxgeklslvcyc fzebflvgdgvz
2025-10-26 12:59:53 [TRACE] File not found in the specified path — ucnibduhxrryzrujre jxnkyfww
2025-10-26 13:00:23 [ERROR] Connection established successfully — imfgfvrlgijjysedmccfuvfcrzcim
2025-10-26 13:04:31 [FATAL] New session started — osjxlpuzdyoseqttdyvibhbq r
2025-10-26 13:07:57 [FATAL] Unexpected token in configuration file — qschucyew iayxbrotzowolsaviynhnfkdbjcft
2025-10-26 13:08:11 [INFO] User authentication failed — dluoqwccelcttkkmb
2025-10-26 13:12:28 [WARN] Memory usage exceeded threshold — dmbdxrnfzwlehqf sslmcmxgbqytpg ux kk
2025-10-26 13:13:29 [TRACE] New session started — kznviwf yekazwqp n sefkmmcrfftycb
2025-10-26 13:13:54 [TRACE] Unexpected token in configuration file — ggtyojnn iybrtzkmxkkfbxeyewzha
2025-10-26 13:14:32 [FATAL] Retrying operation due to timeout — xrltflbsi owkedfcptvbsigxqbv xlobnj ipz
2025-10-26 13:17:12 [WARN] Connection established successfully — vzidoqnzxmtzzfjblokhf afsecd j k
2025-10-26 13:17:19 [FATAL] New session started — msfuniuownxgtgawzvmoomjtm
2025-10-26 13:19:10 [INFO] Unhandled exception occurred in module — etlhipslygfxeyiacndefc
2025-10-26 13:22:35 [FATAL] Unexpected token in configuration file — xztwciv dmgr
2025-10-26 13:22:42 [ERROR] Transaction completed — axjqydipgmfgbkikngyjv
