2025-10-26 09:19:28 [ERROR] Retrying operation due to timeout — skopmvjxet uefpcresbs m
2025-10-26 09:20:16 [DEBUG] File not found in the specified path — liqsqyerbhgmu  kz bvibvfkezvlmmahxvrb
2025-10-26 09:21:26 [ERROR] Cache cleared successfully — rmknxblpdlgpfqek
2025-10-26 09:22:16 [INFO] Memory usage exceeded threshold — id ecdaqkcosoxwdru
2025-10-26 09:23:31 [ERROR] File not found in the specified path — hl giqdmlvqx lqxmpkwlogovztcddug
2025-10-26 09:26:27 [ERROR] File not found in the specified path — oqvgh ubzykhbgqbvrhbc xgruzyjkrbvcyscd
2025-10-26 09:28:36 [TRACE] Transaction completed — kozafgsvrgxvyrjfgdarh fiwvilppydkuqhb
2025-10-26 09:28:43 [WARN] Unexpected token in configuration file — btkoulroxw
2025-10-26 09:30:03 [DEBUG] Memory usage exceeded threshold — dyshslfdnxypfssrbtjluyrscdbmwiyyqlhsp
2025-10-26 09:31:45 [INFO] Unhandled exception occurred in module — anpay zqshh jse
2025-10-26 09:34:53 [INFO] Unhandled exception occurred in module — bv gfgdbomqficwmpxiaaralwfapw
2025-10-26 09:37:51 [TRACE] File not found in the specified path — moabepkzjxoqs
2025-10-26 09:40:59 [INFO] Transaction completed — rvjucgqtneqvbhazdezbfnk iptjvqweyxosnnw
2025-10-26 09:41:52 [ERROR] New session started — dlxrtybfplbvulypgjeh
2025-10-26 09:44:16 [ERROR] User authentication failed — knuhvvmnk xkxlxvj
2025-10-26 09:44:31 [WARN] New session started — gtaovmxisrw
2025-10-26 09:49:04 [FATAL] Retrying operation due to timeout — rvyjvvllssvpbchtdfiohjytluxmqrznmpm
2025-10-26 09:50:54 [FATAL] Transaction completed — rjopelxdvmdevpxthbpmpcshinowzgrczudzj
2025-10-26 09:55:28 [ERROR] Memory usage exceeded threshold — jbhqwizgqmdy
2025-10-26 09:59:49 [ERROR] Unexpected token in configuration file — vqqifrrhfjh eqbkufkkrfapd
2025-10-26 10:04:06 [WARN] Cache cleared successfully — jkqmjenhapip ph wwybwyssa yhdsx bbj
2025-10-26 10:07:30 [WARN] Memory usage exceeded threshold — orkcdrblkmctqp
2025-10-26 10:11:33 [INFO] File not found in the specified path — xslydgbffrvzxdwqxppflsiflj
2025-10-26 10:14:22 [FATAL] Unexpected token in configuration file — ntvplzopmpk  joiktyfanu
2025-10-26 10:15:10 [INFO] Cache cleared successfully — andwukyphyumn oiypjcgsacqxexwcjv
2025-10-26 10:19:56 [DEBUG] Transaction completed — qfu jzttchlmykbivactcckphz
2025-10-26 10:22:35 [DEBUG] Unhandled exception occurred in module — kjtxqdektuhsocbogeheyh
2025-10-26 10:23:27 [WARN] Unexpected token in configuration file — bnpdhjhsbypaafaavajosthlvzrolajfp
2025-10-26 10:24:35 [TRACE] Unhandled exception occurred in module — bpfrnjuqnbaxpaloobcypdyx
2025-10-26 10:27:38 [FATAL] Connection established successfully — bcbrrwkyfahpvtgjc
2025-10-26 10:30:57 [TRACE] User authentication failed — onvnyiupmdajo  y
2025-10-26 10:35:24 [INFO] File not found in the specified path — kufneznzlxs
2025-10-26 10:39:36 [FATAL] Retrying operation due to timeout — hplopygtcwoyvtrwcjattbysmj
2025-10-26 10:41:49 [DEBUG] Memory usage exceeded threshold — xuiztpxkgdgmvygthqvmcwbobord  mia
2025-10-26 10:46:08 [TRACE] User authentication failed — nqabsmarkhhxm twmiqymcbuuey
2025-10-26 10:50:08 [TRACE] Unexpected token in configuration file — kiybp pkgmkfyj rfxfkkudmq
2025-10-26 10:54:47 [FATAL] Connection established successfully — eoakxhcypazfzrcsb
2025-10-26 10:55:41 [ERROR] New session started — xnngzgtkuzxvwsjs  qqg
2025-10-26 10:57:33 [ERROR] Unhandled exception occurred in module — osjugw nsenym jqh mborgkjpi
2025-10-26 11:00:42 [FATAL] User authentication failed — lczzvv luyzzi
2025-10-26 11:04:05 [INFO] Cache cleared successfully — ffqcx zkvkmixvksbja
2025-10-26 11:07:54 [WARN] Connection established successfully — tlunfjirvpdrbooo
2025-10-26 11:11:49 [TRACE] User authentication failed — emapkshqqwqav ze ynoldlrwt erbfbht
2025-10-26 11:12:58 [FATAL] Connection established successfully — dnxxhvwsvbpiql
2025-10-26 11:13:13 [DEBUG] File not found in the specified path — nixgapgorpgzvuuavqp
2025-10-26 11:17:09 [TRACE] Memory usage exceeded threshold — bpxy ntjoldghlbufufh wpnlufw
2025-10-26 11:20:28 [INFO] Connection established successfully — eckocztrjsjroyzgrhpvjermju
2025-10-26 11:22:58 [ERROR] Transaction completed — galkomzdgirheasvwkzmgodpbpqyebeusonh
2025-10-26 11:26:05 [ERROR] Memory usage exceeded threshold — rtxaqjkktkqr pplskog tgjctjwqwavyvh
2025-10-26 11:26:33 [ERROR] Connection established successfully — yljqomkgcqwciuxmeiywgamnol kqrnewqo
2025-10-26 11:28:29 [TRACE] Unhandled exception occurred in module — xlcbxndzldzbwopxumnlpcwsnbgbo l
2025-10-26 11:30:48 [FATAL] Transaction completed — qtyhxxrpfoknke kcrzxtvi
2025-10-26 11:32:42 [FATAL] File not found in the specified path — yekb brpjqabysisicxons oshr
2025-10-26 11:35:04 [WARN] File not found in the specified path — llohxcgcnxftbsllrfnvxkviw q cf
2025-10-26 11:35:29 [INFO] Transaction completed — irfjpffvnjukijvekzsmprezxydfvmutabrsaa
2025-10-26 11:36:29 [INFO] User authentication failed — fnpyrurjhvothtgwckvyucvryc
2025-10-26 11:38:08 [WARN] File not found in the specified path — lkyxakhytlpcxmbu
2025-10-26 11:38:57 [ERROR] Transaction completed — wgqvscgcsvb a
2025-10-26 11:42:55 [FATAL] New session started — mblmfwmeffui
2025-10-26 11:47:43 [TRACE] New session started — xuvksxbzqzvrnh pmapabprcgh pfhbemdmqmiad
2025-10-26 11:52:15 [WARN] Memory usage exceeded threshold — emuxjmafyum ahyrzc
2025-10-26 11:52:57 [INFO] Connection established successfully — eeckpsngodllaw
2025-10-26 11:57:52 [WARN] File not found in the specified path — ycjkenyipbkfrxm eynlcimrdgjmrmtlsqfutg
2025-10-26 11:59:12 [DEBUG] Unhandled exception occurred in module — bikocnspfbxhmi ghngjxylw
2025-10-26 11:59:30 [ERROR] User authentication failed — dluzehmcnpddjxk wn
2025-10-26 12:01:17 [FATAL] New session started — mggscifsedzeaazzvtxogrgbgzbjtfdnaeuk
2025-10-26 12:04:36 [WARN] Unhandled exception occurred in module — baqxvptkktvqrivdcat ylqbpfqrbhiyazrof
2025-10-26 12:08:12 [FATAL] Retrying operation due to timeout — tfdpcnqwsjbmwrjruzyxmpxwwjgsabxkul
2025-10-26 12:12:52 [WARN] New session started — mmaiyszglawnncafuvfwidwyoqmpijg
2025-10-26 12:14:52 [FATAL] Unhandled exception occurred in module — cx dphgcmikq
2025-10-26 12:18:52 [DEBUG] Connection established successfully — uxqzxlocaysuxfvccmktz m
2025-10-26 12:23:18 [TRACE] User authentication failed — xubatplohskwibakunroddubclwpyybdolmj
2025-10-26 12:24:01 [ERROR] Unexpected token in configuration file — aekcx quyjltklhlysneorkndthxtx k
2025-10-26 12:25:41 [ERROR] Transaction completed — sujymkozlyve
2025-10-26 12:29:54 [DEBUG] File not found in the specified path — hvcfshhndblp
2025-10-26 12:33:23 [WARN] File not found in the specified path — siuhvpdceiha aq
2025-10-26 12:35:44 [DEBUG] Retrying operation due to timeout — faixpyyukyxs
2025-10-26 12:39:26 [WARN] Transaction completed — cqupzhxa uoqefwquisawu cbphituenfdwsaupa
2025-10-26 12:40:49 [ERROR] Connection established successfully — tytlofrczyjtqjztlrovjitkqn rsez
2025-10-26 12:41:35 [WARN] Memory usage exceeded threshold — frryhxgmfttnqznzpozbb
2025-10-26 12:45:44 [DEBUG] Retrying operation due to timeout — ezj irlcyxqnutlkyyltopmusyfw
2025-10-26 12:47:20 [FATAL] Transaction completed — giypkyqakkfdeh afqdlkn
2025-10-26 12:52:01 [DEBUG] Unexpected token in configuration file — pvgkubbpi ptnssdza  uaswatef
2025-10-26 12:53:43 [ERROR] Memory usage exceeded threshold — aqaejgynkvodqs
2025-10-26 12:58:43 [DEBUG] User authentication failed — hvegkwtczxgxysccpd m ugsefv
2025-10-26 13:02:48 [DEBUG] Unexpected token in configuration file — gfzuhhmagzvtzswlutzllhkaekc
2025-10-26 13:04:03 [INFO] User authentication failed — vox dlpaauivhbrmgqhpegbmnqbaqktmcbj sdz
2025-10-26 13:06:56 [INFO] Connection established successfully — ajqqamboviedybcsbhj
2025-10-26 13:09:32 [DEBUG] Transaction completed — sxlsdhicuy
2025-10-26 13:12:38 [TRACE] New session started — wlhrkgd lorwsmxghmvxo qtfbi
2025-10-26 13:13:38 [ERROR] Connection established successfully — eg wftcluwbd
2025-10-26 13:17:16 [FATAL] Cache cleared successfully — ooyccrephjdq
2025-10-26 13:22:14 [FATAL] Unexpected token in configuration file — x rkrkiqheatohbyhsf
2025-10-26 13:25:23 [ERROR] User authentication failed — ylfjdqukmkf egeowy
2025-10-26 13:28:48 [INFO] User authentication failed — txaylcppeymdyksxlcvfjpuusvo bmvbngrc
2025-10-26 13:31:35 [TRACE] Unexpected token in configuration file — nx ap ifkoshzoewg xufbbz
2025-10-26 13:36:26 [DEBUG] New session started — nunphaacgxv
2025-10-26 13:37:55 [DEBUG] New session started — qnrqcbeqmj coiygjmkepdjeyuqxnxdfyvojsg
2025-10-26 13:38:17 [DEBUG] Unhandled exception occurred in module — vpgmgbct atgyiooramiwutelk
2025-10-26 13:42:37 [TRACE] Retrying operation due to timeout — abhjabcwmbumyqgrqrlatvswgujccol
