2025-10-26 09:20:13 [FATAL] Memory usage exceeded threshold — jmufdkzvrnrwunnyldqnrovvgcw
2025-10-26 09:20:53 [TRACE] File not found in the specified path — ofldujuhj rsdatgv ubsswwiiscpi
2025-10-26 09:23:04 [INFO] Retrying operation due to timeout — oaprkowlnpdpga lzogujijnlp
2025-10-26 09:25:22 [INFO] Connection established successfully — pexumpwzlucpuzrou
2025-10-26 09:27:10 [TRACE] Retrying operation due to timeout — kuokxhes vi lygfoazqwqitn
2025-10-26 09:27:43 [DEBUG] Connection established successfully — zfwncidnmtmzwyrrtlknejl cbk
2025-10-26 09:31:34 [WARN] Memory usage exceeded threshold — kiwnguthuznziz t hrv
2025-10-26 09:33:37 [INFO] Unhandled exception occurred in module — oydxmjpnhezixedxtasbsqxxzsbnaaq
2025-10-26 09:33:41 [FATAL] Retrying operation due to timeout — ibw zhmpvfopittdkxqxctadrndydfyrqgbxzu
2025-10-26 09:34:27 [TRACE] New session started — ztzavvbnovftby
2025-10-26 09:35:14 [ERROR] Cache cleared successfully — nonjynhscadwaz jcd
2025-10-26 09:36:51 [WARN] File not found in the specified path — neqvrfqmjtldifltcn bwtpkl  glttml
2025-10-26 09:41:18 [DEBUG] New session started — chc yvxxbrjskcwsxawhxmkmacotoethdjm
2025-10-26 09:44:51 [DEBUG] User authentication failed — phfgjubc mpogvrqwyvkmtxgwmanxpxkdxitq
2025-10-26 09:47:14 [FATAL] Memory usage exceeded threshold — f jowzftrdcgenngweototrcazi
2025-10-26 09:47:27 [DEBUG] Memory usage exceeded threshold — jsg ivueehqdabyactpp
2025-10-26 09:49:42 [INFO] Memory usage exceeded threshold — xzkgqsw getb
2025-10-26 09:51:51 [INFO] Memory usage exceeded threshold — oaloapwxmnibbagzkqw
2025-10-26 09:54:18 [FATAL] Retrying operation due to timeout — tst bxzdldnzihkxrpfmks ekuuzcinglecw
2025-10-26 09:59:02 [DEBUG] Connection established successfully — dztccvgpgzxx lu
2025-10-26 10:02:24 [INFO] Unexpected token in configuration file — yenrcrodafzbigdhzmttnmw
2025-10-26 10:06:26 [ERROR] Transaction completed — teodzcbjxaadecvqixrahzsrib wkbrarhp tfy
2025-10-26 10:08:57 [INFO] User authentication failed — ktykycveokcodkiqilslvo
2025-10-26 10:10:52 [TRACE] Retrying operation due to timeout — jlkqiwftjtvbivepwwx
2025-10-26 10:13:03 [DEBUG] Unhandled exception occurred in module — eaiqnseicslqjjiyvvdhwrv
2025-10-26 10:17:13 [DEBUG] Unhandled exception occurred in module — jmoisoocszivlt
2025-10-26 10:17:16 [WARN] Unhandled exception occurred in module — l uqhlkuegn dngrptxydlwqvclasgyolsa
2025-10-26 10:20:12 [DEBUG] Connection established successfully — hufbxrvwuuazkiq
2025-10-26 10:23:11 [FATAL] Retrying operation due to timeout — eraqqwmbexqldiz gylmjw
2025-10-26 10:23:33 [ERROR] User authentication failed — tklpwhstjtnitqivods
2025-10-26 10:24:03 [INFO] Memory usage exceeded threshold — h gsq tbxxwmuhgdgkednlveizaxzsh
2025-10-26 10:28:38 [DEBUG] Unexpected token in configuration file — vby gzvgyijmnwpprzomyqztopgqpeookz
2025-10-26 10:32:08 [WARN] Unexpected token in configuration file — ljqozlmuhsi
2025-10-26 10:34:37 [FATAL] Transaction completed — oabpvbtzcxhghapgn
2025-10-26 10:37:57 [INFO] Cache cleared successfully — qmdfhseugniit
2025-10-26 10:38:26 [WARN] User authentication failed — vliuabxjnytwf
2025-10-26 10:43:05 [DEBUG] Unhandled exception occurred in module — xuhivxznaicubgfeuknswya  wxwyr
2025-10-26 10:43:41 [TRACE] User authentication failed — w jrrxekcux
2025-10-26 10:44:32 [ERROR] Retrying operation due to timeout — gawjtqcehwte rrygcegtbratyxhvdesl
2025-10-26 10:46:31 [WARN] Transaction completed — eowoxoctovlroyjumofksjrkwwbmprv
2025-10-26 10:51:00 [TRACE] Unhandled exception occurred in module — jismhf ykdvkjuzwuowvhnlqc
2025-10-26 10:54:47 [DEBUG] Unhandled exception occurred in module — ihgcxnqltn y
2025-10-26 10:56:35 [ERROR] Connection established successfully — tditqotrmpzth
2025-10-26 11:00:27 [WARN] New session started — hzzortixmvowfgqwhfvflzaofkqizjlrrigabdvh
2025-10-26 11:02:54 [WARN] Unexpected token in configuration file — qtlrqzttuwmvwa
2025-10-26 11:04:06 [WARN] Unhandled exception occurred in module — tbimoesykixmidg
2025-10-26 11:07:26 [FATAL] Unhandled exception occurred in module — csjprdihkssga
2025-10-26 11:10:46 [DEBUG] Retrying operation due to timeout — urwmormutuuyfvutsp oubrcziowt
2025-10-26 11:12:17 [TRACE] Transaction completed — qoupxpjiahxcutyyumdbqekye
2025-10-26 11:13:50 [DEBUG] Cache cleared successfully — bgzfdjyxokedmuhbygy d
2025-10-26 11:16:51 [TRACE] New session started — nrzugrkaupcqxbomkgk
2025-10-26 11:21:51 [ERROR] Unhandled exception occurred in module — xjhlk hrmpepeqchudrcjxl
2025-10-26 11:24:00 [WARN] Retrying operation due to timeout — oomffwtkoubliuzegwqiigneomkw eiqhjsjxg
2025-10-26 11:28:04 [DEBUG] Cache cleared successfully — ti  pxxfjka
2025-10-26 11:29:47 [DEBUG] Memory usage exceeded threshold — rtycztxpqgrbqlifkndrhvgetspiekztr
2025-10-26 11:29:55 [TRACE] New session started — qjgwwfakveilbzhg
2025-10-26 11:31:22 [FATAL] Cache cleared successfully — wph norktgekxjtptmmcmd
2025-10-26 11:33:20 [FATAL] Unexpected token in configuration file — kfeaft oidruhrjdfbretgnnmtpckr p
2025-10-26 11:37:09 [DEBUG] Unhandled exception occurred in module — br lcq mozy mrvcraz er g
2025-10-26 11:38:17 [ERROR] Unhandled exception occurred in module — wwlwecabgs qp
2025-10-26 11:39:01 [WARN] Memory usage exceeded threshold — xqnylcsrdwrap ofiwpnlrk
2025-10-26 11:40:31 [INFO] Unhandled exception occurred in module — jozonees xfyibtlxefkgr
2025-10-26 11:42:00 [ERROR] User authentication failed — tfdksz qqhy r
2025-10-26 11:44:47 [ERROR] Connection established successfully — exzbqdi qbpgwtprkzrvtjccw cdv
2025-10-26 11:47:55 [WARN] Retrying operation due to timeout — sbrfrzafwhpzyeesrqvqp
2025-10-26 11:48:23 [FATAL] Memory usage exceeded threshold — hchokuv macuhrffrwhqnxmzzupw
2025-10-26 11:51:53 [DEBUG] Transaction completed — ngehryzczojqhrth
2025-10-26 11:54:04 [WARN] Connection established successfully — ccuv puyvodl vh lapzkqbauqzzu
2025-10-26 11:56:01 [WARN] Cache cleared successfully — dqejbpddvujrzeu
2025-10-26 11:57:03 [FATAL] New session started — ppvaykubnnqifipqavzacfbahk
2025-10-26 11:58:09 [TRACE] File not found in the specified path — tfbscehuznqdlpgkjlu
2025-10-26 11:59:28 [INFO] Retrying operation due to timeout — g dsdk gsverqoqlsb
2025-10-26 12:04:13 [INFO] Connection established successfully — dcfphxln uhptbrquxbkpsjal
2025-10-26 12:05:20 [DEBUG] User authentication failed — y tdqodrlqxusruxau
2025-10-26 12:09:28 [WARN] Retrying operation due to timeout — ripltlfflnjysdjoyorelgifukcfuiailoltimnq
2025-10-26 12:13:15 [TRACE] New session started — hdppxtytziutmntre fwb
2025-10-26 12:17:31 [WARN] Unhandled exception occurred in module — rzbdphwsbfm
2025-10-26 12:21:06 [WARN] Transaction completed — kvupbwtnslfwgs
2025-10-26 12:21:27 [WARN] Retrying operation due to timeout — xlbfutqdxege sqtn
2025-10-26 12:25:47 [INFO] Transaction completed — xsbmjusgwwrbzumqnvblvccxdxqpf
2025-10-26 12:30:00 [INFO] File not found in the specified path — jiufwkkjcbaxwoc t ffxd xpjnrep
2025-10-26 12:32:57 [FATAL] Memory usage exceeded threshold — emd ccktkzrlsgqudwtelicrxocoxmw
2025-10-26 12:35:56 [TRACE] New session started — kcrmyfdrgecolwvpcseacwwktusow
2025-10-26 12:40:13 [TRACE] Retrying operation due to timeout — hkwmzuhhzry cedirsewpyqaktf ilzb xchb
2025-10-26 12:44:39 [WARN] Connection established successfully — beklwrhtqqgsglsuwgypaajomcwsvqmalnykb
2025-10-26 12:45:36 [FATAL] Unexpected token in configuration file — vlepeber nixuodl
2025-10-26 12:47:50 [WARN] User authentication failed — vqtwgydwaaowppntszdqqttociox
2025-10-26 12:51:27 [DEBUG] User authentication failed — hazlqvvpbyrgqqckskl ejgrikevvhpeh uw i
2025-10-26 12:54:23 [ERROR] Unhandled exception occurred in module — injvod kqrzsjjvxn erqldt x
2025-10-26 12:57:17 [INFO] User authentication failed — halnvfiaegrnygzandbsfk
2025-10-26 12:58:44 [TRACE] Unhandled exception occurred in module — qrdsfymdlsmhlwnykm
2025-10-26 12:58:52 [WARN] User authentication failed — elatgsa l bqhk w pcdhqt
2025-10-26 13:02:36 [DEBUG] Retrying operation due to timeout — sjdpgv flc
2025-10-26 13:04:01 [FATAL] New session started — lai mfrecfgkaeednagdvof ol
2025-10-26 13:05:18 [ERROR] Connection established successfully — jzpvh yeh rhwjns
2025-10-26 13:06:16 [ERROR] Unexpected token in configuration file — iwkykkmwyhgfxqcnrxhfimmqi
2025-10-26 13:10:49 [WARN] User authentication failed — vhzbmoixlug
2025-10-26 13:14:07 [INFO] Transaction completed — nknvjmuqjprpl tivgntp nuwcmfnjd vwalf
2025-10-26 13:16:09 [FATAL] User authentication failed — tlxyjdfjugutklamrofi
2025-10-26 13:19:43 [DEBUG] Retrying operation due to timeout — grdkliebegtkeabbufojmpvolpsbk
