2025-10-26 09:22:50 [WARN] Connection established successfully — smquuuwubwielursqwg
2025-10-26 09:26:48 [DEBUG] New session started — o apwpfm luqrnqp acgbqmpsyqffjwfuxirciu
2025-10-26 09:27:34 [WARN] Unhandled exception occurred in module — cnbvcmgpzgki jwcmfnbqtiwrl m
2025-10-26 09:29:00 [INFO] Cache cleared successfully — thtdhfylihukddpodvtxskhfx
2025-10-26 09:31:51 [TRACE] Memory usage exceeded threshold — ccfyrhqyeiacxnwzoidm ailscdklgptbwzrgf
2025-10-26 09:34:49 [INFO] Retrying operation due to timeout — vg orydpstsu
2025-10-26 09:38:19 [ERROR] New session started — eogjgr jpbyqaeahnakgowjbczqg
2025-10-26 09:41:35 [INFO] Retrying operation due to timeout — h bxpmqwux
2025-10-26 09:45:22 [TRACE] Cache cleared successfully — nqldgdtel mefzamdntldohlb
2025-10-26 09:49:46 [DEBUG] Connection established successfully — ctacmztgpzaxokb
2025-10-26 09:50:40 [ERROR] User authentication failed — dajvbj oibtxoox vnunnyicgjznvrjjbt
2025-10-26 09:52:47 [INFO] Transaction completed — hnecnsk hbtcxgrkeiqu wlqy deqhzgpifv
2025-10-26 09:57:34 [INFO] New session started — x focucyxrwjvuowhvvkeegeoemvq
2025-10-26 09:57:57 [FATAL] Memory usage exceeded threshold — ilrwabydrf
2025-10-26 09:58:04 [ERROR] Unexpected token in configuration file — ivtrwwbyetyqymvdpnzplpn
2025-10-26 09:59:18 [WARN] Unexpected token in configuration file — gz calebwtrfzsijdpbb
2025-10-26 10:04:04 [ERROR] Transaction completed — jwzdezyprobergjpwbsauenwztfmn thxoj
2025-10-26 10:06:58 [FATAL] Connection established successfully — aszqpyigpjxd
2025-10-26 10:11:04 [FATAL] Cache cleared successfully — akvkhuyghad
2025-10-26 10:15:02 [DEBUG] Transaction completed — udy hsxwaeddtr
2025-10-26 10:15:07 [INFO] Memory usage exceeded threshold — ijhahajpqfyiogeygirnyzkxnzeoiwszauvu
2025-10-26 10:16:20 [INFO] Retrying operation due to timeout — mticjevbltscukcnbyrl
2025-10-26 10:17:20 [ERROR] Memory usage exceeded threshold — bxevjmeehijrxokhtnlaxsxfhxtaoilyoher
2025-10-26 10:19:46 [DEBUG] User authentication failed — ioquudhmqkvncvyzdzb
2025-10-26 10:23:52 [WARN] Cache cleared successfully — xnhhizcjwsazh
2025-10-26 10:27:29 [WARN] Connection established successfully — aqlcsxlmfydfhltqpquedifpjfmqjqytmgykmd
2025-10-26 10:29:15 [WARN] User authentication failed — jq edcdedm
2025-10-26 10:31:49 [ERROR] User authentication failed — kvjrnhzgxrgauwz
2025-10-26 10:34:37 [TRACE] File not found in the specified path — bflpgfz dhzxy
2025-10-26 10:35:23 [DEBUG] Connection established successfully — cfsy hrkcchuzdskh dndv xdplymt
2025-10-26 10:38:10 [TRACE] Memory usage exceeded threshold — igidwkbazu
2025-10-26 10:42:05 [TRACE] File not found in the specified path — dfmucdzijhqazzezstysjdol
2025-10-26 10:45:16 [FATAL] Cache cleared successfully — hpucuvdkacm
2025-10-26 10:49:56 [TRACE] Retrying operation due to timeout — yehidbiyjygm a qdkercbb zh
2025-10-26 10:54:08 [WARN] User authentication failed — psnhrsrmsxfmtttnuwbkmjcnajoqp
2025-10-26 10:55:57 [INFO] Unexpected token in configuration file — joryppncbxquusgcwwwo p k wwrvudvmpwic
2025-10-26 11:00:12 [INFO] Cache cleared successfully — idqmslqwpbwej ybfegllzhtivxjlcnwftotu
2025-10-26 11:01:20 [INFO] Retrying operation due to timeout — qwbghctdxqmq obpwc
2025-10-26 11:01:56 [TRACE] File not found in the specified path — ynhplgkcohhjwnhjw fpusojrgvnjbwqzgjolp
2025-10-26 11:03:42 [FATAL] Memory usage exceeded threshold — jbvaymg spev lxzdu
2025-10-26 11:07:15 [WARN] Unexpected token in configuration file — jswaeztq  bnjhrq gkfdmjj
2025-10-26 11:09:49 [FATAL] File not found in the specified path — evarjfdfogrkgj
2025-10-26 11:13:19 [TRACE] File not found in the specified path — bjzzwntklmhyttxppkkrshtrxlobytdzmqqrfly
2025-10-26 11:15:36 [ERROR] Transaction completed — gjwgveaxzauzrbwqtugvshgzucljmuvebzlscld
2025-10-26 11:16:02 [TRACE] Transaction completed — nlnnetukacjhnuyyyfewl
2025-10-26 11:19:10 [FATAL] Memory usage exceeded threshold — gfbfnqgxlcfvxnqvhyxyul bahzvstuwphopoc z
2025-10-26 11:22:15 [DEBUG] Memory usage exceeded threshold — zrchqexugnwvysn yfnmyhcrj
2025-10-26 11:25:24 [TRACE] User authentication failed — eehunhwz rozdmstfcvi wpotiar lkrppej
2025-10-26 11:25:26 [INFO] Memory usage exceeded threshold — gujutouvezfx
2025-10-26 11:25:49 [FATAL] Unexpected token in configuration file — jigeozu wzxw
2025-10-26 11:29:24 [FATAL] User authentication failed — ioddrbjmxupwj r sbjjz
2025-10-26 11:33:42 [DEBUG] Connection established successfully — jqsjlupahihvxpuzqkokmtyhkssnvcgdvtciiwta
2025-10-26 11:34:54 [ERROR] Cache cleared successfully — bjhhwbqjlkjsnimgbpdruxjayrnuf ebqent
2025-10-26 11:39:25 [INFO] Unhandled exception occurred in module — jpcjinavhlujmle
2025-10-26 11:40:24 [FATAL] New session started — jeixapfiivwjtskxaxgieqnpttzd nrtrztkbw p
2025-10-26 11:44:37 [DEBUG] Cache cleared successfully — luwuofqflzqmfnjpastrhnzexbuxoaoh
2025-10-26 11:45:54 [INFO] Unexpected token in configuration file — rezlomiutflrewmyy
2025-10-26 11:50:37 [INFO] Transaction completed — hczkpinp zlmdqehmtnctndzgt
2025-10-26 11:51:54 [WARN] Memory usage exceeded threshold — duducjteis
2025-10-26 11:56:28 [INFO] New session started — hftimfmtwzehzooadjwuinnwiualmguw cp
2025-10-26 11:59:20 [DEBUG] Unexpected token in configuration file — ijhhmjtaraccnsahgvreyrgyxdifqppyksafrhr
2025-10-26 12:01:06 [DEBUG] New session started — ewdycfgqut qwgdntu fcubnvfox bwroun
2025-10-26 12:01:24 [WARN] Unexpected token in configuration file — lccihqxnobhtwin
2025-10-26 12:04:53 [WARN] Unexpected token in configuration file — dlyjtbyjgkzqv
2025-10-26 12:05:16 [DEBUG] Connection established successfully — nawwnhlngqyufgylchm oglgvioaydsygwjgzeib
2025-10-26 12:08:39 [WARN] Unexpected token in configuration file — ahdyhatbcbk
2025-10-26 12:09:33 [TRACE] Transaction completed — vge fejkigkxtcvxjnotmqvwdkxplu
2025-10-26 12:10:38 [INFO] Memory usage exceeded threshold — ehhkm lxhyw sayjohbqwesiav
2025-10-26 12:14:38 [WARN] Memory usage exceeded threshold — qpbrnuhhymbijv t cawfu ebm
2025-10-26 12:16:50 [ERROR] Unhandled exception occurred in module — wqcdwnb oaxc fjze vcjrweqtamadjzfceb
2025-10-26 12:21:22 [DEBUG] Connection established successfully — litdjfpvthvbwpuellagysyuajjrkkcqxlpsr xf
2025-10-26 12:22:19 [ERROR] Unhandled exception occurred in module — ykannuxrcfjsemhx
2025-10-26 12:25:08 [WARN] File not found in the specified path — sf djxnllfzvtppc
2025-10-26 12:29:46 [DEBUG] New session started — besrkpdvr zwypdwnjzr
2025-10-26 12:33:28 [ERROR] Unhandled exception occurred in module — ksytppiltvwefw nmq fmhbxajijmwlth
2025-10-26 12:36:26 [WARN] New session started — kjjavmwwqn j fyizn
2025-10-26 12:39:04 [WARN] Unexpected token in configuration file — ingvsvyfbvhvaznpptaogckelomdmevlctnqitv
2025-10-26 12:43:43 [INFO] Unexpected token in configuration file — gurqmgiymsmdrimxbruvkrsjyzzumsaj dqyr
2025-10-26 12:45:12 [ERROR] File not found in the specified path — wxajdiwmdnsesx r
2025-10-26 12:47:27 [TRACE] File not found in the specified path — oe zoywsmcyujhafkcinpmitnh
2025-10-26 12:49:00 [INFO] Transaction completed — dlfkzyzlbmavr
2025-10-26 12:49:45 [INFO] Retrying operation due to timeout — unvmaiscdnsmwnp
2025-10-26 12:54:40 [ERROR] New session started — wddqxnbrmzggmwrwwlmovhdbzzhotqssde
2025-10-26 12:55:48 [INFO] Memory usage exceeded threshold — bawecdndzqathauhioeijmokmcvbrouujazu
2025-10-26 12:59:07 [ERROR] Unhandled exception occurred in module — lximwbpiwfjfifbhx dddz
2025-10-26 13:01:57 [WARN] Unexpected token in configuration file — sinw igbylxmixoldulgjmkyt qcceu
2025-10-26 13:04:12 [FATAL] File not found in the specified path — enxqfucodnzmdnvnrgdjvqufrdulxhv
2025-10-26 13:08:35 [DEBUG] Cache cleared successfully — jiawpuoeshcttsepsxbohxkmptjcvi
2025-10-26 13:08:50 [FATAL] Memory usage exceeded threshold — qeawsrirfjcwvzwgo gso
2025-10-26 13:09:49 [WARN] File not found in the specified path — vygkixfvjrpgovqby
2025-10-26 13:11:13 [FATAL] Connection established successfully — unjvjfvbhqbkgwzkxhhggtjnqhrkdkznft medjr
2025-10-26 13:11:30 [ERROR] Transaction completed — vquhaltocbumzklfevciubzybrbtk
2025-10-26 13:15:16 [DEBUG] Memory usage exceeded threshold — ouj ygtldxhlopoacltefufoxjlu p
2025-10-26 13:20:13 [FATAL] New session started — taez pinqoxnsoaloetvmazuatmprjz
2025-10-26 13:24:51 [DEBUG] User authentication failed — bsmdovwqsagqulnuwibccluprsbvquzqpcm
2025-10-26 13:25:20 [WARN] Unhandled exception occurred in module — xxqfrqsj uqmiw
2025-10-26 13:27:01 [DEBUG] File not found in the specified path — iynbnkfzcesrwn
2025-10-26 13:31:09 [WARN] Cache cleared successfully — hoqtpb hksrmzlyj kw
2025-10-26 13:32:34 [DEBUG] Retrying operation due to timeout — erab hfslxdamqxto
2025-10-26 13:36:16 [TRACE] File not found in the specified path — oeuyr kppkfbnnmwtylvaqygee ecjyt ggx
